{"C:\\Users\\Admin\\Documents\\DRIPS\\CurrentDao-contracts\\contracts\\acl\\AccessControlList.ts": {"path":"C:\\Users\\Admin\\Documents\\DRIPS\\CurrentDao-contracts\\contracts\\acl\\AccessControlList.ts","statementMap":{"0":{"start":{"line":1,"column":0},"end":{"line":1,"column":null}},"1":{"start":{"line":30,"column":0},"end":{"line":30,"column":59}},"2":{"start":{"line":31,"column":0},"end":{"line":31,"column":44}},"3":{"start":{"line":32,"column":0},"end":{"line":32,"column":68}},"4":{"start":{"line":33,"column":0},"end":{"line":33,"column":50}},"5":{"start":{"line":55,"column":53},"end":{"line":66,"column":2}},"6":{"start":{"line":73,"column":5},"end":{"line":98,"column":2}},"7":{"start":{"line":101,"column":33},"end":{"line":101,"column":50}},"8":{"start":{"line":102,"column":39},"end":{"line":102,"column":62}},"9":{"start":{"line":105,"column":49},"end":{"line":105,"column":51}},"10":{"start":{"line":106,"column":61},"end":{"line":106,"column":63}},"11":{"start":{"line":108,"column":43},"end":{"line":111,"column":4}},"12":{"start":{"line":114,"column":4},"end":{"line":119,"column":6}},"13":{"start":{"line":120,"column":4},"end":{"line":120,"column":53}},"14":{"start":{"line":121,"column":4},"end":{"line":121,"column":71}},"15":{"start":{"line":123,"column":4},"end":{"line":123,"column":66}},"16":{"start":{"line":124,"column":4},"end":{"line":124,"column":60}},"17":{"start":{"line":128,"column":24},"end":{"line":128,"column":91}},"18":{"start":{"line":129,"column":29},"end":{"line":129,"column":82}},"19":{"start":{"line":130,"column":32},"end":{"line":130,"column":106}},"20":{"start":{"line":131,"column":29},"end":{"line":132,"column":null}},"21":{"start":{"line":132,"column":18},"end":{"line":132,"column":120}},"22":{"start":{"line":132,"column":91},"end":{"line":132,"column":119}},"23":{"start":{"line":134,"column":25},"end":{"line":134,"column":80}},"24":{"start":{"line":135,"column":26},"end":{"line":141,"column":75}},"25":{"start":{"line":136,"column":23},"end":{"line":139,"column":8}},"26":{"start":{"line":140,"column":106},"end":{"line":140,"column":130}},"27":{"start":{"line":141,"column":24},"end":{"line":141,"column":74}},"28":{"start":{"line":142,"column":35},"end":{"line":145,"column":null}},"29":{"start":{"line":148,"column":27},"end":{"line":148,"column":160}},"30":{"start":{"line":149,"column":35},"end":{"line":149,"column":87}},"31":{"start":{"line":150,"column":24},"end":{"line":156,"column":6}},"32":{"start":{"line":159,"column":4},"end":{"line":177,"column":5}},"33":{"start":{"line":160,"column":6},"end":{"line":160,"column":87}},"34":{"start":{"line":161,"column":11},"end":{"line":177,"column":5}},"35":{"start":{"line":162,"column":6},"end":{"line":162,"column":84}},"36":{"start":{"line":163,"column":11},"end":{"line":177,"column":5}},"37":{"start":{"line":163,"column":49},"end":{"line":163,"column":83}},"38":{"start":{"line":164,"column":6},"end":{"line":164,"column":82}},"39":{"start":{"line":165,"column":11},"end":{"line":177,"column":5}},"40":{"start":{"line":165,"column":59},"end":{"line":165,"column":98}},"41":{"start":{"line":166,"column":6},"end":{"line":166,"column":82}},"42":{"start":{"line":167,"column":11},"end":{"line":177,"column":5}},"43":{"start":{"line":167,"column":49},"end":{"line":167,"column":84}},"44":{"start":{"line":167,"column":133},"end":{"line":167,"column":173}},"45":{"start":{"line":168,"column":6},"end":{"line":174,"column":8}},"46":{"start":{"line":171,"column":55},"end":{"line":171,"column":68}},"47":{"start":{"line":171,"column":107},"end":{"line":171,"column":125}},"48":{"start":{"line":176,"column":6},"end":{"line":176,"column":82}},"49":{"start":{"line":179,"column":4},"end":{"line":179,"column":71}},"50":{"start":{"line":180,"column":4},"end":{"line":180,"column":46}},"51":{"start":{"line":181,"column":4},"end":{"line":199,"column":6}},"52":{"start":{"line":201,"column":4},"end":{"line":201,"column":20}},"53":{"start":{"line":205,"column":23},"end":{"line":205,"column":93}},"54":{"start":{"line":206,"column":4},"end":{"line":213,"column":6}},"55":{"start":{"line":214,"column":4},"end":{"line":214,"column":52}},"56":{"start":{"line":218,"column":20},"end":{"line":218,"column":64}},"57":{"start":{"line":219,"column":4},"end":{"line":226,"column":6}},"58":{"start":{"line":227,"column":4},"end":{"line":229,"column":5}},"59":{"start":{"line":228,"column":6},"end":{"line":228,"column":50}},"60":{"start":{"line":233,"column":23},"end":{"line":233,"column":78}},"61":{"start":{"line":234,"column":4},"end":{"line":241,"column":6}},"62":{"start":{"line":242,"column":4},"end":{"line":242,"column":22}},"63":{"start":{"line":253,"column":21},"end":{"line":253,"column":119}},"64":{"start":{"line":254,"column":4},"end":{"line":261,"column":6}},"65":{"start":{"line":262,"column":4},"end":{"line":262,"column":20}},"66":{"start":{"line":266,"column":21},"end":{"line":266,"column":79}},"67":{"start":{"line":267,"column":23},"end":{"line":270,"column":null}},"68":{"start":{"line":273,"column":4},"end":{"line":275,"column":5}},"69":{"start":{"line":274,"column":6},"end":{"line":274,"column":55}},"70":{"start":{"line":277,"column":4},"end":{"line":277,"column":48}},"71":{"start":{"line":278,"column":21},"end":{"line":278,"column":61}},"72":{"start":{"line":279,"column":4},"end":{"line":286,"column":6}},"73":{"start":{"line":287,"column":4},"end":{"line":287,"column":56}},"74":{"start":{"line":291,"column":4},"end":{"line":293,"column":71}},"75":{"start":{"line":292,"column":25},"end":{"line":292,"column":89}},"76":{"start":{"line":293,"column":23},"end":{"line":293,"column":68}},"77":{"start":{"line":297,"column":4},"end":{"line":304,"column":5}},"78":{"start":{"line":298,"column":6},"end":{"line":303,"column":8}},"79":{"start":{"line":306,"column":18},"end":{"line":306,"column":92}},"80":{"start":{"line":306,"column":65},"end":{"line":306,"column":88}},"81":{"start":{"line":307,"column":17},"end":{"line":307,"column":100}},"82":{"start":{"line":307,"column":64},"end":{"line":307,"column":96}},"83":{"start":{"line":309,"column":4},"end":{"line":314,"column":6}},"84":{"start":{"line":318,"column":17},"end":{"line":318,"column":86}},"85":{"start":{"line":319,"column":4},"end":{"line":326,"column":6}},"86":{"start":{"line":327,"column":4},"end":{"line":327,"column":16}},"87":{"start":{"line":331,"column":17},"end":{"line":331,"column":53}},"88":{"start":{"line":332,"column":4},"end":{"line":339,"column":6}},"89":{"start":{"line":340,"column":4},"end":{"line":340,"column":16}},"90":{"start":{"line":344,"column":17},"end":{"line":344,"column":91}},"91":{"start":{"line":345,"column":4},"end":{"line":352,"column":6}},"92":{"start":{"line":353,"column":4},"end":{"line":353,"column":16}},"93":{"start":{"line":364,"column":18},"end":{"line":364,"column":119}},"94":{"start":{"line":365,"column":4},"end":{"line":372,"column":6}},"95":{"start":{"line":376,"column":20},"end":{"line":376,"column":88}},"96":{"start":{"line":377,"column":4},"end":{"line":384,"column":6}},"97":{"start":{"line":388,"column":24},"end":{"line":388,"column":104}},"98":{"start":{"line":389,"column":4},"end":{"line":398,"column":6}},"99":{"start":{"line":390,"column":6},"end":{"line":396,"column":null}},"100":{"start":{"line":399,"column":4},"end":{"line":399,"column":23}},"101":{"start":{"line":408,"column":21},"end":{"line":408,"column":80}},"102":{"start":{"line":409,"column":4},"end":{"line":416,"column":6}},"103":{"start":{"line":417,"column":4},"end":{"line":417,"column":20}},"104":{"start":{"line":426,"column":4},"end":{"line":426,"column":89}},"105":{"start":{"line":430,"column":4},"end":{"line":434,"column":6}},"106":{"start":{"line":438,"column":4},"end":{"line":440,"column":5}},"107":{"start":{"line":439,"column":6},"end":{"line":439,"column":47}},"108":{"start":{"line":442,"column":24},"end":{"line":444,"column":17}},"109":{"start":{"line":446,"column":4},"end":{"line":493,"column":5}},"110":{"start":{"line":448,"column":8},"end":{"line":454,"column":10}},"111":{"start":{"line":455,"column":8},"end":{"line":455,"column":14}},"112":{"start":{"line":457,"column":8},"end":{"line":463,"column":10}},"113":{"start":{"line":464,"column":8},"end":{"line":464,"column":14}},"114":{"start":{"line":466,"column":8},"end":{"line":468,"column":9}},"115":{"start":{"line":467,"column":10},"end":{"line":467,"column":58}},"116":{"start":{"line":469,"column":8},"end":{"line":471,"column":9}},"117":{"start":{"line":470,"column":10},"end":{"line":470,"column":64}},"118":{"start":{"line":472,"column":8},"end":{"line":472,"column":14}},"119":{"start":{"line":474,"column":8},"end":{"line":476,"column":9}},"120":{"start":{"line":475,"column":10},"end":{"line":475,"column":58}},"121":{"start":{"line":477,"column":8},"end":{"line":477,"column":141}},"122":{"start":{"line":477,"column":109},"end":{"line":477,"column":139}},"123":{"start":{"line":478,"column":8},"end":{"line":478,"column":14}},"124":{"start":{"line":480,"column":8},"end":{"line":482,"column":9}},"125":{"start":{"line":481,"column":10},"end":{"line":481,"column":55}},"126":{"start":{"line":483,"column":8},"end":{"line":483,"column":86}},"127":{"start":{"line":484,"column":8},"end":{"line":484,"column":14}},"128":{"start":{"line":486,"column":8},"end":{"line":488,"column":9}},"129":{"start":{"line":487,"column":10},"end":{"line":487,"column":55}},"130":{"start":{"line":489,"column":8},"end":{"line":489,"column":86}},"131":{"start":{"line":490,"column":8},"end":{"line":490,"column":14}},"132":{"start":{"line":492,"column":8},"end":{"line":492,"column":56}},"133":{"start":{"line":495,"column":4},"end":{"line":502,"column":6}},"134":{"start":{"line":503,"column":4},"end":{"line":503,"column":130}},"135":{"start":{"line":504,"column":4},"end":{"line":504,"column":36}},"136":{"start":{"line":508,"column":4},"end":{"line":508,"column":39}},"137":{"start":{"line":512,"column":4},"end":{"line":512,"column":44}},"138":{"start":{"line":516,"column":4},"end":{"line":516,"column":51}},"139":{"start":{"line":520,"column":4},"end":{"line":520,"column":62}},"140":{"start":{"line":524,"column":4},"end":{"line":528,"column":6}},"141":{"start":{"line":532,"column":4},"end":{"line":535,"column":6}},"142":{"start":{"line":539,"column":4},"end":{"line":539,"column":50}},"143":{"start":{"line":543,"column":4},"end":{"line":543,"column":61}},"144":{"start":{"line":547,"column":4},"end":{"line":547,"column":42}},"145":{"start":{"line":551,"column":4},"end":{"line":553,"column":5}},"146":{"start":{"line":552,"column":6},"end":{"line":552,"column":87}},"147":{"start":{"line":555,"column":4},"end":{"line":570,"column":5}},"148":{"start":{"line":556,"column":25},"end":{"line":556,"column":70}},"149":{"start":{"line":557,"column":6},"end":{"line":569,"column":7}},"150":{"start":{"line":558,"column":8},"end":{"line":568,"column":10}},"151":{"start":{"line":572,"column":23},"end":{"line":572,"column":56}},"152":{"start":{"line":573,"column":4},"end":{"line":585,"column":5}},"153":{"start":{"line":574,"column":6},"end":{"line":584,"column":8}},"154":{"start":{"line":589,"column":4},"end":{"line":604,"column":7}},"155":{"start":{"line":590,"column":28},"end":{"line":590,"column":72}},"156":{"start":{"line":591,"column":6},"end":{"line":603,"column":8}},"157":{"start":{"line":608,"column":21},"end":{"line":608,"column":90}},"158":{"start":{"line":608,"column":45},"end":{"line":608,"column":90}},"159":{"start":{"line":609,"column":4},"end":{"line":648,"column":5}},"160":{"start":{"line":611,"column":8},"end":{"line":611,"column":51}},"161":{"start":{"line":614,"column":8},"end":{"line":614,"column":33}},"162":{"start":{"line":617,"column":8},"end":{"line":617,"column":38}},"163":{"start":{"line":621,"column":8},"end":{"line":621,"column":40}},"164":{"start":{"line":623,"column":8},"end":{"line":623,"column":78}},"165":{"start":{"line":627,"column":8},"end":{"line":627,"column":38}},"166":{"start":{"line":630,"column":8},"end":{"line":630,"column":36}},"167":{"start":{"line":632,"column":8},"end":{"line":632,"column":38}},"168":{"start":{"line":635,"column":8},"end":{"line":635,"column":39}},"169":{"start":{"line":638,"column":8},"end":{"line":638,"column":37}},"170":{"start":{"line":641,"column":8},"end":{"line":641,"column":34}},"171":{"start":{"line":645,"column":8},"end":{"line":645,"column":64}},"172":{"start":{"line":647,"column":8},"end":{"line":647,"column":18}},"173":{"start":{"line":659,"column":18},"end":{"line":659,"column":94}},"174":{"start":{"line":660,"column":4},"end":{"line":660,"column":32}},"175":{"start":{"line":661,"column":4},"end":{"line":663,"column":5}},"176":{"start":{"line":662,"column":6},"end":{"line":662,"column":48}},"177":{"start":{"line":667,"column":4},"end":{"line":670,"column":7}},"178":{"start":{"line":674,"column":4},"end":{"line":674,"column":130}},"179":{"start":{"line":678,"column":4},"end":{"line":709,"column":5}},"180":{"start":{"line":680,"column":8},"end":{"line":680,"column":96}},"181":{"start":{"line":681,"column":8},"end":{"line":681,"column":14}},"182":{"start":{"line":683,"column":8},"end":{"line":683,"column":88}},"183":{"start":{"line":684,"column":8},"end":{"line":684,"column":14}},"184":{"start":{"line":686,"column":24},"end":{"line":686,"column":63}},"185":{"start":{"line":687,"column":8},"end":{"line":687,"column":117}},"186":{"start":{"line":688,"column":8},"end":{"line":688,"column":14}},"187":{"start":{"line":691,"column":24},"end":{"line":691,"column":63}},"188":{"start":{"line":692,"column":8},"end":{"line":692,"column":98}},"189":{"start":{"line":693,"column":8},"end":{"line":693,"column":14}},"190":{"start":{"line":696,"column":8},"end":{"line":696,"column":94}},"191":{"start":{"line":697,"column":8},"end":{"line":697,"column":14}},"192":{"start":{"line":699,"column":8},"end":{"line":699,"column":110}},"193":{"start":{"line":700,"column":8},"end":{"line":700,"column":14}},"194":{"start":{"line":702,"column":8},"end":{"line":702,"column":72}},"195":{"start":{"line":703,"column":8},"end":{"line":703,"column":14}},"196":{"start":{"line":705,"column":8},"end":{"line":705,"column":105}},"197":{"start":{"line":706,"column":8},"end":{"line":706,"column":14}},"198":{"start":{"line":708,"column":8},"end":{"line":708,"column":53}},"199":{"start":{"line":713,"column":34},"end":{"line":713,"column":129}},"200":{"start":{"line":714,"column":4},"end":{"line":719,"column":6}},"201":{"start":{"line":721,"column":4},"end":{"line":721,"column":68}},"202":{"start":{"line":100,"column":0},"end":{"line":100,"column":13}}},"fnMap":{"0":{"name":"(anonymous_0)","decl":{"start":{"line":113,"column":2},"end":{"line":113,"column":14}},"loc":{"start":{"line":113,"column":52},"end":{"line":125,"column":3}}},"1":{"name":"(anonymous_1)","decl":{"start":{"line":127,"column":9},"end":{"line":127,"column":14}},"loc":{"start":{"line":127,"column":47},"end":{"line":202,"column":3}}},"2":{"name":"(anonymous_2)","decl":{"start":{"line":132,"column":6},"end":{"line":132,"column":7}},"loc":{"start":{"line":132,"column":18},"end":{"line":132,"column":120}}},"3":{"name":"(anonymous_3)","decl":{"start":{"line":132,"column":75},"end":{"line":132,"column":76}},"loc":{"start":{"line":132,"column":91},"end":{"line":132,"column":119}}},"4":{"name":"(anonymous_4)","decl":{"start":{"line":136,"column":11},"end":{"line":136,"column":12}},"loc":{"start":{"line":136,"column":23},"end":{"line":139,"column":8}}},"5":{"name":"(anonymous_5)","decl":{"start":{"line":140,"column":14},"end":{"line":140,"column":15}},"loc":{"start":{"line":140,"column":106},"end":{"line":140,"column":130}}},"6":{"name":"(anonymous_6)","decl":{"start":{"line":141,"column":14},"end":{"line":141,"column":15}},"loc":{"start":{"line":141,"column":24},"end":{"line":141,"column":74}}},"7":{"name":"(anonymous_7)","decl":{"start":{"line":163,"column":34},"end":{"line":163,"column":35}},"loc":{"start":{"line":163,"column":49},"end":{"line":163,"column":83}}},"8":{"name":"(anonymous_8)","decl":{"start":{"line":165,"column":43},"end":{"line":165,"column":44}},"loc":{"start":{"line":165,"column":59},"end":{"line":165,"column":98}}},"9":{"name":"(anonymous_9)","decl":{"start":{"line":167,"column":34},"end":{"line":167,"column":35}},"loc":{"start":{"line":167,"column":49},"end":{"line":167,"column":84}}},"10":{"name":"(anonymous_10)","decl":{"start":{"line":167,"column":117},"end":{"line":167,"column":118}},"loc":{"start":{"line":167,"column":133},"end":{"line":167,"column":173}}},"11":{"name":"(anonymous_11)","decl":{"start":{"line":171,"column":39},"end":{"line":171,"column":40}},"loc":{"start":{"line":171,"column":55},"end":{"line":171,"column":68}}},"12":{"name":"(anonymous_12)","decl":{"start":{"line":171,"column":92},"end":{"line":171,"column":93}},"loc":{"start":{"line":171,"column":107},"end":{"line":171,"column":125}}},"13":{"name":"(anonymous_13)","decl":{"start":{"line":204,"column":9},"end":{"line":204,"column":14}},"loc":{"start":{"line":204,"column":109},"end":{"line":215,"column":3}}},"14":{"name":"(anonymous_14)","decl":{"start":{"line":217,"column":9},"end":{"line":217,"column":14}},"loc":{"start":{"line":217,"column":89},"end":{"line":230,"column":3}}},"15":{"name":"(anonymous_15)","decl":{"start":{"line":232,"column":9},"end":{"line":232,"column":14}},"loc":{"start":{"line":232,"column":73},"end":{"line":243,"column":3}}},"16":{"name":"(anonymous_16)","decl":{"start":{"line":245,"column":9},"end":{"line":245,"column":14}},"loc":{"start":{"line":251,"column":37},"end":{"line":263,"column":3}}},"17":{"name":"(anonymous_17)","decl":{"start":{"line":265,"column":9},"end":{"line":265,"column":14}},"loc":{"start":{"line":265,"column":77},"end":{"line":288,"column":3}}},"18":{"name":"(anonymous_18)","decl":{"start":{"line":290,"column":9},"end":{"line":290,"column":14}},"loc":{"start":{"line":290,"column":45},"end":{"line":294,"column":3}}},"19":{"name":"(anonymous_19)","decl":{"start":{"line":292,"column":14},"end":{"line":292,"column":15}},"loc":{"start":{"line":292,"column":25},"end":{"line":292,"column":89}}},"20":{"name":"(anonymous_20)","decl":{"start":{"line":293,"column":11},"end":{"line":293,"column":12}},"loc":{"start":{"line":293,"column":23},"end":{"line":293,"column":68}}},"21":{"name":"(anonymous_21)","decl":{"start":{"line":296,"column":9},"end":{"line":296,"column":14}},"loc":{"start":{"line":296,"column":37},"end":{"line":315,"column":3}}},"22":{"name":"(anonymous_22)","decl":{"start":{"line":306,"column":49},"end":{"line":306,"column":50}},"loc":{"start":{"line":306,"column":65},"end":{"line":306,"column":88}}},"23":{"name":"(anonymous_23)","decl":{"start":{"line":307,"column":48},"end":{"line":307,"column":49}},"loc":{"start":{"line":307,"column":64},"end":{"line":307,"column":96}}},"24":{"name":"(anonymous_24)","decl":{"start":{"line":317,"column":9},"end":{"line":317,"column":14}},"loc":{"start":{"line":317,"column":105},"end":{"line":328,"column":3}}},"25":{"name":"(anonymous_25)","decl":{"start":{"line":330,"column":9},"end":{"line":330,"column":14}},"loc":{"start":{"line":330,"column":67},"end":{"line":341,"column":3}}},"26":{"name":"(anonymous_26)","decl":{"start":{"line":343,"column":9},"end":{"line":343,"column":14}},"loc":{"start":{"line":343,"column":89},"end":{"line":354,"column":3}}},"27":{"name":"(anonymous_27)","decl":{"start":{"line":356,"column":9},"end":{"line":356,"column":14}},"loc":{"start":{"line":362,"column":22},"end":{"line":373,"column":3}}},"28":{"name":"(anonymous_28)","decl":{"start":{"line":375,"column":9},"end":{"line":375,"column":14}},"loc":{"start":{"line":375,"column":90},"end":{"line":385,"column":3}}},"29":{"name":"(anonymous_29)","decl":{"start":{"line":387,"column":9},"end":{"line":387,"column":14}},"loc":{"start":{"line":387,"column":95},"end":{"line":400,"column":3}}},"30":{"name":"(anonymous_30)","decl":{"start":{"line":389,"column":24},"end":{"line":389,"column":25}},"loc":{"start":{"line":390,"column":6},"end":{"line":396,"column":null}}},"31":{"name":"(anonymous_31)","decl":{"start":{"line":402,"column":9},"end":{"line":402,"column":14}},"loc":{"start":{"line":406,"column":19},"end":{"line":418,"column":3}}},"32":{"name":"(anonymous_32)","decl":{"start":{"line":420,"column":9},"end":{"line":420,"column":14}},"loc":{"start":{"line":424,"column":19},"end":{"line":427,"column":3}}},"33":{"name":"(anonymous_33)","decl":{"start":{"line":429,"column":9},"end":{"line":429,"column":14}},"loc":{"start":{"line":429,"column":60},"end":{"line":435,"column":3}}},"34":{"name":"(anonymous_34)","decl":{"start":{"line":437,"column":9},"end":{"line":437,"column":14}},"loc":{"start":{"line":437,"column":84},"end":{"line":505,"column":3}}},"35":{"name":"(anonymous_35)","decl":{"start":{"line":477,"column":89},"end":{"line":477,"column":90}},"loc":{"start":{"line":477,"column":109},"end":{"line":477,"column":139}}},"36":{"name":"(anonymous_36)","decl":{"start":{"line":507,"column":9},"end":{"line":507,"column":17}},"loc":{"start":{"line":507,"column":17},"end":{"line":509,"column":3}}},"37":{"name":"(anonymous_37)","decl":{"start":{"line":511,"column":9},"end":{"line":511,"column":16}},"loc":{"start":{"line":511,"column":31},"end":{"line":513,"column":3}}},"38":{"name":"(anonymous_38)","decl":{"start":{"line":515,"column":9},"end":{"line":515,"column":23}},"loc":{"start":{"line":515,"column":23},"end":{"line":517,"column":3}}},"39":{"name":"(anonymous_39)","decl":{"start":{"line":519,"column":9},"end":{"line":519,"column":22}},"loc":{"start":{"line":519,"column":43},"end":{"line":521,"column":3}}},"40":{"name":"(anonymous_40)","decl":{"start":{"line":523,"column":9},"end":{"line":523,"column":18}},"loc":{"start":{"line":523,"column":18},"end":{"line":529,"column":3}}},"41":{"name":"(anonymous_41)","decl":{"start":{"line":531,"column":9},"end":{"line":531,"column":26}},"loc":{"start":{"line":531,"column":26},"end":{"line":536,"column":3}}},"42":{"name":"(anonymous_42)","decl":{"start":{"line":538,"column":9},"end":{"line":538,"column":29}},"loc":{"start":{"line":538,"column":29},"end":{"line":540,"column":3}}},"43":{"name":"(anonymous_43)","decl":{"start":{"line":542,"column":9},"end":{"line":542,"column":20}},"loc":{"start":{"line":542,"column":69},"end":{"line":544,"column":3}}},"44":{"name":"(anonymous_44)","decl":{"start":{"line":546,"column":9},"end":{"line":546,"column":21}},"loc":{"start":{"line":546,"column":21},"end":{"line":548,"column":3}}},"45":{"name":"(anonymous_45)","decl":{"start":{"line":550,"column":10},"end":{"line":550,"column":30}},"loc":{"start":{"line":550,"column":44},"end":{"line":586,"column":3}}},"46":{"name":"(anonymous_46)","decl":{"start":{"line":588,"column":10},"end":{"line":588,"column":24}},"loc":{"start":{"line":588,"column":38},"end":{"line":605,"column":3}}},"47":{"name":"(anonymous_47)","decl":{"start":{"line":589,"column":39},"end":{"line":589,"column":40}},"loc":{"start":{"line":589,"column":48},"end":{"line":604,"column":5}}},"48":{"name":"(anonymous_48)","decl":{"start":{"line":607,"column":10},"end":{"line":607,"column":40}},"loc":{"start":{"line":607,"column":55},"end":{"line":649,"column":3}}},"49":{"name":"(anonymous_49)","decl":{"start":{"line":608,"column":21},"end":{"line":608,"column":22}},"loc":{"start":{"line":608,"column":45},"end":{"line":608,"column":90}}},"50":{"name":"(anonymous_50)","decl":{"start":{"line":651,"column":10},"end":{"line":651,"column":18}},"loc":{"start":{"line":657,"column":42},"end":{"line":664,"column":3}}},"51":{"name":"(anonymous_51)","decl":{"start":{"line":666,"column":10},"end":{"line":666,"column":33}},"loc":{"start":{"line":666,"column":53},"end":{"line":671,"column":3}}},"52":{"name":"(anonymous_52)","decl":{"start":{"line":673,"column":10},"end":{"line":673,"column":31}},"loc":{"start":{"line":673,"column":45},"end":{"line":675,"column":3}}},"53":{"name":"(anonymous_53)","decl":{"start":{"line":677,"column":10},"end":{"line":677,"column":15}},"loc":{"start":{"line":677,"column":86},"end":{"line":710,"column":3}}},"54":{"name":"(anonymous_54)","decl":{"start":{"line":712,"column":10},"end":{"line":712,"column":27}},"loc":{"start":{"line":712,"column":56},"end":{"line":722,"column":3}}}},"branchMap":{"0":{"loc":{"start":{"line":113,"column":14},"end":{"line":113,"column":52}},"type":"default-arg","locations":[{"start":{"line":113,"column":50},"end":{"line":113,"column":52}}]},"1":{"loc":{"start":{"line":117,"column":29},"end":{"line":117,"column":100}},"type":"binary-expr","locations":[{"start":{"line":117,"column":29},"end":{"line":117,"column":61}},{"start":{"line":117,"column":65},"end":{"line":117,"column":100}}]},"2":{"loc":{"start":{"line":118,"column":30},"end":{"line":118,"column":103}},"type":"binary-expr","locations":[{"start":{"line":118,"column":30},"end":{"line":118,"column":63}},{"start":{"line":118,"column":67},"end":{"line":118,"column":103}}]},"3":{"loc":{"start":{"line":120,"column":25},"end":{"line":120,"column":52}},"type":"binary-expr","locations":[{"start":{"line":120,"column":25},"end":{"line":120,"column":46}},{"start":{"line":120,"column":50},"end":{"line":120,"column":52}}]},"4":{"loc":{"start":{"line":123,"column":30},"end":{"line":123,"column":64}},"type":"binary-expr","locations":[{"start":{"line":123,"column":30},"end":{"line":123,"column":52}},{"start":{"line":123,"column":56},"end":{"line":123,"column":64}}]},"5":{"loc":{"start":{"line":124,"column":24},"end":{"line":124,"column":58}},"type":"binary-expr","locations":[{"start":{"line":124,"column":24},"end":{"line":124,"column":46}},{"start":{"line":124,"column":50},"end":{"line":124,"column":58}}]},"6":{"loc":{"start":{"line":148,"column":27},"end":{"line":148,"column":160}},"type":"binary-expr","locations":[{"start":{"line":148,"column":27},"end":{"line":148,"column":84}},{"start":{"line":148,"column":88},"end":{"line":148,"column":160}}]},"7":{"loc":{"start":{"line":154,"column":14},"end":{"line":154,"column":58}},"type":"binary-expr","locations":[{"start":{"line":154,"column":14},"end":{"line":154,"column":40}},{"start":{"line":154,"column":44},"end":{"line":154,"column":58}}]},"8":{"loc":{"start":{"line":159,"column":4},"end":{"line":177,"column":5}},"type":"if","locations":[{"start":{"line":159,"column":4},"end":{"line":177,"column":5}},{"start":{"line":161,"column":11},"end":{"line":177,"column":5}}]},"9":{"loc":{"start":{"line":161,"column":11},"end":{"line":177,"column":5}},"type":"if","locations":[{"start":{"line":161,"column":11},"end":{"line":177,"column":5}},{"start":{"line":163,"column":11},"end":{"line":177,"column":5}}]},"10":{"loc":{"start":{"line":163,"column":11},"end":{"line":177,"column":5}},"type":"if","locations":[{"start":{"line":163,"column":11},"end":{"line":177,"column":5}},{"start":{"line":165,"column":11},"end":{"line":177,"column":5}}]},"11":{"loc":{"start":{"line":165,"column":11},"end":{"line":177,"column":5}},"type":"if","locations":[{"start":{"line":165,"column":11},"end":{"line":177,"column":5}},{"start":{"line":167,"column":11},"end":{"line":177,"column":5}}]},"12":{"loc":{"start":{"line":167,"column":11},"end":{"line":177,"column":5}},"type":"if","locations":[{"start":{"line":167,"column":11},"end":{"line":177,"column":5}},{"start":{"line":175,"column":11},"end":{"line":177,"column":5}}]},"13":{"loc":{"start":{"line":167,"column":15},"end":{"line":167,"column":174}},"type":"binary-expr","locations":[{"start":{"line":167,"column":15},"end":{"line":167,"column":85}},{"start":{"line":167,"column":89},"end":{"line":167,"column":174}}]},"14":{"loc":{"start":{"line":183,"column":6},"end":{"line":183,"column":38}},"type":"binary-expr","locations":[{"start":{"line":183,"column":6},"end":{"line":183,"column":19}},{"start":{"line":183,"column":23},"end":{"line":183,"column":38}}]},"15":{"loc":{"start":{"line":210,"column":6},"end":{"line":210,"column":31}},"type":"binary-expr","locations":[{"start":{"line":210,"column":6},"end":{"line":210,"column":12}},{"start":{"line":210,"column":16},"end":{"line":210,"column":31}}]},"16":{"loc":{"start":{"line":211,"column":46},"end":{"line":211,"column":60}},"type":"binary-expr","locations":[{"start":{"line":211,"column":46},"end":{"line":211,"column":55}},{"start":{"line":211,"column":59},"end":{"line":211,"column":60}}]},"17":{"loc":{"start":{"line":223,"column":6},"end":{"line":223,"column":72}},"type":"binary-expr","locations":[{"start":{"line":223,"column":6},"end":{"line":223,"column":12}},{"start":{"line":223,"column":17},"end":{"line":223,"column":71}}]},"18":{"loc":{"start":{"line":223,"column":17},"end":{"line":223,"column":71}},"type":"cond-expr","locations":[{"start":{"line":223,"column":27},"end":{"line":223,"column":41}},{"start":{"line":223,"column":44},"end":{"line":223,"column":71}}]},"19":{"loc":{"start":{"line":227,"column":4},"end":{"line":229,"column":5}},"type":"if","locations":[{"start":{"line":227,"column":4},"end":{"line":229,"column":5}},{"start":{},"end":{}}]},"20":{"loc":{"start":{"line":251,"column":4},"end":{"line":251,"column":37}},"type":"default-arg","locations":[{"start":{"line":251,"column":36},"end":{"line":251,"column":37}}]},"21":{"loc":{"start":{"line":273,"column":4},"end":{"line":275,"column":5}},"type":"if","locations":[{"start":{"line":273,"column":4},"end":{"line":275,"column":5}},{"start":{},"end":{}}]},"22":{"loc":{"start":{"line":292,"column":25},"end":{"line":292,"column":89}},"type":"binary-expr","locations":[{"start":{"line":292,"column":25},"end":{"line":292,"column":33}},{"start":{"line":292,"column":37},"end":{"line":292,"column":62}},{"start":{"line":292,"column":66},"end":{"line":292,"column":89}}]},"23":{"loc":{"start":{"line":297,"column":4},"end":{"line":304,"column":5}},"type":"if","locations":[{"start":{"line":297,"column":4},"end":{"line":304,"column":5}},{"start":{},"end":{}}]},"24":{"loc":{"start":{"line":317,"column":71},"end":{"line":317,"column":105}},"type":"default-arg","locations":[{"start":{"line":317,"column":100},"end":{"line":317,"column":105}}]},"25":{"loc":{"start":{"line":366,"column":6},"end":{"line":366,"column":114}},"type":"cond-expr","locations":[{"start":{"line":366,"column":38},"end":{"line":366,"column":75}},{"start":{"line":366,"column":78},"end":{"line":366,"column":114}}]},"26":{"loc":{"start":{"line":369,"column":6},"end":{"line":369,"column":49}},"type":"binary-expr","locations":[{"start":{"line":369,"column":6},"end":{"line":369,"column":12}},{"start":{"line":369,"column":16},"end":{"line":369,"column":49}}]},"27":{"loc":{"start":{"line":370,"column":27},"end":{"line":370,"column":41}},"type":"binary-expr","locations":[{"start":{"line":370,"column":27},"end":{"line":370,"column":36}},{"start":{"line":370,"column":40},"end":{"line":370,"column":41}}]},"28":{"loc":{"start":{"line":381,"column":6},"end":{"line":381,"column":75}},"type":"cond-expr","locations":[{"start":{"line":381,"column":16},"end":{"line":381,"column":43}},{"start":{"line":381,"column":46},"end":{"line":381,"column":75}}]},"29":{"loc":{"start":{"line":413,"column":6},"end":{"line":413,"column":38}},"type":"binary-expr","locations":[{"start":{"line":413,"column":6},"end":{"line":413,"column":12}},{"start":{"line":413,"column":16},"end":{"line":413,"column":38}}]},"30":{"loc":{"start":{"line":438,"column":4},"end":{"line":440,"column":5}},"type":"if","locations":[{"start":{"line":438,"column":4},"end":{"line":440,"column":5}},{"start":{},"end":{}}]},"31":{"loc":{"start":{"line":442,"column":24},"end":{"line":444,"column":17}},"type":"cond-expr","locations":[{"start":{"line":443,"column":8},"end":{"line":443,"column":75}},{"start":{"line":444,"column":8},"end":{"line":444,"column":17}}]},"32":{"loc":{"start":{"line":442,"column":24},"end":{"line":442,"column":66}},"type":"binary-expr","locations":[{"start":{"line":442,"column":24},"end":{"line":442,"column":42}},{"start":{"line":442,"column":46},"end":{"line":442,"column":66}}]},"33":{"loc":{"start":{"line":446,"column":4},"end":{"line":493,"column":5}},"type":"switch","locations":[{"start":{"line":447,"column":6},"end":{"line":455,"column":14}},{"start":{"line":456,"column":6},"end":{"line":464,"column":14}},{"start":{"line":465,"column":6},"end":{"line":472,"column":14}},{"start":{"line":473,"column":6},"end":{"line":478,"column":14}},{"start":{"line":479,"column":6},"end":{"line":484,"column":14}},{"start":{"line":485,"column":6},"end":{"line":490,"column":14}},{"start":{"line":491,"column":6},"end":{"line":492,"column":56}}]},"34":{"loc":{"start":{"line":466,"column":8},"end":{"line":468,"column":9}},"type":"if","locations":[{"start":{"line":466,"column":8},"end":{"line":468,"column":9}},{"start":{},"end":{}}]},"35":{"loc":{"start":{"line":469,"column":8},"end":{"line":471,"column":9}},"type":"if","locations":[{"start":{"line":469,"column":8},"end":{"line":471,"column":9}},{"start":{},"end":{}}]},"36":{"loc":{"start":{"line":474,"column":8},"end":{"line":476,"column":9}},"type":"if","locations":[{"start":{"line":474,"column":8},"end":{"line":476,"column":9}},{"start":{},"end":{}}]},"37":{"loc":{"start":{"line":480,"column":8},"end":{"line":482,"column":9}},"type":"if","locations":[{"start":{"line":480,"column":8},"end":{"line":482,"column":9}},{"start":{},"end":{}}]},"38":{"loc":{"start":{"line":480,"column":12},"end":{"line":480,"column":47}},"type":"binary-expr","locations":[{"start":{"line":480,"column":12},"end":{"line":480,"column":28}},{"start":{"line":480,"column":32},"end":{"line":480,"column":47}}]},"39":{"loc":{"start":{"line":486,"column":8},"end":{"line":488,"column":9}},"type":"if","locations":[{"start":{"line":486,"column":8},"end":{"line":488,"column":9}},{"start":{},"end":{}}]},"40":{"loc":{"start":{"line":486,"column":12},"end":{"line":486,"column":47}},"type":"binary-expr","locations":[{"start":{"line":486,"column":12},"end":{"line":486,"column":28}},{"start":{"line":486,"column":32},"end":{"line":486,"column":47}}]},"41":{"loc":{"start":{"line":501,"column":44},"end":{"line":501,"column":73}},"type":"binary-expr","locations":[{"start":{"line":501,"column":44},"end":{"line":501,"column":58}},{"start":{"line":501,"column":62},"end":{"line":501,"column":73}}]},"42":{"loc":{"start":{"line":557,"column":6},"end":{"line":569,"column":7}},"type":"if","locations":[{"start":{"line":557,"column":6},"end":{"line":569,"column":7}},{"start":{},"end":{}}]},"43":{"loc":{"start":{"line":573,"column":4},"end":{"line":585,"column":5}},"type":"if","locations":[{"start":{"line":573,"column":4},"end":{"line":585,"column":5}},{"start":{},"end":{}}]},"44":{"loc":{"start":{"line":609,"column":4},"end":{"line":648,"column":5}},"type":"switch","locations":[{"start":{"line":610,"column":6},"end":{"line":611,"column":51}},{"start":{"line":612,"column":6},"end":{"line":612,"column":27}},{"start":{"line":613,"column":6},"end":{"line":614,"column":33}},{"start":{"line":615,"column":6},"end":{"line":615,"column":30}},{"start":{"line":616,"column":6},"end":{"line":617,"column":38}},{"start":{"line":618,"column":6},"end":{"line":618,"column":30}},{"start":{"line":619,"column":6},"end":{"line":619,"column":32}},{"start":{"line":620,"column":6},"end":{"line":621,"column":40}},{"start":{"line":622,"column":6},"end":{"line":623,"column":78}},{"start":{"line":624,"column":6},"end":{"line":624,"column":28}},{"start":{"line":625,"column":6},"end":{"line":625,"column":30}},{"start":{"line":626,"column":6},"end":{"line":627,"column":38}},{"start":{"line":628,"column":6},"end":{"line":628,"column":28}},{"start":{"line":629,"column":6},"end":{"line":630,"column":36}},{"start":{"line":631,"column":6},"end":{"line":632,"column":38}},{"start":{"line":633,"column":6},"end":{"line":633,"column":31}},{"start":{"line":634,"column":6},"end":{"line":635,"column":39}},{"start":{"line":636,"column":6},"end":{"line":636,"column":29}},{"start":{"line":637,"column":6},"end":{"line":638,"column":37}},{"start":{"line":639,"column":6},"end":{"line":639,"column":25}},{"start":{"line":640,"column":6},"end":{"line":641,"column":34}},{"start":{"line":642,"column":6},"end":{"line":642,"column":21}},{"start":{"line":643,"column":6},"end":{"line":643,"column":27}},{"start":{"line":644,"column":6},"end":{"line":645,"column":64}},{"start":{"line":646,"column":6},"end":{"line":647,"column":18}}]},"45":{"loc":{"start":{"line":657,"column":4},"end":{"line":657,"column":42}},"type":"default-arg","locations":[{"start":{"line":657,"column":40},"end":{"line":657,"column":42}}]},"46":{"loc":{"start":{"line":661,"column":4},"end":{"line":663,"column":5}},"type":"if","locations":[{"start":{"line":661,"column":4},"end":{"line":663,"column":5}},{"start":{},"end":{}}]},"47":{"loc":{"start":{"line":674,"column":11},"end":{"line":674,"column":129}},"type":"binary-expr","locations":[{"start":{"line":674,"column":11},"end":{"line":674,"column":55}},{"start":{"line":674,"column":59},"end":{"line":674,"column":129}}]},"48":{"loc":{"start":{"line":678,"column":4},"end":{"line":709,"column":5}},"type":"switch","locations":[{"start":{"line":679,"column":6},"end":{"line":681,"column":14}},{"start":{"line":682,"column":6},"end":{"line":684,"column":14}},{"start":{"line":685,"column":6},"end":{"line":689,"column":7}},{"start":{"line":690,"column":6},"end":{"line":694,"column":7}},{"start":{"line":695,"column":6},"end":{"line":697,"column":14}},{"start":{"line":698,"column":6},"end":{"line":700,"column":14}},{"start":{"line":701,"column":6},"end":{"line":703,"column":14}},{"start":{"line":704,"column":6},"end":{"line":706,"column":14}},{"start":{"line":707,"column":6},"end":{"line":708,"column":53}}]},"49":{"loc":{"start":{"line":713,"column":34},"end":{"line":713,"column":129}},"type":"cond-expr","locations":[{"start":{"line":713,"column":62},"end":{"line":713,"column":92}},{"start":{"line":713,"column":95},"end":{"line":713,"column":129}}]},"50":{"loc":{"start":{"line":717,"column":24},"end":{"line":717,"column":116}},"type":"cond-expr","locations":[{"start":{"line":717,"column":51},"end":{"line":717,"column":80}},{"start":{"line":717,"column":83},"end":{"line":717,"column":116}}]}},"s":{"0":1,"1":1,"2":1,"3":1,"4":1,"5":1,"6":1,"7":8,"8":8,"9":8,"10":8,"11":8,"12":8,"13":8,"14":8,"15":8,"16":8,"17":9,"18":9,"19":9,"20":9,"21":39,"22":39,"23":9,"24":9,"25":1,"26":1,"27":1,"28":9,"29":9,"30":9,"31":9,"32":9,"33":1,"34":8,"35":1,"36":7,"37":1,"38":1,"39":6,"40":11,"41":0,"42":6,"43":0,"44":6,"45":6,"46":11,"47":0,"48":0,"49":9,"50":9,"51":9,"52":9,"53":7,"54":7,"55":7,"56":0,"57":0,"58":0,"59":0,"60":0,"61":0,"62":0,"63":1,"64":1,"65":1,"66":1,"67":1,"68":1,"69":0,"70":1,"71":1,"72":1,"73":1,"74":1,"75":2,"76":2,"77":1,"78":0,"79":1,"80":1,"81":1,"82":1,"83":1,"84":2,"85":2,"86":2,"87":0,"88":0,"89":0,"90":0,"91":0,"92":0,"93":1,"94":1,"95":0,"96":0,"97":0,"98":0,"99":0,"100":0,"101":2,"102":2,"103":2,"104":1,"105":1,"106":2,"107":0,"108":2,"109":2,"110":1,"111":1,"112":0,"113":0,"114":1,"115":0,"116":1,"117":1,"118":1,"119":0,"120":0,"121":0,"122":0,"123":0,"124":0,"125":0,"126":0,"127":0,"128":0,"129":0,"130":0,"131":0,"132":0,"133":2,"134":2,"135":2,"136":1,"137":3,"138":0,"139":0,"140":0,"141":2,"142":0,"143":0,"144":0,"145":8,"146":80,"147":8,"148":80,"149":80,"150":80,"151":8,"152":8,"153":8,"154":8,"155":192,"156":192,"157":192,"158":176,"159":192,"160":8,"161":16,"162":16,"163":24,"164":8,"165":24,"166":16,"167":8,"168":16,"169":16,"170":16,"171":24,"172":0,"173":25,"174":25,"175":25,"176":9,"177":9,"178":2,"179":1,"180":1,"181":1,"182":0,"183":0,"184":0,"185":0,"186":0,"187":0,"188":0,"189":0,"190":0,"191":0,"192":0,"193":0,"194":0,"195":0,"196":0,"197":0,"198":0,"199":0,"200":0,"201":0,"202":1},"f":{"0":8,"1":9,"2":39,"3":39,"4":1,"5":1,"6":1,"7":1,"8":11,"9":0,"10":6,"11":11,"12":0,"13":7,"14":0,"15":0,"16":1,"17":1,"18":1,"19":2,"20":2,"21":1,"22":1,"23":1,"24":2,"25":0,"26":0,"27":1,"28":0,"29":0,"30":0,"31":2,"32":1,"33":1,"34":2,"35":0,"36":1,"37":3,"38":0,"39":0,"40":0,"41":2,"42":0,"43":0,"44":0,"45":8,"46":8,"47":192,"48":192,"49":176,"50":25,"51":9,"52":2,"53":1,"54":0},"b":{"0":[0],"1":[8,0],"2":[8,0],"3":[8,8],"4":[8,0],"5":[8,0],"6":[9,8],"7":[9,8],"8":[1,8],"9":[1,7],"10":[1,6],"11":[0,6],"12":[6,0],"13":[6,6],"14":[9,9],"15":[7,7],"16":[7,7],"17":[0,0],"18":[0,0],"19":[0,0],"20":[1],"21":[0,1],"22":[2,0,0],"23":[0,1],"24":[1],"25":[0,1],"26":[1,0],"27":[1,1],"28":[0,0],"29":[2,0],"30":[0,2],"31":[1,1],"32":[2,1],"33":[1,0,1,0,0,0,0],"34":[0,1],"35":[1,0],"36":[0,0],"37":[0,0],"38":[0,0],"39":[0,0],"40":[0,0],"41":[2,2],"42":[80,0],"43":[8,0],"44":[8,8,16,8,16,8,16,24,8,8,16,24,8,16,8,8,16,8,16,8,16,8,16,24,0],"45":[0],"46":[9,16],"47":[2,1],"48":[1,0,0,0,0,0,0,0,0],"49":[0,0],"50":[0,0]}}
,"C:\\Users\\Admin\\Documents\\DRIPS\\CurrentDao-contracts\\contracts\\acl\\governance\\ACLGovernance.ts": {"path":"C:\\Users\\Admin\\Documents\\DRIPS\\CurrentDao-contracts\\contracts\\acl\\governance\\ACLGovernance.ts","statementMap":{"0":{"start":{"line":1,"column":0},"end":{"line":1,"column":null}},"1":{"start":{"line":10,"column":0},"end":{"line":10,"column":45}},"2":{"start":{"line":17,"column":39},"end":{"line":17,"column":56}},"3":{"start":{"line":18,"column":31},"end":{"line":18,"column":68}},"4":{"start":{"line":21,"column":4},"end":{"line":21,"column":85}},"5":{"start":{"line":21,"column":49},"end":{"line":21,"column":83}},"6":{"start":{"line":32,"column":4},"end":{"line":32,"column":42}},"7":{"start":{"line":34,"column":51},"end":{"line":46,"column":6}},"8":{"start":{"line":48,"column":4},"end":{"line":48,"column":68}},"9":{"start":{"line":49,"column":4},"end":{"line":49,"column":73}},"10":{"start":{"line":53,"column":4},"end":{"line":53,"column":39}},"11":{"start":{"line":54,"column":21},"end":{"line":54,"column":56}},"12":{"start":{"line":56,"column":4},"end":{"line":56,"column":75}},"13":{"start":{"line":56,"column":53},"end":{"line":56,"column":73}},"14":{"start":{"line":57,"column":33},"end":{"line":63,"column":6}},"15":{"start":{"line":64,"column":4},"end":{"line":64,"column":30}},"16":{"start":{"line":66,"column":4},"end":{"line":66,"column":40}},"17":{"start":{"line":70,"column":21},"end":{"line":70,"column":56}},"18":{"start":{"line":71,"column":40},"end":{"line":76,"column":6}},"19":{"start":{"line":78,"column":4},"end":{"line":78,"column":37}},"20":{"start":{"line":79,"column":4},"end":{"line":79,"column":40}},"21":{"start":{"line":83,"column":21},"end":{"line":83,"column":56}},"22":{"start":{"line":85,"column":21},"end":{"line":85,"column":138}},"23":{"start":{"line":85,"column":53},"end":{"line":85,"column":93}},"24":{"start":{"line":85,"column":117},"end":{"line":85,"column":134}},"25":{"start":{"line":86,"column":25},"end":{"line":86,"column":146}},"26":{"start":{"line":86,"column":57},"end":{"line":86,"column":101}},"27":{"start":{"line":86,"column":125},"end":{"line":86,"column":142}},"28":{"start":{"line":87,"column":25},"end":{"line":87,"column":146}},"29":{"start":{"line":87,"column":57},"end":{"line":87,"column":101}},"30":{"start":{"line":87,"column":125},"end":{"line":87,"column":142}},"31":{"start":{"line":88,"column":29},"end":{"line":88,"column":84}},"32":{"start":{"line":88,"column":64},"end":{"line":88,"column":76}},"33":{"start":{"line":89,"column":32},"end":{"line":89,"column":88}},"34":{"start":{"line":89,"column":67},"end":{"line":89,"column":80}},"35":{"start":{"line":91,"column":21},"end":{"line":91,"column":116}},"36":{"start":{"line":92,"column":4},"end":{"line":92,"column":102}},"37":{"start":{"line":94,"column":4},"end":{"line":101,"column":6}},"38":{"start":{"line":105,"column":21},"end":{"line":105,"column":56}},"39":{"start":{"line":106,"column":4},"end":{"line":108,"column":5}},"40":{"start":{"line":107,"column":6},"end":{"line":107,"column":55}},"41":{"start":{"line":110,"column":4},"end":{"line":112,"column":5}},"42":{"start":{"line":111,"column":6},"end":{"line":111,"column":57}},"43":{"start":{"line":114,"column":4},"end":{"line":114,"column":33}},"44":{"start":{"line":115,"column":4},"end":{"line":115,"column":39}},"45":{"start":{"line":116,"column":4},"end":{"line":116,"column":40}},"46":{"start":{"line":120,"column":4},"end":{"line":120,"column":39}},"47":{"start":{"line":124,"column":4},"end":{"line":124,"column":42}},"48":{"start":{"line":128,"column":4},"end":{"line":128,"column":35}},"49":{"start":{"line":129,"column":4},"end":{"line":129,"column":68}},"50":{"start":{"line":129,"column":32},"end":{"line":129,"column":66}},"51":{"start":{"line":133,"column":4},"end":{"line":133,"column":46}},"52":{"start":{"line":137,"column":4},"end":{"line":137,"column":48}},"53":{"start":{"line":141,"column":21},"end":{"line":141,"column":51}},"54":{"start":{"line":142,"column":4},"end":{"line":144,"column":5}},"55":{"start":{"line":143,"column":6},"end":{"line":143,"column":52}},"56":{"start":{"line":146,"column":4},"end":{"line":150,"column":38}},"57":{"start":{"line":148,"column":43},"end":{"line":148,"column":54}},"58":{"start":{"line":149,"column":49},"end":{"line":149,"column":60}},"59":{"start":{"line":154,"column":4},"end":{"line":154,"column":88}},"60":{"start":{"line":154,"column":58},"end":{"line":154,"column":86}},"61":{"start":{"line":158,"column":21},"end":{"line":158,"column":51}},"62":{"start":{"line":159,"column":4},"end":{"line":161,"column":5}},"63":{"start":{"line":160,"column":6},"end":{"line":160,"column":52}},"64":{"start":{"line":163,"column":4},"end":{"line":163,"column":20}},"65":{"start":{"line":167,"column":4},"end":{"line":169,"column":5}},"66":{"start":{"line":168,"column":6},"end":{"line":168,"column":59}},"67":{"start":{"line":16,"column":0},"end":{"line":16,"column":13}}},"fnMap":{"0":{"name":"(anonymous_0)","decl":{"start":{"line":20,"column":2},"end":{"line":20,"column":14}},"loc":{"start":{"line":20,"column":48},"end":{"line":22,"column":3}}},"1":{"name":"(anonymous_1)","decl":{"start":{"line":21,"column":37},"end":{"line":21,"column":38}},"loc":{"start":{"line":21,"column":49},"end":{"line":21,"column":83}}},"2":{"name":"(anonymous_2)","decl":{"start":{"line":24,"column":9},"end":{"line":24,"column":23}},"loc":{"start":{"line":30,"column":37},"end":{"line":50,"column":3}}},"3":{"name":"(anonymous_3)","decl":{"start":{"line":52,"column":9},"end":{"line":52,"column":17}},"loc":{"start":{"line":52,"column":98},"end":{"line":67,"column":3}}},"4":{"name":"(anonymous_4)","decl":{"start":{"line":56,"column":43},"end":{"line":56,"column":44}},"loc":{"start":{"line":56,"column":53},"end":{"line":56,"column":73}}},"5":{"name":"(anonymous_5)","decl":{"start":{"line":69,"column":9},"end":{"line":69,"column":32}},"loc":{"start":{"line":69,"column":102},"end":{"line":80,"column":3}}},"6":{"name":"(anonymous_6)","decl":{"start":{"line":82,"column":9},"end":{"line":82,"column":25}},"loc":{"start":{"line":82,"column":88},"end":{"line":102,"column":3}}},"7":{"name":"(anonymous_7)","decl":{"start":{"line":85,"column":43},"end":{"line":85,"column":44}},"loc":{"start":{"line":85,"column":53},"end":{"line":85,"column":93}}},"8":{"name":"(anonymous_8)","decl":{"start":{"line":85,"column":102},"end":{"line":85,"column":103}},"loc":{"start":{"line":85,"column":117},"end":{"line":85,"column":134}}},"9":{"name":"(anonymous_9)","decl":{"start":{"line":86,"column":47},"end":{"line":86,"column":48}},"loc":{"start":{"line":86,"column":57},"end":{"line":86,"column":101}}},"10":{"name":"(anonymous_10)","decl":{"start":{"line":86,"column":110},"end":{"line":86,"column":111}},"loc":{"start":{"line":86,"column":125},"end":{"line":86,"column":142}}},"11":{"name":"(anonymous_11)","decl":{"start":{"line":87,"column":47},"end":{"line":87,"column":48}},"loc":{"start":{"line":87,"column":57},"end":{"line":87,"column":101}}},"12":{"name":"(anonymous_12)","decl":{"start":{"line":87,"column":110},"end":{"line":87,"column":111}},"loc":{"start":{"line":87,"column":125},"end":{"line":87,"column":142}}},"13":{"name":"(anonymous_13)","decl":{"start":{"line":88,"column":54},"end":{"line":88,"column":55}},"loc":{"start":{"line":88,"column":64},"end":{"line":88,"column":76}}},"14":{"name":"(anonymous_14)","decl":{"start":{"line":89,"column":57},"end":{"line":89,"column":58}},"loc":{"start":{"line":89,"column":67},"end":{"line":89,"column":80}}},"15":{"name":"(anonymous_15)","decl":{"start":{"line":104,"column":9},"end":{"line":104,"column":21}},"loc":{"start":{"line":104,"column":40},"end":{"line":117,"column":3}}},"16":{"name":"(anonymous_16)","decl":{"start":{"line":119,"column":9},"end":{"line":119,"column":28}},"loc":{"start":{"line":119,"column":43},"end":{"line":121,"column":3}}},"17":{"name":"(anonymous_17)","decl":{"start":{"line":123,"column":9},"end":{"line":123,"column":31}},"loc":{"start":{"line":123,"column":46},"end":{"line":125,"column":3}}},"18":{"name":"(anonymous_18)","decl":{"start":{"line":127,"column":9},"end":{"line":127,"column":33}},"loc":{"start":{"line":127,"column":51},"end":{"line":130,"column":3}}},"19":{"name":"(anonymous_19)","decl":{"start":{"line":129,"column":20},"end":{"line":129,"column":21}},"loc":{"start":{"line":129,"column":32},"end":{"line":129,"column":66}}},"20":{"name":"(anonymous_20)","decl":{"start":{"line":132,"column":9},"end":{"line":132,"column":27}},"loc":{"start":{"line":132,"column":42},"end":{"line":134,"column":3}}},"21":{"name":"(anonymous_21)","decl":{"start":{"line":136,"column":9},"end":{"line":136,"column":29}},"loc":{"start":{"line":136,"column":29},"end":{"line":138,"column":3}}},"22":{"name":"(anonymous_22)","decl":{"start":{"line":140,"column":9},"end":{"line":140,"column":20}},"loc":{"start":{"line":140,"column":59},"end":{"line":151,"column":3}}},"23":{"name":"(anonymous_23)","decl":{"start":{"line":148,"column":32},"end":{"line":148,"column":33}},"loc":{"start":{"line":148,"column":43},"end":{"line":148,"column":54}}},"24":{"name":"(anonymous_24)","decl":{"start":{"line":149,"column":38},"end":{"line":149,"column":39}},"loc":{"start":{"line":149,"column":49},"end":{"line":149,"column":60}}},"25":{"name":"(anonymous_25)","decl":{"start":{"line":153,"column":9},"end":{"line":153,"column":21}},"loc":{"start":{"line":153,"column":21},"end":{"line":155,"column":3}}},"26":{"name":"(anonymous_26)","decl":{"start":{"line":154,"column":42},"end":{"line":154,"column":43}},"loc":{"start":{"line":154,"column":58},"end":{"line":154,"column":86}}},"27":{"name":"(anonymous_27)","decl":{"start":{"line":157,"column":10},"end":{"line":157,"column":28}},"loc":{"start":{"line":157,"column":47},"end":{"line":164,"column":3}}},"28":{"name":"(anonymous_28)","decl":{"start":{"line":166,"column":10},"end":{"line":166,"column":32}},"loc":{"start":{"line":166,"column":47},"end":{"line":170,"column":3}}}},"branchMap":{"0":{"loc":{"start":{"line":30,"column":4},"end":{"line":30,"column":37}},"type":"default-arg","locations":[{"start":{"line":30,"column":36},"end":{"line":30,"column":37}}]},"1":{"loc":{"start":{"line":61,"column":10},"end":{"line":61,"column":34}},"type":"cond-expr","locations":[{"start":{"line":61,"column":19},"end":{"line":61,"column":29}},{"start":{"line":61,"column":32},"end":{"line":61,"column":34}}]},"2":{"loc":{"start":{"line":91,"column":21},"end":{"line":91,"column":116}},"type":"binary-expr","locations":[{"start":{"line":91,"column":21},"end":{"line":91,"column":42}},{"start":{"line":91,"column":46},"end":{"line":91,"column":69}},{"start":{"line":91,"column":73},"end":{"line":91,"column":116}}]},"3":{"loc":{"start":{"line":92,"column":22},"end":{"line":92,"column":101}},"type":"cond-expr","locations":[{"start":{"line":92,"column":33},"end":{"line":92,"column":43}},{"start":{"line":92,"column":46},"end":{"line":92,"column":101}}]},"4":{"loc":{"start":{"line":92,"column":46},"end":{"line":92,"column":101}},"type":"cond-expr","locations":[{"start":{"line":92,"column":79},"end":{"line":92,"column":89}},{"start":{"line":92,"column":92},"end":{"line":92,"column":101}}]},"5":{"loc":{"start":{"line":106,"column":4},"end":{"line":108,"column":5}},"type":"if","locations":[{"start":{"line":106,"column":4},"end":{"line":108,"column":5}},{"start":{},"end":{}}]},"6":{"loc":{"start":{"line":110,"column":4},"end":{"line":112,"column":5}},"type":"if","locations":[{"start":{"line":110,"column":4},"end":{"line":112,"column":5}},{"start":{},"end":{}}]},"7":{"loc":{"start":{"line":142,"column":4},"end":{"line":144,"column":5}},"type":"if","locations":[{"start":{"line":142,"column":4},"end":{"line":144,"column":5}},{"start":{},"end":{}}]},"8":{"loc":{"start":{"line":159,"column":4},"end":{"line":161,"column":5}},"type":"if","locations":[{"start":{"line":159,"column":4},"end":{"line":161,"column":5}},{"start":{},"end":{}}]},"9":{"loc":{"start":{"line":167,"column":4},"end":{"line":169,"column":5}},"type":"if","locations":[{"start":{"line":167,"column":4},"end":{"line":169,"column":5}},{"start":{},"end":{}}]}},"s":{"0":1,"1":1,"2":8,"3":8,"4":8,"5":24,"6":1,"7":1,"8":1,"9":1,"10":2,"11":2,"12":2,"13":1,"14":2,"15":2,"16":2,"17":1,"18":1,"19":1,"20":1,"21":2,"22":2,"23":4,"24":4,"25":2,"26":4,"27":0,"28":2,"29":4,"30":0,"31":2,"32":2,"33":2,"34":2,"35":2,"36":2,"37":2,"38":1,"39":1,"40":0,"41":1,"42":0,"43":1,"44":1,"45":1,"46":0,"47":0,"48":0,"49":0,"50":0,"51":0,"52":0,"53":6,"54":6,"55":0,"56":6,"57":7,"58":5,"59":0,"60":0,"61":6,"62":6,"63":0,"64":6,"65":3,"66":0,"67":1},"f":{"0":8,"1":24,"2":1,"3":2,"4":1,"5":1,"6":2,"7":4,"8":4,"9":4,"10":0,"11":4,"12":0,"13":2,"14":2,"15":1,"16":0,"17":0,"18":0,"19":0,"20":0,"21":0,"22":6,"23":7,"24":5,"25":0,"26":0,"27":6,"28":3},"b":{"0":[0],"1":[2,0],"2":[2,2,2],"3":[2,0],"4":[0,0],"5":[0,1],"6":[0,1],"7":[0,6],"8":[0,6],"9":[0,3]}}
,"C:\\Users\\Admin\\Documents\\DRIPS\\CurrentDao-contracts\\contracts\\acl\\interfaces\\IAccessControlList.ts": {"path":"C:\\Users\\Admin\\Documents\\DRIPS\\CurrentDao-contracts\\contracts\\acl\\interfaces\\IAccessControlList.ts","statementMap":{"0":{"start":{"line":1,"column":0},"end":{"line":1,"column":null}},"1":{"start":{"line":2,"column":2},"end":{"line":2,"column":null}},"2":{"start":{"line":3,"column":2},"end":{"line":3,"column":null}},"3":{"start":{"line":6,"column":0},"end":{"line":6,"column":null}},"4":{"start":{"line":7,"column":2},"end":{"line":7,"column":null}},"5":{"start":{"line":8,"column":2},"end":{"line":8,"column":null}},"6":{"start":{"line":9,"column":2},"end":{"line":9,"column":null}},"7":{"start":{"line":10,"column":2},"end":{"line":10,"column":null}},"8":{"start":{"line":11,"column":2},"end":{"line":11,"column":null}},"9":{"start":{"line":12,"column":2},"end":{"line":12,"column":null}},"10":{"start":{"line":15,"column":0},"end":{"line":15,"column":null}},"11":{"start":{"line":16,"column":2},"end":{"line":16,"column":null}},"12":{"start":{"line":17,"column":2},"end":{"line":17,"column":null}},"13":{"start":{"line":18,"column":2},"end":{"line":18,"column":null}},"14":{"start":{"line":19,"column":2},"end":{"line":19,"column":null}},"15":{"start":{"line":20,"column":2},"end":{"line":20,"column":null}},"16":{"start":{"line":21,"column":2},"end":{"line":21,"column":null}},"17":{"start":{"line":22,"column":2},"end":{"line":22,"column":null}},"18":{"start":{"line":23,"column":2},"end":{"line":23,"column":null}},"19":{"start":{"line":26,"column":0},"end":{"line":26,"column":null}},"20":{"start":{"line":27,"column":2},"end":{"line":27,"column":null}},"21":{"start":{"line":28,"column":2},"end":{"line":28,"column":null}},"22":{"start":{"line":29,"column":2},"end":{"line":29,"column":null}},"23":{"start":{"line":30,"column":2},"end":{"line":30,"column":null}},"24":{"start":{"line":31,"column":2},"end":{"line":31,"column":null}},"25":{"start":{"line":32,"column":2},"end":{"line":32,"column":null}},"26":{"start":{"line":33,"column":2},"end":{"line":33,"column":null}},"27":{"start":{"line":34,"column":2},"end":{"line":34,"column":null}},"28":{"start":{"line":35,"column":2},"end":{"line":35,"column":null}},"29":{"start":{"line":36,"column":2},"end":{"line":36,"column":null}},"30":{"start":{"line":37,"column":2},"end":{"line":37,"column":null}},"31":{"start":{"line":38,"column":2},"end":{"line":38,"column":null}},"32":{"start":{"line":41,"column":0},"end":{"line":41,"column":null}},"33":{"start":{"line":42,"column":2},"end":{"line":42,"column":null}},"34":{"start":{"line":43,"column":2},"end":{"line":43,"column":null}},"35":{"start":{"line":44,"column":2},"end":{"line":44,"column":null}},"36":{"start":{"line":268,"column":13},"end":{"line":281,"column":11}},"37":{"start":{"line":283,"column":13},"end":{"line":290,"column":2}},"38":{"start":{"line":292,"column":13},"end":{"line":317,"column":11}}},"fnMap":{"0":{"name":"(anonymous_0)","decl":{"start":{"line":1,"column":0},"end":{"line":1,"column":12}},"loc":{"start":{"line":1,"column":24},"end":{"line":4,"column":1}}},"1":{"name":"(anonymous_1)","decl":{"start":{"line":6,"column":0},"end":{"line":6,"column":12}},"loc":{"start":{"line":6,"column":31},"end":{"line":13,"column":1}}},"2":{"name":"(anonymous_2)","decl":{"start":{"line":15,"column":0},"end":{"line":15,"column":12}},"loc":{"start":{"line":15,"column":34},"end":{"line":24,"column":1}}},"3":{"name":"(anonymous_3)","decl":{"start":{"line":26,"column":0},"end":{"line":26,"column":12}},"loc":{"start":{"line":26,"column":23},"end":{"line":39,"column":1}}},"4":{"name":"(anonymous_4)","decl":{"start":{"line":41,"column":0},"end":{"line":41,"column":12}},"loc":{"start":{"line":41,"column":32},"end":{"line":45,"column":1}}}},"branchMap":{"0":{"loc":{"start":{"line":1,"column":12},"end":{"line":1,"column":null}},"type":"binary-expr","locations":[{"start":{"line":1,"column":12},"end":{"line":1,"column":24}},{"start":{"line":1,"column":24},"end":{"line":1,"column":null}}]},"1":{"loc":{"start":{"line":6,"column":12},"end":{"line":6,"column":null}},"type":"binary-expr","locations":[{"start":{"line":6,"column":12},"end":{"line":6,"column":31}},{"start":{"line":6,"column":31},"end":{"line":6,"column":null}}]},"2":{"loc":{"start":{"line":15,"column":12},"end":{"line":15,"column":null}},"type":"binary-expr","locations":[{"start":{"line":15,"column":12},"end":{"line":15,"column":34}},{"start":{"line":15,"column":34},"end":{"line":15,"column":null}}]},"3":{"loc":{"start":{"line":26,"column":12},"end":{"line":26,"column":null}},"type":"binary-expr","locations":[{"start":{"line":26,"column":12},"end":{"line":26,"column":23}},{"start":{"line":26,"column":23},"end":{"line":26,"column":null}}]},"4":{"loc":{"start":{"line":41,"column":12},"end":{"line":41,"column":null}},"type":"binary-expr","locations":[{"start":{"line":41,"column":12},"end":{"line":41,"column":32}},{"start":{"line":41,"column":32},"end":{"line":41,"column":null}}]}},"s":{"0":1,"1":1,"2":1,"3":1,"4":1,"5":1,"6":1,"7":1,"8":1,"9":1,"10":1,"11":1,"12":1,"13":1,"14":1,"15":1,"16":1,"17":1,"18":1,"19":1,"20":1,"21":1,"22":1,"23":1,"24":1,"25":1,"26":1,"27":1,"28":1,"29":1,"30":1,"31":1,"32":1,"33":1,"34":1,"35":1,"36":1,"37":1,"38":1},"f":{"0":1,"1":1,"2":1,"3":1,"4":1},"b":{"0":[1,1],"1":[1,1],"2":[1,1],"3":[1,1],"4":[1,1]}}
,"C:\\Users\\Admin\\Documents\\DRIPS\\CurrentDao-contracts\\contracts\\acl\\libraries\\ACLLib.ts": {"path":"C:\\Users\\Admin\\Documents\\DRIPS\\CurrentDao-contracts\\contracts\\acl\\libraries\\ACLLib.ts","statementMap":{"0":{"start":{"line":1,"column":0},"end":{"line":1,"column":null}},"1":{"start":{"line":17,"column":4},"end":{"line":17,"column":41}},"2":{"start":{"line":21,"column":4},"end":{"line":21,"column":44}},"3":{"start":{"line":25,"column":4},"end":{"line":25,"column":68}},"4":{"start":{"line":29,"column":4},"end":{"line":31,"column":5}},"5":{"start":{"line":30,"column":6},"end":{"line":30,"column":48}},"6":{"start":{"line":33,"column":4},"end":{"line":33,"column":16}},"7":{"start":{"line":37,"column":4},"end":{"line":39,"column":5}},"8":{"start":{"line":38,"column":6},"end":{"line":38,"column":54}},"9":{"start":{"line":41,"column":4},"end":{"line":41,"column":22}},"10":{"start":{"line":52,"column":4},"end":{"line":61,"column":6}},"11":{"start":{"line":65,"column":4},"end":{"line":67,"column":5}},"12":{"start":{"line":66,"column":6},"end":{"line":66,"column":19}},"13":{"start":{"line":69,"column":4},"end":{"line":69,"column":95}},"14":{"start":{"line":79,"column":17},"end":{"line":79,"column":22}},"15":{"start":{"line":80,"column":21},"end":{"line":80,"column":43}},"16":{"start":{"line":81,"column":26},"end":{"line":81,"column":57}},"17":{"start":{"line":82,"column":23},"end":{"line":82,"column":52}},"18":{"start":{"line":83,"column":22},"end":{"line":83,"column":57}},"19":{"start":{"line":84,"column":26},"end":{"line":84,"column":49}},"20":{"start":{"line":86,"column":4},"end":{"line":86,"column":84}},"21":{"start":{"line":90,"column":4},"end":{"line":96,"column":6}},"22":{"start":{"line":106,"column":4},"end":{"line":112,"column":6}},"23":{"start":{"line":120,"column":4},"end":{"line":122,"column":5}},"24":{"start":{"line":121,"column":6},"end":{"line":121,"column":16}},"25":{"start":{"line":124,"column":17},"end":{"line":124,"column":34}},"26":{"start":{"line":125,"column":4},"end":{"line":127,"column":5}},"27":{"start":{"line":126,"column":6},"end":{"line":126,"column":16}},"28":{"start":{"line":129,"column":4},"end":{"line":129,"column":24}},"29":{"start":{"line":131,"column":20},"end":{"line":131,"column":28}},"30":{"start":{"line":132,"column":4},"end":{"line":134,"column":5}},"31":{"start":{"line":133,"column":6},"end":{"line":133,"column":73}},"32":{"start":{"line":136,"column":4},"end":{"line":136,"column":19}},"33":{"start":{"line":140,"column":24},"end":{"line":140,"column":41}},"34":{"start":{"line":142,"column":4},"end":{"line":152,"column":5}},"35":{"start":{"line":143,"column":22},"end":{"line":143,"column":60}},"36":{"start":{"line":144,"column":6},"end":{"line":151,"column":7}},"37":{"start":{"line":145,"column":21},"end":{"line":145,"column":45}},"38":{"start":{"line":146,"column":8},"end":{"line":148,"column":9}},"39":{"start":{"line":147,"column":10},"end":{"line":147,"column":19}},"40":{"start":{"line":150,"column":8},"end":{"line":150,"column":84}},"41":{"start":{"line":150,"column":53},"end":{"line":150,"column":82}},"42":{"start":{"line":154,"column":4},"end":{"line":154,"column":28}},"43":{"start":{"line":158,"column":4},"end":{"line":160,"column":5}},"44":{"start":{"line":159,"column":6},"end":{"line":159,"column":73}},"45":{"start":{"line":15,"column":0},"end":{"line":15,"column":13}}},"fnMap":{"0":{"name":"(anonymous_0)","decl":{"start":{"line":16,"column":2},"end":{"line":16,"column":8}},"loc":{"start":{"line":16,"column":12},"end":{"line":18,"column":3}}},"1":{"name":"(anonymous_1)","decl":{"start":{"line":20,"column":2},"end":{"line":20,"column":8}},"loc":{"start":{"line":20,"column":68},"end":{"line":22,"column":3}}},"2":{"name":"(anonymous_2)","decl":{"start":{"line":24,"column":2},"end":{"line":24,"column":8}},"loc":{"start":{"line":24,"column":34},"end":{"line":26,"column":3}}},"3":{"name":"(anonymous_3)","decl":{"start":{"line":28,"column":2},"end":{"line":28,"column":8}},"loc":{"start":{"line":28,"column":58},"end":{"line":34,"column":3}}},"4":{"name":"(anonymous_4)","decl":{"start":{"line":36,"column":2},"end":{"line":36,"column":8}},"loc":{"start":{"line":36,"column":76},"end":{"line":42,"column":3}}},"5":{"name":"(anonymous_5)","decl":{"start":{"line":44,"column":2},"end":{"line":44,"column":8}},"loc":{"start":{"line":50,"column":42},"end":{"line":62,"column":3}}},"6":{"name":"(anonymous_6)","decl":{"start":{"line":64,"column":2},"end":{"line":64,"column":8}},"loc":{"start":{"line":64,"column":83},"end":{"line":70,"column":3}}},"7":{"name":"(anonymous_7)","decl":{"start":{"line":72,"column":2},"end":{"line":72,"column":8}},"loc":{"start":{"line":78,"column":3},"end":{"line":87,"column":3}}},"8":{"name":"(anonymous_8)","decl":{"start":{"line":89,"column":2},"end":{"line":89,"column":8}},"loc":{"start":{"line":89,"column":64},"end":{"line":97,"column":3}}},"9":{"name":"(anonymous_9)","decl":{"start":{"line":99,"column":2},"end":{"line":99,"column":8}},"loc":{"start":{"line":104,"column":23},"end":{"line":113,"column":3}}},"10":{"name":"(anonymous_10)","decl":{"start":{"line":115,"column":2},"end":{"line":115,"column":8}},"loc":{"start":{"line":118,"column":36},"end":{"line":137,"column":3}}},"11":{"name":"(anonymous_11)","decl":{"start":{"line":139,"column":2},"end":{"line":139,"column":8}},"loc":{"start":{"line":139,"column":79},"end":{"line":155,"column":3}}},"12":{"name":"(anonymous_12)","decl":{"start":{"line":150,"column":35},"end":{"line":150,"column":36}},"loc":{"start":{"line":150,"column":53},"end":{"line":150,"column":82}}},"13":{"name":"(anonymous_13)","decl":{"start":{"line":157,"column":2},"end":{"line":157,"column":8}},"loc":{"start":{"line":157,"column":60},"end":{"line":161,"column":3}}}},"branchMap":{"0":{"loc":{"start":{"line":29,"column":4},"end":{"line":31,"column":5}},"type":"if","locations":[{"start":{"line":29,"column":4},"end":{"line":31,"column":5}},{"start":{},"end":{}}]},"1":{"loc":{"start":{"line":37,"column":4},"end":{"line":39,"column":5}},"type":"if","locations":[{"start":{"line":37,"column":4},"end":{"line":39,"column":5}},{"start":{},"end":{}}]},"2":{"loc":{"start":{"line":49,"column":4},"end":{"line":49,"column":60}},"type":"default-arg","locations":[{"start":{"line":49,"column":58},"end":{"line":49,"column":60}}]},"3":{"loc":{"start":{"line":50,"column":4},"end":{"line":50,"column":42}},"type":"default-arg","locations":[{"start":{"line":50,"column":40},"end":{"line":50,"column":42}}]},"4":{"loc":{"start":{"line":65,"column":4},"end":{"line":67,"column":5}},"type":"if","locations":[{"start":{"line":65,"column":4},"end":{"line":67,"column":5}},{"start":{},"end":{}}]},"5":{"loc":{"start":{"line":65,"column":8},"end":{"line":65,"column":85}},"type":"binary-expr","locations":[{"start":{"line":65,"column":8},"end":{"line":65,"column":37}},{"start":{"line":65,"column":41},"end":{"line":65,"column":85}}]},"6":{"loc":{"start":{"line":69,"column":11},"end":{"line":69,"column":94}},"type":"binary-expr","locations":[{"start":{"line":69,"column":11},"end":{"line":69,"column":42}},{"start":{"line":69,"column":46},"end":{"line":69,"column":94}}]},"7":{"loc":{"start":{"line":84,"column":26},"end":{"line":84,"column":49}},"type":"cond-expr","locations":[{"start":{"line":84,"column":42},"end":{"line":84,"column":45}},{"start":{"line":84,"column":48},"end":{"line":84,"column":49}}]},"8":{"loc":{"start":{"line":118,"column":4},"end":{"line":118,"column":36}},"type":"default-arg","locations":[{"start":{"line":118,"column":27},"end":{"line":118,"column":36}}]},"9":{"loc":{"start":{"line":120,"column":4},"end":{"line":122,"column":5}},"type":"if","locations":[{"start":{"line":120,"column":4},"end":{"line":122,"column":5}},{"start":{},"end":{}}]},"10":{"loc":{"start":{"line":125,"column":4},"end":{"line":127,"column":5}},"type":"if","locations":[{"start":{"line":125,"column":4},"end":{"line":127,"column":5}},{"start":{},"end":{}}]},"11":{"loc":{"start":{"line":146,"column":8},"end":{"line":148,"column":9}},"type":"if","locations":[{"start":{"line":146,"column":8},"end":{"line":148,"column":9}},{"start":{},"end":{}}]},"12":{"loc":{"start":{"line":158,"column":4},"end":{"line":160,"column":5}},"type":"if","locations":[{"start":{"line":158,"column":4},"end":{"line":160,"column":5}},{"start":{},"end":{}}]}},"s":{"0":1,"1":679,"2":10,"3":1625,"4":7,"5":0,"6":7,"7":1,"8":0,"9":1,"10":25,"11":1,"12":0,"13":1,"14":9,"15":9,"16":9,"17":9,"18":9,"19":9,"20":9,"21":3,"22":6,"23":155,"24":4,"25":151,"26":151,"27":0,"28":151,"29":151,"30":151,"31":106,"32":151,"33":9,"34":9,"35":39,"36":39,"37":109,"38":109,"39":0,"40":109,"41":107,"42":9,"43":9,"44":0,"45":1},"f":{"0":679,"1":10,"2":1625,"3":7,"4":1,"5":25,"6":1,"7":9,"8":3,"9":6,"10":155,"11":9,"12":107,"13":9},"b":{"0":[0,7],"1":[0,1],"2":[0],"3":[0],"4":[0,1],"5":[1,1],"6":[1,1],"7":[2,7],"8":[49],"9":[4,151],"10":[0,151],"11":[0,109],"12":[0,9]}}
,"C:\\Users\\Admin\\Documents\\DRIPS\\CurrentDao-contracts\\contracts\\acl\\permissions\\PermissionManager.ts": {"path":"C:\\Users\\Admin\\Documents\\DRIPS\\CurrentDao-contracts\\contracts\\acl\\permissions\\PermissionManager.ts","statementMap":{"0":{"start":{"line":1,"column":0},"end":{"line":1,"column":null}},"1":{"start":{"line":8,"column":0},"end":{"line":8,"column":45}},"2":{"start":{"line":15,"column":33},"end":{"line":15,"column":72}},"3":{"start":{"line":16,"column":34},"end":{"line":16,"column":87}},"4":{"start":{"line":19,"column":25},"end":{"line":19,"column":55}},"5":{"start":{"line":20,"column":4},"end":{"line":22,"column":5}},"6":{"start":{"line":21,"column":6},"end":{"line":21,"column":59}},"7":{"start":{"line":24,"column":45},"end":{"line":35,"column":6}},"8":{"start":{"line":37,"column":4},"end":{"line":37,"column":51}},"9":{"start":{"line":38,"column":4},"end":{"line":38,"column":29}},"10":{"start":{"line":42,"column":44},"end":{"line":42,"column":46}},"11":{"start":{"line":44,"column":4},"end":{"line":64,"column":5}},"12":{"start":{"line":45,"column":27},"end":{"line":45,"column":86}},"13":{"start":{"line":46,"column":6},"end":{"line":49,"column":7}},"14":{"start":{"line":47,"column":8},"end":{"line":47,"column":95}},"15":{"start":{"line":48,"column":8},"end":{"line":48,"column":17}},"16":{"start":{"line":51,"column":6},"end":{"line":63,"column":8}},"17":{"start":{"line":66,"column":4},"end":{"line":66,"column":19}},"18":{"start":{"line":77,"column":35},"end":{"line":77,"column":67}},"19":{"start":{"line":78,"column":4},"end":{"line":78,"column":80}},"20":{"start":{"line":79,"column":26},"end":{"line":79,"column":100}},"21":{"start":{"line":80,"column":41},"end":{"line":88,"column":6}},"22":{"start":{"line":90,"column":4},"end":{"line":90,"column":43}},"23":{"start":{"line":91,"column":4},"end":{"line":91,"column":50}},"24":{"start":{"line":92,"column":4},"end":{"line":92,"column":24}},"25":{"start":{"line":96,"column":35},"end":{"line":96,"column":67}},"26":{"start":{"line":97,"column":26},"end":{"line":97,"column":56}},"27":{"start":{"line":98,"column":18},"end":{"line":98,"column":60}},"28":{"start":{"line":99,"column":4},"end":{"line":101,"column":5}},"29":{"start":{"line":100,"column":6},"end":{"line":100,"column":23}},"30":{"start":{"line":103,"column":4},"end":{"line":103,"column":49}},"31":{"start":{"line":104,"column":4},"end":{"line":106,"column":5}},"32":{"start":{"line":105,"column":6},"end":{"line":105,"column":40}},"33":{"start":{"line":108,"column":4},"end":{"line":108,"column":24}},"34":{"start":{"line":112,"column":23},"end":{"line":112,"column":77}},"35":{"start":{"line":113,"column":4},"end":{"line":113,"column":54}},"36":{"start":{"line":117,"column":4},"end":{"line":117,"column":83}},"37":{"start":{"line":117,"column":63},"end":{"line":117,"column":80}},"38":{"start":{"line":121,"column":16},"end":{"line":121,"column":28}},"39":{"start":{"line":122,"column":19},"end":{"line":122,"column":49}},"40":{"start":{"line":123,"column":4},"end":{"line":125,"column":5}},"41":{"start":{"line":124,"column":6},"end":{"line":124,"column":16}},"42":{"start":{"line":127,"column":4},"end":{"line":129,"column":38}},"43":{"start":{"line":128,"column":25},"end":{"line":128,"column":79}},"44":{"start":{"line":129,"column":23},"end":{"line":129,"column":35}},"45":{"start":{"line":133,"column":44},"end":{"line":133,"column":46}},"46":{"start":{"line":135,"column":4},"end":{"line":150,"column":5}},"47":{"start":{"line":136,"column":25},"end":{"line":136,"column":59}},"48":{"start":{"line":137,"column":6},"end":{"line":139,"column":7}},"49":{"start":{"line":138,"column":8},"end":{"line":138,"column":17}},"50":{"start":{"line":141,"column":6},"end":{"line":143,"column":7}},"51":{"start":{"line":142,"column":8},"end":{"line":142,"column":17}},"52":{"start":{"line":145,"column":6},"end":{"line":147,"column":7}},"53":{"start":{"line":146,"column":8},"end":{"line":146,"column":17}},"54":{"start":{"line":149,"column":6},"end":{"line":149,"column":38}},"55":{"start":{"line":152,"column":4},"end":{"line":152,"column":19}},"56":{"start":{"line":156,"column":4},"end":{"line":156,"column":28}},"57":{"start":{"line":160,"column":17},"end":{"line":160,"column":21}},"58":{"start":{"line":161,"column":28},"end":{"line":161,"column":80}},"59":{"start":{"line":162,"column":4},"end":{"line":162,"column":86}},"60":{"start":{"line":14,"column":0},"end":{"line":14,"column":13}}},"fnMap":{"0":{"name":"(anonymous_0)","decl":{"start":{"line":18,"column":9},"end":{"line":18,"column":25}},"loc":{"start":{"line":18,"column":67},"end":{"line":39,"column":3}}},"1":{"name":"(anonymous_1)","decl":{"start":{"line":41,"column":9},"end":{"line":41,"column":36}},"loc":{"start":{"line":41,"column":91},"end":{"line":67,"column":3}}},"2":{"name":"(anonymous_2)","decl":{"start":{"line":69,"column":9},"end":{"line":69,"column":30}},"loc":{"start":{"line":75,"column":22},"end":{"line":93,"column":3}}},"3":{"name":"(anonymous_3)","decl":{"start":{"line":95,"column":9},"end":{"line":95,"column":31}},"loc":{"start":{"line":95,"column":69},"end":{"line":109,"column":3}}},"4":{"name":"(anonymous_4)","decl":{"start":{"line":111,"column":9},"end":{"line":111,"column":22}},"loc":{"start":{"line":111,"column":43},"end":{"line":114,"column":3}}},"5":{"name":"(anonymous_5)","decl":{"start":{"line":116,"column":9},"end":{"line":116,"column":23}},"loc":{"start":{"line":116,"column":23},"end":{"line":118,"column":3}}},"6":{"name":"(anonymous_6)","decl":{"start":{"line":117,"column":46},"end":{"line":117,"column":47}},"loc":{"start":{"line":117,"column":63},"end":{"line":117,"column":80}}},"7":{"name":"(anonymous_7)","decl":{"start":{"line":120,"column":9},"end":{"line":120,"column":24}},"loc":{"start":{"line":120,"column":40},"end":{"line":130,"column":3}}},"8":{"name":"(anonymous_8)","decl":{"start":{"line":128,"column":14},"end":{"line":128,"column":15}},"loc":{"start":{"line":128,"column":25},"end":{"line":128,"column":79}}},"9":{"name":"(anonymous_9)","decl":{"start":{"line":129,"column":11},"end":{"line":129,"column":12}},"loc":{"start":{"line":129,"column":23},"end":{"line":129,"column":35}}},"10":{"name":"(anonymous_10)","decl":{"start":{"line":132,"column":9},"end":{"line":132,"column":25}},"loc":{"start":{"line":132,"column":91},"end":{"line":153,"column":3}}},"11":{"name":"(anonymous_11)","decl":{"start":{"line":155,"column":9},"end":{"line":155,"column":27}},"loc":{"start":{"line":155,"column":27},"end":{"line":157,"column":3}}},"12":{"name":"(anonymous_12)","decl":{"start":{"line":159,"column":10},"end":{"line":159,"column":31}},"loc":{"start":{"line":159,"column":72},"end":{"line":163,"column":3}}}},"branchMap":{"0":{"loc":{"start":{"line":20,"column":4},"end":{"line":22,"column":5}},"type":"if","locations":[{"start":{"line":20,"column":4},"end":{"line":22,"column":5}},{"start":{},"end":{}}]},"1":{"loc":{"start":{"line":29,"column":14},"end":{"line":29,"column":50}},"type":"binary-expr","locations":[{"start":{"line":29,"column":14},"end":{"line":29,"column":28}},{"start":{"line":29,"column":32},"end":{"line":29,"column":50}}]},"2":{"loc":{"start":{"line":30,"column":18},"end":{"line":30,"column":76}},"type":"binary-expr","locations":[{"start":{"line":30,"column":18},"end":{"line":30,"column":46}},{"start":{"line":30,"column":50},"end":{"line":30,"column":76}}]},"3":{"loc":{"start":{"line":31,"column":17},"end":{"line":31,"column":46}},"type":"binary-expr","locations":[{"start":{"line":31,"column":17},"end":{"line":31,"column":34}},{"start":{"line":31,"column":38},"end":{"line":31,"column":46}}]},"4":{"loc":{"start":{"line":46,"column":6},"end":{"line":49,"column":7}},"type":"if","locations":[{"start":{"line":46,"column":6},"end":{"line":49,"column":7}},{"start":{},"end":{}}]},"5":{"loc":{"start":{"line":79,"column":26},"end":{"line":79,"column":100}},"type":"binary-expr","locations":[{"start":{"line":79,"column":26},"end":{"line":79,"column":56}},{"start":{"line":79,"column":60},"end":{"line":79,"column":100}}]},"6":{"loc":{"start":{"line":86,"column":10},"end":{"line":86,"column":34}},"type":"cond-expr","locations":[{"start":{"line":86,"column":19},"end":{"line":86,"column":29}},{"start":{"line":86,"column":32},"end":{"line":86,"column":34}}]},"7":{"loc":{"start":{"line":87,"column":10},"end":{"line":87,"column":54}},"type":"cond-expr","locations":[{"start":{"line":87,"column":36},"end":{"line":87,"column":49}},{"start":{"line":87,"column":52},"end":{"line":87,"column":54}}]},"8":{"loc":{"start":{"line":99,"column":4},"end":{"line":101,"column":5}},"type":"if","locations":[{"start":{"line":99,"column":4},"end":{"line":101,"column":5}},{"start":{},"end":{}}]},"9":{"loc":{"start":{"line":99,"column":8},"end":{"line":99,"column":32}},"type":"binary-expr","locations":[{"start":{"line":99,"column":8},"end":{"line":99,"column":22}},{"start":{"line":99,"column":26},"end":{"line":99,"column":32}}]},"10":{"loc":{"start":{"line":104,"column":4},"end":{"line":106,"column":5}},"type":"if","locations":[{"start":{"line":104,"column":4},"end":{"line":106,"column":5}},{"start":{},"end":{}}]},"11":{"loc":{"start":{"line":113,"column":11},"end":{"line":113,"column":53}},"type":"cond-expr","locations":[{"start":{"line":113,"column":24},"end":{"line":113,"column":41}},{"start":{"line":113,"column":44},"end":{"line":113,"column":53}}]},"12":{"loc":{"start":{"line":123,"column":4},"end":{"line":125,"column":5}},"type":"if","locations":[{"start":{"line":123,"column":4},"end":{"line":125,"column":5}},{"start":{},"end":{}}]},"13":{"loc":{"start":{"line":128,"column":25},"end":{"line":128,"column":79}},"type":"binary-expr","locations":[{"start":{"line":128,"column":25},"end":{"line":128,"column":54}},{"start":{"line":128,"column":58},"end":{"line":128,"column":79}}]},"14":{"loc":{"start":{"line":137,"column":6},"end":{"line":139,"column":7}},"type":"if","locations":[{"start":{"line":137,"column":6},"end":{"line":139,"column":7}},{"start":{},"end":{}}]},"15":{"loc":{"start":{"line":141,"column":6},"end":{"line":143,"column":7}},"type":"if","locations":[{"start":{"line":141,"column":6},"end":{"line":143,"column":7}},{"start":{},"end":{}}]},"16":{"loc":{"start":{"line":141,"column":10},"end":{"line":141,"column":79}},"type":"binary-expr","locations":[{"start":{"line":141,"column":10},"end":{"line":141,"column":39}},{"start":{"line":141,"column":43},"end":{"line":141,"column":79}}]},"17":{"loc":{"start":{"line":145,"column":6},"end":{"line":147,"column":7}},"type":"if","locations":[{"start":{"line":145,"column":6},"end":{"line":147,"column":7}},{"start":{},"end":{}}]},"18":{"loc":{"start":{"line":145,"column":10},"end":{"line":145,"column":85}},"type":"binary-expr","locations":[{"start":{"line":145,"column":10},"end":{"line":145,"column":41}},{"start":{"line":145,"column":45},"end":{"line":145,"column":85}}]},"19":{"loc":{"start":{"line":161,"column":28},"end":{"line":161,"column":80}},"type":"cond-expr","locations":[{"start":{"line":161,"column":73},"end":{"line":161,"column":76}},{"start":{"line":161,"column":79},"end":{"line":161,"column":80}}]},"20":{"loc":{"start":{"line":161,"column":28},"end":{"line":161,"column":70}},"type":"binary-expr","locations":[{"start":{"line":161,"column":28},"end":{"line":161,"column":48}},{"start":{"line":161,"column":52},"end":{"line":161,"column":70}}]}},"s":{"0":1,"1":1,"2":8,"3":8,"4":368,"5":368,"6":0,"7":368,"8":368,"9":368,"10":80,"11":80,"12":280,"13":280,"14":0,"15":0,"16":280,"17":80,"18":1,"19":1,"20":1,"21":1,"22":1,"23":1,"24":1,"25":0,"26":0,"27":0,"28":0,"29":0,"30":0,"31":0,"32":0,"33":0,"34":89,"35":89,"36":0,"37":0,"38":9,"39":9,"40":9,"41":8,"42":1,"43":1,"44":1,"45":9,"46":9,"47":27,"48":27,"49":0,"50":27,"51":10,"52":17,"53":0,"54":17,"55":9,"56":0,"57":368,"58":368,"59":368,"60":1},"f":{"0":368,"1":80,"2":1,"3":0,"4":89,"5":0,"6":0,"7":9,"8":1,"9":1,"10":9,"11":0,"12":368},"b":{"0":[0,368],"1":[368,0],"2":[368,280],"3":[368,0],"4":[0,280],"5":[1,1],"6":[1,0],"7":[0,1],"8":[0,0],"9":[0,0],"10":[0,0],"11":[1,88],"12":[8,1],"13":[1,0],"14":[0,27],"15":[10,17],"16":[27,18],"17":[0,17],"18":[17,0],"19":[88,280],"20":[368,280]}}
[...]
},"loc":{"start":{"line":95,"column":44},"end":{"line":104,"column":5}}},"11":{"name":"(anonymous_11)","decl":{"start":{"line":106,"column":11},"end":{"line":106,"column":24}},"loc":{"start":{"line":106,"column":103},"end":{"line":108,"column":5}}},"12":{"name":"(anonymous_12)","decl":{"start":{"line":110,"column":11},"end":{"line":110,"column":29}},"loc":{"start":{"line":110,"column":40},"end":{"line":112,"column":5}}},"13":{"name":"(anonymous_13)","decl":{"start":{"line":114,"column":11},"end":{"line":114,"column":27}},"loc":{"start":{"line":114,"column":38},"end":{"line":117,"column":5}}},"14":{"name":"(anonymous_14)","decl":{"start":{"line":119,"column":11},"end":{"line":119,"column":30}},"loc":{"start":{"line":119,"column":41},"end":{"line":121,"column":5}}},"15":{"name":"(anonymous_15)","decl":{"start":{"line":123,"column":11},"end":{"line":123,"column":22}},"loc":{"start":{"line":123,"column":55},"end":{"line":126,"column":5}}},"16":{"name":"(anonymous_16)","decl":{"start":{"line":128,"column":11},"end":{"line":128,"column":20}},"loc":{"start":{"line":128,"column":97},"end":{"line":133,"column":5}}}},"branchMap":{"0":{"loc":{"start":{"line":25,"column":8},"end":{"line":25,"column":120}},"type":"if","locations":[{"start":{"line":25,"column":8},"end":{"line":25,"column":120}},{"start":{},"end":{}}]},"1":{"loc":{"start":{"line":25,"column":12},"end":{"line":25,"column":64}},"type":"binary-expr","locations":[{"start":{"line":25,"column":12},"end":{"line":25,"column":39}},{"start":{"line":25,"column":43},"end":{"line":25,"column":64}}]},"2":{"loc":{"start":{"line":29,"column":8},"end":{"line":29,"column":121}},"type":"if","locations":[{"start":{"line":29,"column":8},"end":{"line":29,"column":121}},{"start":{},"end":{}}]},"3":{"loc":{"start":{"line":29,"column":12},"end":{"line":29,"column":64}},"type":"binary-expr","locations":[{"start":{"line":29,"column":12},"end":{"line":29,"column":39}},{"start":{"line":29,"column":43},"end":{"line":29,"column":64}}]},"4":{"loc":{"start":{"line":33,"column":8},"end":{"line":33,"column":122}},"type":"if","locations":[{"start":{"line":33,"column":8},"end":{"line":33,"column":122}},{"start":{},"end":{}}]},"5":{"loc":{"start":{"line":33,"column":12},"end":{"line":33,"column":65}},"type":"binary-expr","locations":[{"start":{"line":33,"column":12},"end":{"line":33,"column":40}},{"start":{"line":33,"column":44},"end":{"line":33,"column":65}}]},"6":{"loc":{"start":{"line":37,"column":8},"end":{"line":37,"column":87}},"type":"if","locations":[{"start":{"line":37,"column":8},"end":{"line":37,"column":87}},{"start":{},"end":{}}]},"7":{"loc":{"start":{"line":49,"column":8},"end":{"line":49,"column":84}},"type":"if","locations":[{"start":{"line":49,"column":8},"end":{"line":49,"column":84}},{"start":{},"end":{}}]},"8":{"loc":{"start":{"line":52,"column":8},"end":{"line":52,"column":94}},"type":"if","locations":[{"start":{"line":52,"column":8},"end":{"line":52,"column":94}},{"start":{},"end":{}}]},"9":{"loc":{"start":{"line":79,"column":8},"end":{"line":79,"column":66}},"type":"if","locations":[{"start":{"line":79,"column":8},"end":{"line":79,"column":66}},{"start":{},"end":{}}]},"10":{"loc":{"start":{"line":81,"column":8},"end":{"line":81,"column":119}},"type":"if","locations":[{"start":{"line":81,"column":8},"end":{"line":81,"column":119}},{"start":{},"end":{}}]},"11":{"loc":{"start":{"line":82,"column":8},"end":{"line":82,"column":89}},"type":"if","locations":[{"start":{"line":82,"column":8},"end":{"line":82,"column":89}},{"start":{},"end":{}}]},"12":{"loc":{"start":{"line":85,"column":8},"end":{"line":87,"column":9}},"type":"if","locations":[{"start":{"line":85,"column":8},"end":{"line":87,"column":9}},{"start":{},"end":{}}]},"13":{"loc":{"start":{"line":85,"column":12},"end":{"line":85,"column":90}},"type":"binary-expr","locations":[{"start":{"line":85,"column":12},"end":{"line":85,"column":23}},{"start":{"line":85,"column":27},"end":{"line":85,"column":48}},{"start":{"line":85,"column":52},"end":{"line":85,"column":90}}]},"14":{"loc":{"start":{"line":99,"column":8},"end":{"line":99,"column":66}},"type":"if","locations":[{"start":{"line":99,"column":8},"end":{"line":99,"column":66}},{"start":{},"end":{}}]},"15":{"loc":{"start":{"line":100,"column":8},"end":{"line":100,"column":102}},"type":"if","locations":[{"start":{"line":100,"column":8},"end":{"line":100,"column":102}},{"start":{},"end":{}}]},"16":{"loc":{"start":{"line":116,"column":15},"end":{"line":116,"column":63}},"type":"cond-expr","locations":[{"start":{"line":116,"column":20},"end":{"line":116,"column":55}},{"start":{"line":116,"column":58},"end":{"line":116,"column":63}}]},"17":{"loc":{"start":{"line":130,"column":8},"end":{"line":132,"column":68}},"type":"if","locations":[{"start":{"line":130,"column":8},"end":{"line":132,"column":68}},{"start":{"line":131,"column":13},"end":{"line":132,"column":68}}]},"18":{"loc":{"start":{"line":131,"column":13},"end":{"line":132,"column":68}},"type":"if","locations":[{"start":{"line":131,"column":13},"end":{"line":132,"column":68}},{"start":{"line":132,"column":13},"end":{"line":132,"column":68}}]},"19":{"loc":{"start":{"line":132,"column":13},"end":{"line":132,"column":68}},"type":"if","locations":[{"start":{"line":132,"column":13},"end":{"line":132,"column":68}},{"start":{},"end":{}}]}},"s":{"0":1,"1":1,"2":6,"3":6,"4":6,"5":6,"6":6,"7":6,"8":6,"9":6,"10":6,"11":6,"12":6,"13":6,"14":0,"15":2,"16":1,"17":1,"18":0,"19":1,"20":0,"21":0,"22":6,"23":6,"24":1,"25":5,"26":5,"27":0,"28":5,"29":5,"30":5,"31":5,"32":5,"33":2,"34":1,"35":1,"36":1,"37":1,"38":0,"39":0,"40":0,"41":0,"42":0,"43":0,"44":0,"45":0,"46":0,"47":1,"48":1,"49":1,"50":0,"51":1,"52":0,"53":1,"54":1,"55":6,"56":3,"57":0,"58":0,"59":0,"60":0,"61":0,"62":1,"63":1,"64":1,"65":0,"66":0,"67":0,"68":0,"69":1},"f":{"0":6,"1":6,"2":6,"3":6,"4":2,"5":1,"6":1,"7":0,"8":6,"9":2,"10":1,"11":6,"12":3,"13":0,"14":0,"15":0,"16":1},"b":{"0":[0,6],"1":[6,0],"2":[1,1],"3":[2,1],"4":[0,1],"5":[1,0],"6":[0,1],"7":[1,5],"8":[0,5],"9":[1,0],"10":[0,0],"11":[0,0],"12":[0,0],"13":[0,0,0],"14":[0,1],"15":[0,1],"16":[0,0],"17":[1,0],"18":[0,0],"19":[0,0]}}
,"C:\\Users\\Admin\\Documents\\DRIPS\\CurrentDao-contracts\\contracts\\timelock\\libraries\\TimelockLib.ts": {"path":"C:\\Users\\Admin\\Documents\\DRIPS\\CurrentDao-contracts\\contracts\\timelock\\libraries\\TimelockLib.ts","statementMap":{"0":{"start":{"line":1,"column":0},"end":{"line":1,"column":74}},"1":{"start":{"line":8,"column":8},"end":{"line":9,"column":44}},"2":{"start":{"line":17,"column":8},"end":{"line":17,"column":90}},"3":{"start":{"line":24,"column":8},"end":{"line":24,"column":33}},"4":{"start":{"line":3,"column":0},"end":{"line":3,"column":13}}},"fnMap":{"0":{"name":"(anonymous_0)","decl":{"start":{"line":7,"column":11},"end":{"line":7,"column":17}},"loc":{"start":{"line":7,"column":67},"end":{"line":10,"column":5}}},"1":{"name":"(anonymous_1)","decl":{"start":{"line":15,"column":11},"end":{"line":15,"column":17}},"loc":{"start":{"line":15,"column":101},"end":{"line":18,"column":5}}},"2":{"name":"(anonymous_2)","decl":{"start":{"line":23,"column":11},"end":{"line":23,"column":17}},"loc":{"start":{"line":23,"column":63},"end":{"line":25,"column":5}}}},"branchMap":{"0":{"loc":{"start":{"line":8,"column":15},"end":{"line":9,"column":43}},"type":"binary-expr","locations":[{"start":{"line":8,"column":15},"end":{"line":8,"column":59}},{"start":{"line":9,"column":15},"end":{"line":9,"column":43}}]}},"s":{"0":1,"1":0,"2":6,"3":0,"4":1},"f":{"0":0,"1":6,"2":0},"b":{"0":[0,0]}}
,"C:\\Users\\Admin\\Documents\\DRIPS\\CurrentDao-contracts\\contracts\\timelock\\structures\\QueueStructure.ts": {"path":"C:\\Users\\Admin\\Documents\\DRIPS\\CurrentDao-contracts\\contracts\\timelock\\structures\\QueueStructure.ts","statementMap":{"0":{"start":{"line":1,"column":0},"end":{"line":1,"column":null}},"1":{"start":{"line":2,"column":4},"end":{"line":2,"column":null}},"2":{"start":{"line":3,"column":4},"end":{"line":3,"column":null}},"3":{"start":{"line":4,"column":4},"end":{"line":4,"column":null}},"4":{"start":{"line":5,"column":4},"end":{"line":5,"column":null}}},"fnMap":{"0":{"name":"(anonymous_0)","decl":{"start":{"line":1,"column":0},"end":{"line":1,"column":12}},"loc":{"start":{"line":1,"column":27},"end":{"line":6,"column":1}}}},"branchMap":{"0":{"loc":{"start":{"line":1,"column":12},"end":{"line":1,"column":null}},"type":"binary-expr","locations":[{"start":{"line":1,"column":12},"end":{"line":1,"column":27}},{"start":{"line":1,"column":27},"end":{"line":1,"column":null}}]}},"s":{"0":1,"1":1,"2":1,"3":1,"4":1},"f":{"0":1},"b":{"0":[1,1]}}
,"C:\\Users\\Admin\\Documents\\DRIPS\\CurrentDao-contracts\\contracts\\zkp\\ZeroKnowledgeProof.ts": {"path":"C:\\Users\\Admin\\Documents\\DRIPS\\CurrentDao-contracts\\contracts\\zkp\\ZeroKnowledgeProof.ts","statementMap":{"0":{"start":{"line":2,"column":0},"end":{"line":2,"column":57}},"1":{"start":{"line":3,"column":0},"end":{"line":3,"column":61}},"2":{"start":{"line":4,"column":0},"end":{"line":4,"column":60}},"3":{"start":{"line":18,"column":8},"end":{"line":18,"column":46}},"4":{"start":{"line":19,"column":8},"end":{"line":19,"column":44}},"5":{"start":{"line":20,"column":8},"end":{"line":20,"column":45}},"6":{"start":{"line":24,"column":23},"end":{"line":24,"column":72}},"7":{"start":{"line":27,"column":25},"end":{"line":27,"column":59}},"8":{"start":{"line":28,"column":8},"end":{"line":28,"column":57}},"9":{"start":{"line":30,"column":8},"end":{"line":30,"column":22}},"10":{"start":{"line":34,"column":8},"end":{"line":34,"column":68}},"11":{"start":{"line":38,"column":24},"end":{"line":38,"column":79}},"12":{"start":{"line":41,"column":8},"end":{"line":44,"column":11}},"13":{"start":{"line":42,"column":29},"end":{"line":42,"column":60}},"14":{"start":{"line":43,"column":12},"end":{"line":43,"column":69}},"15":{"start":{"line":46,"column":8},"end":{"line":46,"column":23}},"16":{"start":{"line":50,"column":8},"end":{"line":50,"column":75}},"17":{"start":{"line":12,"column":0},"end":{"line":12,"column":13}}},"fnMap":{"0":{"name":"(anonymous_0)","decl":{"start":{"line":17,"column":4},"end":{"line":17,"column":null}},"loc":{"start":{"line":17,"column":4},"end":{"line":21,"column":5}}},"1":{"name":"(anonymous_1)","decl":{"start":{"line":23,"column":4},"end":{"line":23,"column":9}},"loc":{"start":{"line":23,"column":48},"end":{"line":31,"column":5}}},"2":{"name":"(anonymous_2)","decl":{"start":{"line":33,"column":4},"end":{"line":33,"column":9}},"loc":{"start":{"line":33,"column":68},"end":{"line":35,"column":5}}},"3":{"name":"(anonymous_3)","decl":{"start":{"line":37,"column":4},"end":{"line":37,"column":9}},"loc":{"start":{"line":37,"column":61},"end":{"line":47,"column":5}}},"4":{"name":"(anonymous_4)","decl":{"start":{"line":41,"column":24},"end":{"line":41,"column":25}},"loc":{"start":{"line":41,"column":35},"end":{"line":44,"column":9}}},"5":{"name":"(anonymous_5)","decl":{"start":{"line":49,"column":4},"end":{"line":49,"column":9}},"loc":{"start":{"line":49,"column":84},"end":{"line":51,"column":5}}}},"branchMap":{},"s":{"0":1,"1":1,"2":1,"3":3,"4":3,"5":3,"6":2,"7":2,"8":2,"9":2,"10":1,"11":1,"12":1,"13":150,"14":150,"15":1,"16":1,"17":1},"f":{"0":3,"1":2,"2":1,"3":1,"4":150,"5":1},"b":{}}
,"C:\\Users\\Admin\\Documents\\DRIPS\\CurrentDao-contracts\\contracts\\zkp\\libraries\\ZKPLib.ts": {"path":"C:\\Users\\Admin\\Documents\\DRIPS\\CurrentDao-contracts\\contracts\\zkp\\libraries\\ZKPLib.ts","statementMap":{"0":{"start":{"line":1,"column":0},"end":{"line":1,"column":28}},"1":{"start":{"line":15,"column":21},"end":{"line":15,"column":48}},"2":{"start":{"line":16,"column":8},"end":{"line":16,"column":37}},"3":{"start":{"line":17,"column":8},"end":{"line":17,"column":41}},"4":{"start":{"line":26,"column":22},"end":{"line":26,"column":47}},"5":{"start":{"line":27,"column":8},"end":{"line":27,"column":65}},"6":{"start":{"line":27,"column":37},"end":{"line":27,"column":63}},"7":{"start":{"line":29,"column":8},"end":{"line":35,"column":10}},"8":{"start":{"line":43,"column":8},"end":{"line":43,"column":61}},"9":{"start":{"line":43,"column":37},"end":{"line":43,"column":59}},"10":{"start":{"line":46,"column":8},"end":{"line":48,"column":9}},"11":{"start":{"line":47,"column":12},"end":{"line":47,"column":25}},"12":{"start":{"line":50,"column":8},"end":{"line":50,"column":20}},"13":{"start":{"line":9,"column":0},"end":{"line":9,"column":13}}},"fnMap":{"0":{"name":"(anonymous_1)","decl":{"start":{"line":14,"column":4},"end":{"line":14,"column":10}},"loc":{"start":{"line":14,"column":45},"end":{"line":18,"column":5}}},"1":{"name":"(anonymous_2)","decl":{"start":{"line":24,"column":4},"end":{"line":24,"column":10}},"loc":{"start":{"line":24,"column":53},"end":{"line":36,"column":5}}},"2":{"name":"(anonymous_3)","decl":{"start":{"line":27,"column":26},"end":{"line":27,"column":33}},"loc":{"start":{"line":27,"column":37},"end":{"line":27,"column":63}}},"3":{"name":"(anonymous_4)","decl":{"start":{"line":41,"column":4},"end":{"line":41,"column":10}},"loc":{"start":{"line":41,"column":79},"end":{"line":51,"column":5}}},"4":{"name":"(anonymous_5)","decl":{"start":{"line":43,"column":26},"end":{"line":43,"column":33}},"loc":{"start":{"line":43,"column":37},"end":{"line":43,"column":59}}}},"branchMap":{"0":{"loc":{"start":{"line":46,"column":8},"end":{"line":48,"column":9}},"type":"if","locations":[{"start":{"line":46,"column":8},"end":{"line":48,"column":9}},{"start":{},"end":{}}]},"1":{"loc":{"start":{"line":46,"column":12},"end":{"line":46,"column":47}},"type":"binary-expr","locations":[{"start":{"line":46,"column":12},"end":{"line":46,"column":18}},{"start":{"line":46,"column":22},"end":{"line":46,"column":47}}]}},"s":{"0":1,"1":152,"2":152,"3":152,"4":152,"5":152,"6":152,"7":152,"8":151,"9":151,"10":151,"11":0,"12":151,"13":1},"f":{"0":152,"1":152,"2":152,"3":151,"4":151},"b":{"0":[0,151],"1":[151,151]}}
,"C:\\Users\\Admin\\Documents\\DRIPS\\CurrentDao-contracts\\contracts\\zkp\\privacy\\PrivacyControls.ts": {"path":"C:\\Users\\Admin\\Documents\\DRIPS\\CurrentDao-contracts\\contracts\\zkp\\privacy\\PrivacyControls.ts","statementMap":{"0":{"start":{"line":10,"column":8},"end":{"line":10,"column":52}},"1":{"start":{"line":11,"column":8},"end":{"line":11,"column":65}},"2":{"start":{"line":15,"column":8},"end":{"line":15,"column":45}},"3":{"start":{"line":19,"column":8},"end":{"line":19,"column":48}},"4":{"start":{"line":23,"column":8},"end":{"line":23,"column":52}},"5":{"start":{"line":31,"column":8},"end":{"line":31,"column":59}},"6":{"start":{"line":39,"column":8},"end":{"line":41,"column":9}},"7":{"start":{"line":40,"column":12},"end":{"line":40,"column":99}},"8":{"start":{"line":43,"column":21},"end":{"line":43,"column":54}},"9":{"start":{"line":44,"column":8},"end":{"line":44,"column":28}},"10":{"start":{"line":4,"column":0},"end":{"line":4,"column":13}}},"fnMap":{"0":{"name":"(anonymous_0)","decl":{"start":{"line":9,"column":4},"end":{"line":9,"column":null}},"loc":{"start":{"line":9,"column":4},"end":{"line":12,"column":5}}},"1":{"name":"(anonymous_1)","decl":{"start":{"line":14,"column":4},"end":{"line":14,"column":20}},"loc":{"start":{"line":14,"column":36},"end":{"line":16,"column":5}}},"2":{"name":"(anonymous_2)","decl":{"start":{"line":18,"column":4},"end":{"line":18,"column":21}},"loc":{"start":{"line":18,"column":37},"end":{"line":20,"column":5}}},"3":{"name":"(anonymous_3)","decl":{"start":{"line":22,"column":4},"end":{"line":22,"column":18}},"loc":{"start":{"line":22,"column":34},"end":{"line":24,"column":5}}},"4":{"name":"(anonymous_4)","decl":{"start":{"line":30,"column":4},"end":{"line":30,"column":19}},"loc":{"start":{"line":30,"column":61},"end":{"line":32,"column":5}}},"5":{"name":"(anonymous_5)","decl":{"start":{"line":38,"column":4},"end":{"line":38,"column":22}},"loc":{"start":{"line":38,"column":55},"end":{"line":45,"column":5}}}},"branchMap":{"0":{"loc":{"start":{"line":39,"column":8},"end":{"line":41,"column":9}},"type":"if","locations":[{"start":{"line":39,"column":8},"end":{"line":41,"column":9}},{"start":{},"end":{}}]},"1":{"loc":{"start":{"line":44,"column":15},"end":{"line":44,"column":27}},"type":"binary-expr","locations":[{"start":{"line":44,"column":15},"end":{"line":44,"column":19}},{"start":{"line":44,"column":23},"end":{"line":44,"column":27}}]}},"s":{"0":3,"1":3,"2":1,"3":1,"4":2,"5":152,"6":2,"7":1,"8":1,"9":1,"10":1},"f":{"0":3,"1":1,"2":1,"3":2,"4":152,"5":2},"b":{"0":[1,1],"1":[1,0]}}
,"C:\\Users\\Admin\\Documents\\DRIPS\\CurrentDao-contracts\\contracts\\zkp\\proofs\\ProofGenerator.ts": {"path":"C:\\Users\\Admin\\Documents\\DRIPS\\CurrentDao-contracts\\contracts\\zkp\\proofs\\ProofGenerator.ts","statementMap":{"0":{"start":{"line":2,"column":0},"end":{"line":2,"column":45}},"1":{"start":{"line":3,"column":0},"end":{"line":3,"column":33}},"2":{"start":{"line":12,"column":30},"end":{"line":18,"column":10}},"3":{"start":{"line":21,"column":30},"end":{"line":21,"column":116}},"4":{"start":{"line":22,"column":27},"end":{"line":22,"column":90}},"5":{"start":{"line":25,"column":22},"end":{"line":25,"column":67}},"6":{"start":{"line":27,"column":46},"end":{"line":31,"column":10}},"7":{"start":{"line":33,"column":8},"end":{"line":33,"column":40}},"8":{"start":{"line":42,"column":25},"end":{"line":42,"column":81}},"9":{"start":{"line":42,"column":51},"end":{"line":42,"column":80}},"10":{"start":{"line":43,"column":8},"end":{"line":43,"column":37}},"11":{"start":{"line":5,"column":0},"end":{"line":5,"column":13}}},"fnMap":{"0":{"name":"(anonymous_1)","decl":{"start":{"line":10,"column":4},"end":{"line":10,"column":9}},"loc":{"start":{"line":10,"column":53},"end":{"line":34,"column":5}}},"1":{"name":"(anonymous_2)","decl":{"start":{"line":40,"column":4},"end":{"line":40,"column":9}},"loc":{"start":{"line":40,"column":61},"end":{"line":44,"column":5}}},"2":{"name":"(anonymous_3)","decl":{"start":{"line":42,"column":43},"end":{"line":42,"column":47}},"loc":{"start":{"line":42,"column":51},"end":{"line":42,"column":80}}}},"branchMap":{},"s":{"0":1,"1":1,"2":152,"3":152,"4":152,"5":152,"6":152,"7":152,"8":1,"9":150,"10":1,"11":1},"f":{"0":152,"1":1,"2":150},"b":{}}
,"C:\\Users\\Admin\\Documents\\DRIPS\\CurrentDao-contracts\\contracts\\zkp\\verification\\ProofVerifier.ts": {"path":"C:\\Users\\Admin\\Documents\\DRIPS\\CurrentDao-contracts\\contracts\\zkp\\verification\\ProofVerifier.ts","statementMap":{"0":{"start":{"line":2,"column":0},"end":{"line":2,"column":45}},"1":{"start":{"line":10,"column":8},"end":{"line":15,"column":9}},"2":{"start":{"line":11,"column":12},"end":{"line":11,"column":70}},"3":{"start":{"line":13,"column":12},"end":{"line":13,"column":63}},"4":{"start":{"line":14,"column":12},"end":{"line":14,"column":25}},"5":{"start":{"line":23,"column":8},"end":{"line":25,"column":9}},"6":{"start":{"line":24,"column":12},"end":{"line":24,"column":78}},"7":{"start":{"line":27,"column":37},"end":{"line":28,"column":null}},"8":{"start":{"line":28,"column":12},"end":{"line":28,"column":63}},"9":{"start":{"line":31,"column":8},"end":{"line":31,"column":49}},"10":{"start":{"line":4,"column":0},"end":{"line":4,"column":13}}},"fnMap":{"0":{"name":"(anonymous_0)","decl":{"start":{"line":9,"column":4},"end":{"line":9,"column":9}},"loc":{"start":{"line":9,"column":73},"end":{"line":16,"column":5}}},"1":{"name":"(anonymous_1)","decl":{"start":{"line":22,"column":4},"end":{"line":22,"column":9}},"loc":{"start":{"line":22,"column":84},"end":{"line":32,"column":5}}},"2":{"name":"(anonymous_2)","decl":{"start":{"line":27,"column":48},"end":{"line":27,"column":49}},"loc":{"start":{"line":28,"column":12},"end":{"line":28,"column":63}}}},"branchMap":{"0":{"loc":{"start":{"line":23,"column":8},"end":{"line":25,"column":9}},"type":"if","locations":[{"start":{"line":23,"column":8},"end":{"line":25,"column":9}},{"start":{},"end":{}}]}},"s":{"0":1,"1":151,"2":151,"3":0,"4":0,"5":1,"6":0,"7":1,"8":150,"9":1,"10":1},"f":{"0":151,"1":1,"2":150},"b":{"0":[0,1]}}
}
