TN:
SF:contracts\acl\AccessControlList.ts
FN:113,(anonymous_0)
FN:127,(anonymous_1)
FN:132,(anonymous_2)
FN:132,(anonymous_3)
FN:136,(anonymous_4)
FN:140,(anonymous_5)
FN:141,(anonymous_6)
FN:163,(anonymous_7)
FN:165,(anonymous_8)
FN:167,(anonymous_9)
FN:167,(anonymous_10)
FN:171,(anonymous_11)
FN:171,(anonymous_12)
FN:204,(anonymous_13)
FN:217,(anonymous_14)
FN:232,(anonymous_15)
FN:245,(anonymous_16)
FN:265,(anonymous_17)
FN:290,(anonymous_18)
FN:292,(anonymous_19)
FN:293,(anonymous_20)
FN:296,(anonymous_21)
FN:306,(anonymous_22)
FN:307,(anonymous_23)
FN:317,(anonymous_24)
FN:330,(anonymous_25)
FN:343,(anonymous_26)
FN:356,(anonymous_27)
FN:375,(anonymous_28)
FN:387,(anonymous_29)
FN:389,(anonymous_30)
FN:402,(anonymous_31)
FN:420,(anonymous_32)
FN:429,(anonymous_33)
FN:437,(anonymous_34)
FN:477,(anonymous_35)
FN:507,(anonymous_36)
FN:511,(anonymous_37)
FN:515,(anonymous_38)
FN:519,(anonymous_39)
FN:523,(anonymous_40)
FN:531,(anonymous_41)
FN:538,(anonymous_42)
FN:542,(anonymous_43)
FN:546,(anonymous_44)
FN:550,(anonymous_45)
FN:588,(anonymous_46)
FN:589,(anonymous_47)
FN:607,(anonymous_48)
FN:608,(anonymous_49)
FN:651,(anonymous_50)
FN:666,(anonymous_51)
FN:673,(anonymous_52)
FN:677,(anonymous_53)
FN:712,(anonymous_54)
FNF:55
FNH:38
FNDA:8,(anonymous_0)
FNDA:9,(anonymous_1)
FNDA:39,(anonymous_2)
FNDA:39,(anonymous_3)
FNDA:1,(anonymous_4)
FNDA:1,(anonymous_5)
FNDA:1,(anonymous_6)
FNDA:1,(anonymous_7)
FNDA:11,(anonymous_8)
FNDA:0,(anonymous_9)
FNDA:6,(anonymous_10)
FNDA:11,(anonymous_11)
FNDA:0,(anonymous_12)
FNDA:7,(anonymous_13)
FNDA:0,(anonymous_14)
FNDA:0,(anonymous_15)
FNDA:1,(anonymous_16)
FNDA:1,(anonymous_17)
FNDA:1,(anonymous_18)
FNDA:2,(anonymous_19)
FNDA:2,(anonymous_20)
FNDA:1,(anonymous_21)
FNDA:1,(anonymous_22)
FNDA:1,(anonymous_23)
FNDA:2,(anonymous_24)
FNDA:0,(anonymous_25)
FNDA:0,(anonymous_26)
FNDA:1,(anonymous_27)
FNDA:0,(anonymous_28)
FNDA:0,(anonymous_29)
FNDA:0,(anonymous_30)
FNDA:2,(anonymous_31)
FNDA:1,(anonymous_32)
FNDA:1,(anonymous_33)
FNDA:2,(anonymous_34)
FNDA:0,(anonymous_35)
FNDA:1,(anonymous_36)
FNDA:3,(anonymous_37)
FNDA:0,(anonymous_38)
FNDA:0,(anonymous_39)
FNDA:0,(anonymous_40)
FNDA:2,(anonymous_41)
FNDA:0,(anonymous_42)
FNDA:0,(anonymous_43)
FNDA:0,(anonymous_44)
FNDA:8,(anonymous_45)
FNDA:8,(anonymous_46)
FNDA:192,(anonymous_47)
FNDA:192,(anonymous_48)
FNDA:176,(anonymous_49)
FNDA:25,(anonymous_50)
FNDA:9,(anonymous_51)
FNDA:2,(anonymous_52)
FNDA:1,(anonymous_53)
FNDA:0,(anonymous_54)
DA:1,1
DA:30,1
DA:31,1
DA:32,1
DA:33,1
DA:55,1
DA:73,1
DA:100,1
DA:101,8
DA:102,8
DA:105,8
DA:106,8
DA:108,8
DA:114,8
DA:120,8
DA:121,8
DA:123,8
DA:124,8
DA:128,9
DA:129,9
DA:130,9
DA:131,9
DA:132,39
DA:134,9
DA:135,9
DA:136,1
DA:140,1
DA:141,1
DA:142,9
DA:148,9
DA:149,9
DA:150,9
DA:159,9
DA:160,1
DA:161,8
DA:162,1
DA:163,7
DA:164,1
DA:165,11
DA:166,0
DA:167,6
DA:168,6
DA:171,11
DA:176,0
DA:179,9
DA:180,9
DA:181,9
DA:201,9
DA:205,7
DA:206,7
DA:214,7
DA:218,0
DA:219,0
DA:227,0
DA:228,0
DA:233,0
DA:234,0
DA:242,0
DA:253,1
DA:254,1
DA:262,1
DA:266,1
DA:267,1
DA:273,1
DA:274,0
DA:277,1
DA:278,1
DA:279,1
DA:287,1
DA:291,1
DA:292,2
DA:293,2
DA:297,1
DA:298,0
DA:306,1
DA:307,1
DA:309,1
DA:318,2
DA:319,2
DA:327,2
DA:331,0
DA:332,0
DA:340,0
DA:344,0
DA:345,0
DA:353,0
DA:364,1
DA:365,1
DA:376,0
DA:377,0
DA:388,0
DA:389,0
DA:390,0
DA:399,0
DA:408,2
DA:409,2
DA:417,2
DA:426,1
DA:430,1
DA:438,2
DA:439,0
DA:442,2
DA:446,2
DA:448,1
DA:455,1
DA:457,0
DA:464,0
DA:466,1
DA:467,0
DA:469,1
DA:470,1
DA:472,1
DA:474,0
DA:475,0
DA:477,0
DA:478,0
DA:480,0
DA:481,0
DA:483,0
DA:484,0
DA:486,0
DA:487,0
DA:489,0
DA:490,0
DA:492,0
DA:495,2
DA:503,2
DA:504,2
DA:508,1
DA:512,3
DA:516,0
DA:520,0
DA:524,0
DA:532,2
DA:539,0
DA:543,0
DA:547,0
DA:551,8
DA:552,80
DA:555,8
DA:556,80
DA:557,80
DA:558,80
DA:572,8
DA:573,8
DA:574,8
DA:589,8
DA:590,192
DA:591,192
DA:608,192
DA:609,192
DA:611,8
DA:614,16
DA:617,16
DA:621,24
DA:623,8
DA:627,24
DA:630,16
DA:632,8
DA:635,16
DA:638,16
DA:641,16
DA:645,24
DA:647,0
DA:659,25
DA:660,25
DA:661,25
DA:662,9
DA:667,9
DA:674,2
DA:678,1
DA:680,1
DA:681,1
DA:683,0
DA:684,0
DA:686,0
DA:687,0
DA:688,0
DA:691,0
DA:692,0
DA:693,0
DA:696,0
DA:697,0
DA:699,0
DA:700,0
DA:702,0
DA:703,0
DA:705,0
DA:706,0
DA:708,0
DA:713,0
DA:714,0
DA:721,0
LF:193
LH:126
BRDA:113,0,0,0
BRDA:117,1,0,8
BRDA:117,1,1,0
BRDA:118,2,0,8
BRDA:118,2,1,0
BRDA:120,3,0,8
BRDA:120,3,1,8
BRDA:123,4,0,8
BRDA:123,4,1,0
BRDA:124,5,0,8
BRDA:124,5,1,0
BRDA:148,6,0,9
BRDA:148,6,1,8
BRDA:154,7,0,9
BRDA:154,7,1,8
BRDA:159,8,0,1
BRDA:159,8,1,8
BRDA:161,9,0,1
BRDA:161,9,1,7
BRDA:163,10,0,1
BRDA:163,10,1,6
BRDA:165,11,0,0
BRDA:165,11,1,6
BRDA:167,12,0,6
BRDA:167,12,1,0
BRDA:167,13,0,6
BRDA:167,13,1,6
BRDA:183,14,0,9
BRDA:183,14,1,9
BRDA:210,15,0,7
BRDA:210,15,1,7
BRDA:211,16,0,7
BRDA:211,16,1,7
BRDA:223,17,0,0
BRDA:223,17,1,0
BRDA:223,18,0,0
BRDA:223,18,1,0
BRDA:227,19,0,0
BRDA:227,19,1,0
BRDA:251,20,0,1
BRDA:273,21,0,0
BRDA:273,21,1,1
BRDA:292,22,0,2
BRDA:292,22,1,0
BRDA:292,22,2,0
BRDA:297,23,0,0
BRDA:297,23,1,1
BRDA:317,24,0,1
BRDA:366,25,0,0
BRDA:366,25,1,1
BRDA:369,26,0,1
BRDA:369,26,1,0
BRDA:370,27,0,1
BRDA:370,27,1,1
BRDA:381,28,0,0
BRDA:381,28,1,0
BRDA:413,29,0,2
BRDA:413,29,1,0
BRDA:438,30,0,0
BRDA:438,30,1,2
BRDA:442,31,0,1
BRDA:442,31,1,1
BRDA:442,32,0,2
BRDA:442,32,1,1
BRDA:446,33,0,1
BRDA:446,33,1,0
BRDA:446,33,2,1
BRDA:446,33,3,0
BRDA:446,33,4,0
BRDA:446,33,5,0
BRDA:446,33,6,0
BRDA:466,34,0,0
BRDA:466,34,1,1
BRDA:469,35,0,1
BRDA:469,35,1,0
BRDA:474,36,0,0
BRDA:474,36,1,0
BRDA:480,37,0,0
BRDA:480,37,1,0
BRDA:480,38,0,0
BRDA:480,38,1,0
BRDA:486,39,0,0
BRDA:486,39,1,0
BRDA:486,40,0,0
BRDA:486,40,1,0
BRDA:501,41,0,2
BRDA:501,41,1,2
BRDA:557,42,0,80
BRDA:557,42,1,0
BRDA:573,43,0,8
BRDA:573,43,1,0
BRDA:609,44,0,8
BRDA:609,44,1,8
BRDA:609,44,2,16
BRDA:609,44,3,8
BRDA:609,44,4,16
BRDA:609,44,5,8
BRDA:609,44,6,16
BRDA:609,44,7,24
BRDA:609,44,8,8
BRDA:609,44,9,8
BRDA:609,44,10,16
BRDA:609,44,11,24
BRDA:609,44,12,8
BRDA:609,44,13,16
BRDA:609,44,14,8
BRDA:609,44,15,8
BRDA:609,44,16,16
BRDA:609,44,17,8
BRDA:609,44,18,16
BRDA:609,44,19,8
BRDA:609,44,20,16
BRDA:609,44,21,8
BRDA:609,44,22,16
BRDA:609,44,23,24
BRDA:609,44,24,0
BRDA:657,45,0,0
BRDA:661,46,0,9
BRDA:661,46,1,16
BRDA:674,47,0,2
BRDA:674,47,1,1
BRDA:678,48,0,1
BRDA:678,48,1,0
BRDA:678,48,2,0
BRDA:678,48,3,0
BRDA:678,48,4,0
BRDA:678,48,5,0
BRDA:678,48,6,0
BRDA:678,48,7,0
BRDA:678,48,8,0
BRDA:713,49,0,0
BRDA:713,49,1,0
BRDA:717,50,0,0
BRDA:717,50,1,0
BRF:134
BRH:78
end_of_record
TN:
SF:contracts\acl\governance\ACLGovernance.ts
FN:20,(anonymous_0)
FN:21,(anonymous_1)
FN:24,(anonymous_2)
FN:52,(anonymous_3)
FN:56,(anonymous_4)
FN:69,(anonymous_5)
FN:82,(anonymous_6)
FN:85,(anonymous_7)
FN:85,(anonymous_8)
FN:86,(anonymous_9)
FN:86,(anonymous_10)
FN:87,(anonymous_11)
FN:87,(anonymous_12)
FN:88,(anonymous_13)
FN:89,(anonymous_14)
FN:104,(anonymous_15)
FN:119,(anonymous_16)
FN:123,(anonymous_17)
FN:127,(anonymous_18)
FN:129,(anonymous_19)
FN:132,(anonymous_20)
FN:136,(anonymous_21)
FN:140,(anonymous_22)
FN:148,(anonymous_23)
FN:149,(anonymous_24)
FN:153,(anonymous_25)
FN:154,(anonymous_26)
FN:157,(anonymous_27)
FN:166,(anonymous_28)
FNF:29
FNH:19
FNDA:8,(anonymous_0)
FNDA:24,(anonymous_1)
FNDA:1,(anonymous_2)
FNDA:2,(anonymous_3)
FNDA:1,(anonymous_4)
FNDA:1,(anonymous_5)
FNDA:2,(anonymous_6)
FNDA:4,(anonymous_7)
FNDA:4,(anonymous_8)
FNDA:4,(anonymous_9)
FNDA:0,(anonymous_10)
FNDA:4,(anonymous_11)
FNDA:0,(anonymous_12)
FNDA:2,(anonymous_13)
FNDA:2,(anonymous_14)
FNDA:1,(anonymous_15)
FNDA:0,(anonymous_16)
FNDA:0,(anonymous_17)
FNDA:0,(anonymous_18)
FNDA:0,(anonymous_19)
FNDA:0,(anonymous_20)
FNDA:0,(anonymous_21)
FNDA:6,(anonymous_22)
FNDA:7,(anonymous_23)
FNDA:5,(anonymous_24)
FNDA:0,(anonymous_25)
FNDA:0,(anonymous_26)
FNDA:6,(anonymous_27)
FNDA:3,(anonymous_28)
DA:1,1
DA:10,1
DA:16,1
DA:17,8
DA:18,8
DA:21,24
DA:32,1
DA:34,1
DA:48,1
DA:49,1
DA:53,2
DA:54,2
DA:56,2
DA:57,2
DA:64,2
DA:66,2
DA:70,1
DA:71,1
DA:78,1
DA:79,1
DA:83,2
DA:85,4
DA:86,4
DA:87,4
DA:88,2
DA:89,2
DA:91,2
DA:92,2
DA:94,2
DA:105,1
DA:106,1
DA:107,0
DA:110,1
DA:111,0
DA:114,1
DA:115,1
DA:116,1
DA:120,0
DA:124,0
DA:128,0
DA:129,0
DA:133,0
DA:137,0
DA:141,6
DA:142,6
DA:143,0
DA:146,6
DA:148,7
DA:149,5
DA:154,0
DA:158,6
DA:159,6
DA:160,0
DA:163,6
DA:167,3
DA:168,0
LF:56
LH:44
BRDA:30,0,0,0
BRDA:61,1,0,2
BRDA:61,1,1,0
BRDA:91,2,0,2
BRDA:91,2,1,2
BRDA:91,2,2,2
BRDA:92,3,0,2
BRDA:92,3,1,0
BRDA:92,4,0,0
BRDA:92,4,1,0
BRDA:106,5,0,0
BRDA:106,5,1,1
BRDA:110,6,0,0
BRDA:110,6,1,1
BRDA:142,7,0,0
BRDA:142,7,1,6
BRDA:159,8,0,0
BRDA:159,8,1,6
BRDA:167,9,0,0
BRDA:167,9,1,3
BRF:20
BRH:10
end_of_record
TN:
SF:contracts\acl\interfaces\IAccessControlList.ts
FN:1,(anonymous_0)
FN:6,(anonymous_1)
FN:15,(anonymous_2)
FN:26,(anonymous_3)
FN:41,(anonymous_4)
FNF:5
FNH:5
FNDA:1,(anonymous_0)
FNDA:1,(anonymous_1)
FNDA:1,(anonymous_2)
FNDA:1,(anonymous_3)
FNDA:1,(anonymous_4)
DA:1,1
DA:2,1
DA:3,1
DA:6,1
DA:7,1
DA:8,1
DA:9,1
DA:10,1
DA:11,1
DA:12,1
DA:15,1
DA:16,1
DA:17,1
DA:18,1
DA:19,1
DA:20,1
DA:21,1
DA:22,1
DA:23,1
DA:26,1
DA:27,1
DA:28,1
DA:29,1
DA:30,1
DA:31,1
DA:32,1
DA:33,1
DA:34,1
DA:35,1
DA:36,1
DA:37,1
DA:38,1
DA:41,1
DA:42,1
DA:43,1
DA:44,1
DA:268,1
DA:283,1
DA:292,1
LF:39
LH:39
BRDA:1,0,0,1
BRDA:1,0,1,1
BRDA:6,1,0,1
BRDA:6,1,1,1
BRDA:15,2,0,1
BRDA:15,2,1,1
BRDA:26,3,0,1
BRDA:26,3,1,1
BRDA:41,4,0,1
BRDA:41,4,1,1
BRF:10
BRH:10
end_of_record
TN:
SF:contracts\acl\libraries\ACLLib.ts
FN:16,(anonymous_0)
FN:20,(anonymous_1)
FN:24,(anonymous_2)
FN:28,(anonymous_3)
FN:36,(anonymous_4)
FN:44,(anonymous_5)
FN:64,(anonymous_6)
FN:72,(anonymous_7)
FN:89,(anonymous_8)
FN:99,(anonymous_9)
FN:115,(anonymous_10)
FN:139,(anonymous_11)
FN:150,(anonymous_12)
FN:157,(anonymous_13)
FNF:14
FNH:14
FNDA:679,(anonymous_0)
FNDA:10,(anonymous_1)
FNDA:1625,(anonymous_2)
FNDA:7,(anonymous_3)
FNDA:1,(anonymous_4)
FNDA:25,(anonymous_5)
FNDA:1,(anonymous_6)
FNDA:9,(anonymous_7)
FNDA:3,(anonymous_8)
FNDA:6,(anonymous_9)
FNDA:155,(anonymous_10)
FNDA:9,(anonymous_11)
FNDA:107,(anonymous_12)
FNDA:9,(anonymous_13)
DA:1,1
DA:15,1
DA:17,679
DA:21,10
DA:25,1625
DA:29,7
DA:30,0
DA:33,7
DA:37,1
DA:38,0
DA:41,1
DA:52,25
DA:65,1
DA:66,0
DA:69,1
DA:79,9
DA:80,9
DA:81,9
DA:82,9
DA:83,9
DA:84,9
DA:86,9
DA:90,3
DA:106,6
DA:120,155
DA:121,4
DA:124,151
DA:125,151
DA:126,0
DA:129,151
DA:131,151
DA:132,151
DA:133,106
DA:136,151
DA:140,9
DA:142,9
DA:143,39
DA:144,39
DA:145,109
DA:146,109
DA:147,0
DA:150,109
DA:154,9
DA:158,9
DA:159,0
LF:45
LH:39
BRDA:29,0,0,0
BRDA:29,0,1,7
BRDA:37,1,0,0
BRDA:37,1,1,1
BRDA:49,2,0,0
BRDA:50,3,0,0
BRDA:65,4,0,0
BRDA:65,4,1,1
BRDA:65,5,0,1
BRDA:65,5,1,1
BRDA:69,6,0,1
BRDA:69,6,1,1
BRDA:84,7,0,2
BRDA:84,7,1,7
BRDA:118,8,0,49
BRDA:120,9,0,4
BRDA:120,9,1,151
BRDA:125,10,0,0
BRDA:125,10,1,151
BRDA:146,11,0,0
BRDA:146,11,1,109
BRDA:158,12,0,0
BRDA:158,12,1,9
BRF:23
BRH:15
end_of_record
TN:
SF:contracts\acl\permissions\PermissionManager.ts
FN:18,(anonymous_0)
FN:41,(anonymous_1)
FN:69,(anonymous_2)
FN:95,(anonymous_3)
FN:111,(anonymous_4)
FN:116,(anonymous_5)
FN:117,(anonymous_6)
FN:120,(anonymous_7)
FN:128,(anonymous_8)
FN:129,(anonymous_9)
FN:132,(anonymous_10)
FN:155,(anonymous_11)
FN:159,(anonymous_12)
FNF:13
FNH:9
FNDA:368,(anonymous_0)
FNDA:80,(anonymous_1)
FNDA:1,(anonymous_2)
FNDA:0,(anonymous_3)
FNDA:89,(anonymous_4)
FNDA:0,(anonymous_5)
FNDA:0,(anonymous_6)
FNDA:9,(anonymous_7)
FNDA:1,(anonymous_8)
FNDA:1,(anonymous_9)
FNDA:9,(anonymous_10)
FNDA:0,(anonymous_11)
FNDA:368,(anonymous_12)
DA:1,1
DA:8,1
DA:14,1
DA:15,8
DA:16,8
DA:19,368
DA:20,368
DA:21,0
DA:24,368
DA:37,368
DA:38,368
DA:42,80
DA:44,80
DA:45,280
DA:46,280
DA:47,0
DA:48,0
DA:51,280
DA:66,80
DA:77,1
DA:78,1
DA:79,1
DA:80,1
DA:90,1
DA:91,1
DA:92,1
DA:96,0
DA:97,0
DA:98,0
DA:99,0
DA:100,0
DA:103,0
DA:104,0
DA:105,0
DA:108,0
DA:112,89
DA:113,89
DA:117,0
DA:121,9
DA:122,9
DA:123,9
DA:124,8
DA:127,1
DA:128,1
DA:129,1
DA:133,9
DA:135,9
DA:136,27
DA:137,27
DA:138,0
DA:141,27
DA:142,10
DA:145,17
DA:146,0
DA:149,17
DA:152,9
DA:156,0
DA:160,368
DA:161,368
DA:162,368
LF:60
LH:44
BRDA:20,0,0,0
BRDA:20,0,1,368
BRDA:29,1,0,368
BRDA:29,1,1,0
BRDA:30,2,0,368
BRDA:30,2,1,280
BRDA:31,3,0,368
BRDA:31,3,1,0
BRDA:46,4,0,0
BRDA:46,4,1,280
BRDA:79,5,0,1
BRDA:79,5,1,1
BRDA:86,6,0,1
BRDA:86,6,1,0
BRDA:87,7,0,0
BRDA:87,7,1,1
BRDA:99,8,0,0
BRDA:99,8,1,0
BRDA:99,9,0,0
BRDA:99,9,1,0
BRDA:104,10,0,0
BRDA:104,10,1,0
BRDA:113,11,0,1
BRDA:113,11,1,88
BRDA:123,12,0,8
BRDA:123,12,1,1
BRDA:128,13,0,1
BRDA:128,13,1,0
BRDA:137,14,0,0
BRDA:137,14,1,27
BRDA:141,15,0,10
BRDA:141,15,1,17
BRDA:141,16,0,27
BRDA:141,16,1,18
BRDA:145,17,0,0
BRDA:145,17,1,17
BRDA:145,18,0,17
BRDA:145,18,1,0
BRDA:161,19,0,88
BRDA:161,19,1,280
BRDA:161,20,0,368
BRDA:161,20,1,280
BRF:42
BRH:26
end_of_record
TN:
SF:contracts\acl\roles\RoleManager.ts
FN:18,(anonymous_0)
FN:29,(anonymous_1)
FN:30,(anonymous_2)
FN:62,(anonymous_3)
FN:66,(anonymous_4)
FN:69,(anonymous_5)
FN:82,(anonymous_6)
FN:88,(anonymous_7)
FN:102,(anonymous_8)
FN:121,(anonymous_9)
FN:138,(anonymous_10)
FN:156,(anonymous_11)
FN:160,(anonymous_12)
FN:171,(anonymous_13)
FN:185,(anonymous_14)
FN:186,(anonymous_15)
FN:194,(anonymous_16)
FN:202,(anonymous_17)
FN:203,(anonymous_18)
FN:206,(anonymous_19)
FN:210,(anonymous_20)
FN:216,(anonymous_21)
FN:222,(anonymous_22)
FNF:23
FNH:13
FNDA:194,(anonymous_0)
FNDA:179,(anonymous_1)
FNDA:208,(anonymous_2)
FNDA:0,(anonymous_3)
FNDA:0,(anonymous_4)
FNDA:0,(anonymous_5)
FNDA:0,(anonymous_6)
FNDA:0,(anonymous_7)
FNDA:7,(anonymous_8)
FNDA:0,(anonymous_9)
FNDA:0,(anonymous_10)
FNDA:0,(anonymous_11)
FNDA:0,(anonymous_12)
FNDA:3,(anonymous_13)
FNDA:1,(anonymous_14)
FNDA:24,(anonymous_15)
FNDA:58,(anonymous_16)
FNDA:58,(anonymous_17)
FNDA:58,(anonymous_18)
FNDA:10,(anonymous_19)
FNDA:42,(anonymous_20)
FNDA:0,(anonymous_21)
FNDA:9,(anonymous_22)
DA:1,1
DA:8,1
DA:14,1
DA:15,8
DA:16,8
DA:24,194
DA:25,194
DA:26,0
DA:29,194
DA:30,208
DA:32,194
DA:33,179
DA:34,0
DA:38,194
DA:39,194
DA:53,194
DA:54,194
DA:63,0
DA:64,0
DA:65,0
DA:66,0
DA:68,0
DA:69,0
DA:72,0
DA:82,0
DA:83,0
DA:84,0
DA:87,0
DA:88,0
DA:89,0
DA:90,0
DA:93,0
DA:94,0
DA:103,7
DA:104,7
DA:106,7
DA:107,7
DA:116,7
DA:117,7
DA:118,7
DA:122,0
DA:123,0
DA:124,0
DA:126,0
DA:127,0
DA:130,0
DA:131,0
DA:132,0
DA:135,0
DA:139,0
DA:140,0
DA:141,0
DA:142,0
DA:143,0
DA:144,0
DA:147,0
DA:148,0
DA:157,0
DA:158,0
DA:159,0
DA:160,0
DA:161,0
DA:162,0
DA:163,0
DA:172,3
DA:173,3
DA:174,0
DA:177,3
DA:186,24
DA:195,58
DA:196,58
DA:197,58
DA:198,0
DA:201,58
DA:202,58
DA:203,58
DA:207,10
DA:209,10
DA:210,42
DA:213,10
DA:217,0
DA:218,0
DA:219,0
DA:223,9
LF:84
LH:37
BRDA:25,0,0,0
BRDA:25,0,1,194
BRDA:29,1,0,194
BRDA:29,1,1,16
BRDA:30,2,0,194
BRDA:30,2,1,2
BRDA:33,3,0,0
BRDA:33,3,1,179
BRDA:47,4,0,194
BRDA:47,4,1,2
BRDA:65,5,0,0
BRDA:65,5,1,0
BRDA:68,6,0,0
BRDA:68,6,1,0
BRDA:74,7,0,0
BRDA:74,7,1,0
BRDA:75,8,0,0
BRDA:75,8,1,0
BRDA:78,9,0,0
BRDA:78,9,1,0
BRDA:83,10,0,0
BRDA:83,10,1,0
BRDA:89,11,0,0
BRDA:89,11,1,0
BRDA:106,12,0,7
BRDA:106,12,1,7
BRDA:112,13,0,0
BRDA:112,13,1,7
BRDA:113,14,0,0
BRDA:113,14,1,7
BRDA:126,15,0,0
BRDA:126,15,1,0
BRDA:126,16,0,0
BRDA:126,16,1,0
BRDA:131,17,0,0
BRDA:131,17,1,0
BRDA:142,18,0,0
BRDA:142,18,1,0
BRDA:173,19,0,0
BRDA:173,19,1,3
BRDA:197,20,0,0
BRDA:197,20,1,58
BRDA:202,21,0,58
BRDA:202,21,1,0
BRF:44
BRH:15
end_of_record
TN:
SF:contracts\amm\EnergyAMM.ts
FN:21,(anonymous_0)
FN:32,(anonymous_1)
FN:77,(anonymous_2)
FN:109,(anonymous_3)
FN:124,(anonymous_4)
FN:133,(anonymous_5)
FN:139,(anonymous_6)
FN:143,(anonymous_7)
FN:153,(anonymous_8)
FN:180,(anonymous_9)
FN:191,(anonymous_10)
FNF:11
FNH:7
FNDA:8,(anonymous_0)
FNDA:6,(anonymous_1)
FNDA:6,(anonymous_2)
FNDA:0,(anonymous_3)
FNDA:0,(anonymous_4)
FNDA:0,(anonymous_5)
FNDA:1,(anonymous_6)
FNDA:1,(anonymous_7)
FNDA:1,(anonymous_8)
FNDA:1,(anonymous_9)
FNDA:0,(anonymous_10)
DA:2,1
DA:3,1
DA:4,1
DA:5,1
DA:7,1
DA:8,8
DA:9,8
DA:10,8
DA:11,8
DA:12,8
DA:13,8
DA:19,8
DA:22,8
DA:23,8
DA:24,8
DA:25,8
DA:26,8
DA:33,6
DA:36,6
DA:37,1
DA:40,5
DA:41,5
DA:42,5
DA:44,5
DA:46,5
DA:47,5
DA:49,5
DA:51,5
DA:54,5
DA:55,5
DA:56,5
DA:58,0
DA:59,0
DA:62,5
DA:63,5
DA:64,5
DA:66,5
DA:85,6
DA:94,6
DA:95,6
DA:96,6
DA:99,6
DA:100,6
DA:103,6
DA:110,0
DA:112,0
DA:113,0
DA:116,0
DA:117,0
DA:118,0
DA:121,0
DA:125,0
DA:126,0
DA:127,0
DA:128,0
DA:130,0
DA:134,0
DA:135,0
DA:136,0
DA:140,1
DA:141,1
DA:143,1
DA:144,1
DA:147,1
DA:154,1
DA:155,1
DA:157,1
DA:158,1
DA:159,1
DA:161,0
DA:162,0
DA:165,1
DA:167,1
DA:168,1
DA:171,1
DA:172,1
DA:173,1
DA:176,1
DA:181,1
DA:192,0
LF:80
LH:60
BRDA:21,0,0,0
BRDA:33,1,0,0
BRDA:33,1,1,6
BRDA:36,2,0,1
BRDA:36,2,1,5
BRDA:41,3,0,5
BRDA:41,3,1,0
BRDA:42,4,0,5
BRDA:42,4,1,0
BRDA:44,5,0,0
BRDA:44,5,1,5
BRDA:44,6,0,5
BRDA:44,6,1,5
BRDA:49,7,0,0
BRDA:49,7,1,5
BRDA:54,8,0,5
BRDA:54,8,1,0
BRDA:99,9,0,6
BRDA:99,9,1,0
BRDA:117,10,0,0
BRDA:117,10,1,0
BRDA:126,11,0,0
BRDA:126,11,1,0
BRDA:127,12,0,0
BRDA:127,12,1,0
BRDA:135,13,0,0
BRDA:135,13,1,0
BRDA:147,14,0,1
BRDA:147,14,1,0
BRDA:157,15,0,1
BRDA:157,15,1,0
BRDA:158,16,0,0
BRDA:158,16,1,1
BRDA:161,17,0,0
BRDA:161,17,1,0
BRDA:165,18,0,1
BRDA:165,18,1,0
BRDA:171,19,0,1
BRDA:171,19,1,0
BRDA:172,20,0,1
BRDA:172,20,1,0
BRF:41
BRH:17
end_of_record
TN:
SF:contracts\amm\fees\DynamicFeeCalculator.ts
FN:10,(anonymous_0)
FN:22,(anonymous_1)
FN:29,(anonymous_2)
FN:32,(anonymous_3)
FN:33,(anonymous_4)
FNF:5
FNH:5
FNDA:5,(anonymous_0)
FNDA:5,(anonymous_1)
FNDA:5,(anonymous_2)
FNDA:1,(anonymous_3)
FNDA:2,(anonymous_4)
DA:1,1
DA:2,8
DA:3,8
DA:4,8
DA:11,5
DA:12,5
DA:15,5
DA:16,5
DA:19,5
DA:23,5
DA:24,5
DA:25,0
DA:30,5
DA:32,1
DA:33,2
DA:35,1
LF:16
LH:15
BRDA:24,0,0,0
BRDA:24,0,1,5
BRDA:30,1,0,4
BRDA:30,1,1,1
BRF:4
BRH:3
end_of_record
TN:
SF:contracts\amm\libraries\AMMLib.ts
FN:6,(anonymous_0)
FN:16,(anonymous_1)
FN:23,(anonymous_2)
FN:30,(anonymous_3)
FN:38,(anonymous_4)
FN:47,(anonymous_5)
FN:56,(anonymous_6)
FN:64,(anonymous_7)
FNF:8
FNH:6
FNDA:6,(anonymous_0)
FNDA:5,(anonymous_1)
FNDA:14,(anonymous_2)
FNDA:0,(anonymous_3)
FNDA:1,(anonymous_4)
FNDA:7,(anonymous_5)
FNDA:6,(anonymous_6)
FNDA:0,(anonymous_7)
DA:1,1
DA:7,6
DA:8,6
DA:9,6
DA:10,6
DA:17,5
DA:24,14
DA:31,0
DA:39,1
DA:40,1
DA:48,7
DA:49,7
DA:57,6
DA:58,6
DA:65,0
DA:66,0
DA:67,0
DA:68,0
DA:69,0
DA:70,0
DA:72,0
DA:73,0
DA:74,0
DA:76,0
LF:24
LH:13
BRDA:6,0,0,0
BRDA:48,1,0,0
BRDA:48,1,1,7
BRDA:57,2,0,0
BRDA:57,2,1,6
BRDA:65,3,0,0
BRDA:65,3,1,0
BRDA:73,4,0,0
BRDA:73,4,1,0
BRF:9
BRH:2
end_of_record
TN:
SF:contracts\amm\liquidity\ConcentratedLiquidity.ts
FN:11,(anonymous_0)
FN:57,(anonymous_1)
FN:75,(anonymous_2)
FN:80,(anonymous_3)
FN:81,(anonymous_4)
FN:84,(anonymous_5)
FNF:6
FNH:4
FNDA:6,(anonymous_0)
FNDA:0,(anonymous_1)
FNDA:12,(anonymous_2)
FNDA:1,(anonymous_3)
FNDA:1,(anonymous_4)
FNDA:0,(anonymous_5)
DA:1,1
DA:4,1
DA:5,8
DA:6,8
DA:19,6
DA:20,6
DA:21,6
DA:22,6
DA:24,6
DA:25,6
DA:26,0
DA:27,6
DA:28,6
DA:29,6
DA:30,6
DA:32,0
DA:35,6
DA:47,6
DA:48,6
DA:49,6
DA:51,6
DA:58,0
DA:59,0
DA:60,0
DA:63,0
DA:64,0
DA:65,0
DA:67,0
DA:68,0
DA:69,0
DA:72,0
DA:76,12
DA:77,12
DA:81,1
DA:85,0
LF:35
LH:22
BRDA:25,0,0,0
BRDA:25,0,1,6
BRDA:27,1,0,6
BRDA:27,1,1,0
BRDA:59,2,0,0
BRDA:59,2,1,0
BRDA:60,3,0,0
BRDA:60,3,1,0
BRDA:68,4,0,0
BRDA:68,4,1,0
BRDA:76,5,0,12
BRDA:76,5,1,12
BRF:12
BRH:4
end_of_record
TN:
SF:contracts\amm\oracles\AMMOracle.ts
FN:9,(anonymous_0)
FN:18,(anonymous_1)
FN:27,(anonymous_2)
FNF:3
FNH:2
FNDA:8,(anonymous_0)
FNDA:6,(anonymous_1)
FNDA:0,(anonymous_2)
DA:1,1
DA:2,8
DA:3,8
DA:4,8
DA:10,8
DA:11,8
DA:19,6
DA:20,0
DA:23,6
DA:24,6
DA:28,0
LF:11
LH:9
BRDA:19,0,0,0
BRDA:19,0,1,6
BRF:2
BRH:1
end_of_record
TN:
SF:contracts\batching\BatchProcessor.ts
FN:41,(anonymous_0)
FN:71,(anonymous_1)
FN:76,(anonymous_2)
FN:87,(anonymous_3)
FN:95,(anonymous_4)
FN:111,(anonymous_5)
FN:139,(anonymous_6)
FN:149,(anonymous_7)
FN:159,(anonymous_8)
FN:163,(anonymous_9)
FN:171,(anonymous_10)
FN:174,(anonymous_11)
FN:181,(anonymous_12)
FN:203,(anonymous_13)
FN:209,(anonymous_14)
FN:213,(anonymous_15)
FN:320,(anonymous_16)
FN:357,(anonymous_17)
FN:381,(anonymous_18)
FN:406,(anonymous_19)
FN:417,(anonymous_20)
FN:425,(anonymous_21)
FN:429,(anonymous_22)
FN:435,(anonymous_23)
FN:440,(anonymous_24)
FN:444,(anonymous_25)
FN:450,(anonymous_26)
FN:460,(anonymous_27)
FN:475,(anonymous_28)
FN:477,(anonymous_29)
FN:483,(anonymous_30)
FNF:31
FNH:30
FNDA:30,(anonymous_0)
FNDA:30,(anonymous_1)
FNDA:189,(anonymous_2)
FNDA:127,(anonymous_3)
FNDA:127,(anonymous_4)
FNDA:2,(anonymous_5)
FNDA:2,(anonymous_6)
FNDA:1,(anonymous_7)
FNDA:2,(anonymous_8)
FNDA:11,(anonymous_9)
FNDA:2,(anonymous_10)
FNDA:1,(anonymous_11)
FNDA:12,(anonymous_12)
FNDA:0,(anonymous_13)
FNDA:6,(anonymous_14)
FNDA:7,(anonymous_15)
FNDA:2,(anonymous_16)
FNDA:2,(anonymous_17)
FNDA:1,(anonymous_18)
FNDA:1,(anonymous_19)
FNDA:1,(anonymous_20)
FNDA:1,(anonymous_21)
FNDA:1,(anonymous_22)
FNDA:5,(anonymous_23)
FNDA:1,(anonymous_24)
FNDA:2,(anonymous_25)
FNDA:23,(anonymous_26)
FNDA:23,(anonymous_27)
FNDA:5,(anonymous_28)
FNDA:5,(anonymous_29)
FNDA:5,(anonymous_30)
DA:2,1
DA:14,1
DA:20,1
DA:24,30
DA:25,30
DA:26,30
DA:42,30
DA:59,30
DA:72,30
DA:73,30
DA:76,189
DA:78,30
DA:79,1
DA:82,29
DA:83,1
DA:87,127
DA:89,28
DA:95,127
DA:101,28
DA:102,28
DA:104,28
DA:105,1
DA:108,28
DA:112,2
DA:113,2
DA:114,0
DA:117,2
DA:118,1
DA:121,1
DA:122,0
DA:125,1
DA:126,0
DA:129,1
DA:130,1
DA:133,1
DA:134,1
DA:135,0
DA:140,2
DA:141,2
DA:142,0
DA:145,2
DA:146,1
DA:149,1
DA:150,1
DA:151,0
DA:154,1
DA:155,1
DA:158,1
DA:159,2
DA:164,11
DA:165,11
DA:166,0
DA:168,11
DA:172,2
DA:173,2
DA:174,1
DA:176,1
DA:182,12
DA:183,12
DA:184,0
DA:187,12
DA:189,12
DA:191,12
DA:192,11
DA:193,11
DA:196,12
DA:197,1
DA:200,12
DA:204,0
DA:210,6
DA:214,7
DA:215,7
DA:216,1
DA:219,6
DA:220,0
DA:224,6
DA:225,6
DA:226,0
DA:229,6
DA:230,6
DA:232,6
DA:233,0
DA:236,6
DA:237,6
DA:247,6
DA:249,6
DA:250,6
DA:252,6
DA:253,24
DA:255,24
DA:257,24
DA:258,23
DA:259,23
DA:262,23
DA:263,23
DA:268,23
DA:271,1
DA:272,1
DA:273,1
DA:276,0
DA:277,0
DA:278,0
DA:282,6
DA:283,6
DA:285,6
DA:286,6
DA:288,6
DA:289,5
DA:290,5
DA:292,1
DA:293,1
DA:296,1
DA:297,1
DA:302,5
DA:305,1
DA:306,1
DA:307,1
DA:308,1
DA:311,6
DA:312,1
DA:315,6
DA:321,2
DA:322,2
DA:323,0
DA:326,2
DA:327,0
DA:330,2
DA:331,1
DA:334,1
DA:336,1
DA:338,1
DA:339,5
DA:340,5
DA:344,1
DA:346,1
DA:347,0
DA:350,1
DA:352,0
DA:353,0
DA:358,2
DA:359,0
DA:362,2
DA:363,2
DA:364,0
DA:367,2
DA:368,1
DA:371,1
DA:372,1
DA:374,1
DA:375,0
DA:382,1
DA:383,1
DA:384,0
DA:387,1
DA:392,1
DA:393,1
DA:395,1
DA:407,1
DA:408,1
DA:409,0
DA:412,1
DA:418,1
DA:419,1
DA:420,0
DA:422,1
DA:426,1
DA:430,1
DA:431,1
DA:432,0
DA:435,5
DA:441,1
DA:445,2
DA:454,23
DA:460,23
DA:462,23
DA:469,23
DA:470,23
DA:472,23
DA:477,5
DA:480,5
DA:484,5
DA:487,5
DA:488,5
DA:491,5
DA:492,5
DA:493,5
LF:186
LH:159
BRDA:78,0,0,1
BRDA:78,0,1,29
BRDA:82,1,0,1
BRDA:82,1,1,28
BRDA:104,2,0,1
BRDA:104,2,1,27
BRDA:113,3,0,0
BRDA:113,3,1,2
BRDA:117,4,0,1
BRDA:117,4,1,1
BRDA:121,5,0,0
BRDA:121,5,1,1
BRDA:125,6,0,0
BRDA:125,6,1,1
BRDA:134,7,0,0
BRDA:134,7,1,1
BRDA:141,8,0,0
BRDA:141,8,1,2
BRDA:145,9,0,1
BRDA:145,9,1,1
BRDA:150,10,0,0
BRDA:150,10,1,1
BRDA:158,11,0,1
BRDA:158,11,1,0
BRDA:165,12,0,0
BRDA:165,12,1,11
BRDA:173,13,0,1
BRDA:173,13,1,1
BRDA:183,14,0,0
BRDA:183,14,1,12
BRDA:191,15,0,11
BRDA:191,15,1,1
BRDA:196,16,0,1
BRDA:196,16,1,11
BRDA:215,17,0,1
BRDA:215,17,1,6
BRDA:219,18,0,0
BRDA:219,18,1,6
BRDA:219,19,0,6
BRDA:219,19,1,6
BRDA:225,20,0,0
BRDA:225,20,1,6
BRDA:232,21,0,0
BRDA:232,21,1,6
BRDA:257,22,0,23
BRDA:257,22,1,1
BRDA:262,23,0,23
BRDA:262,23,1,0
BRDA:262,24,0,23
BRDA:262,24,1,23
BRDA:288,25,0,5
BRDA:288,25,1,1
BRDA:296,26,0,1
BRDA:296,26,1,0
BRDA:296,27,0,1
BRDA:296,27,1,1
BRDA:311,28,0,1
BRDA:311,28,1,5
BRDA:322,29,0,0
BRDA:322,29,1,2
BRDA:326,30,0,0
BRDA:326,30,1,2
BRDA:330,31,0,1
BRDA:330,31,1,1
BRDA:330,32,0,2
BRDA:330,32,1,2
BRDA:339,33,0,5
BRDA:339,33,1,0
BRDA:346,34,0,0
BRDA:346,34,1,1
BRDA:358,35,0,0
BRDA:358,35,1,2
BRDA:363,36,0,0
BRDA:363,36,1,2
BRDA:367,37,0,1
BRDA:367,37,1,1
BRDA:374,38,0,0
BRDA:374,38,1,1
BRDA:383,39,0,0
BRDA:383,39,1,1
BRDA:398,40,0,0
BRDA:398,40,1,1
BRDA:408,41,0,0
BRDA:408,41,1,1
BRDA:419,42,0,0
BRDA:419,42,1,1
BRDA:431,43,0,0
BRDA:431,43,1,1
BRDA:463,44,0,23
BRDA:463,44,1,0
BRF:90
BRH:63
end_of_record
TN:
SF:contracts\batching\libraries\BatchingLib.ts
FN:22,(anonymous_0)
FN:33,(anonymous_1)
FN:42,(anonymous_2)
FN:43,(anonymous_3)
FN:51,(anonymous_4)
FN:60,(anonymous_5)
FN:72,(anonymous_6)
FN:108,(anonymous_7)
FN:127,(anonymous_8)
FN:136,(anonymous_9)
FN:142,(anonymous_10)
FN:143,(anonymous_11)
FN:172,(anonymous_12)
FN:180,(anonymous_13)
FN:187,(anonymous_14)
FN:201,(anonymous_15)
FN:214,(anonymous_16)
FN:228,(anonymous_17)
FN:229,(anonymous_18)
FN:230,(anonymous_19)
FN:243,(anonymous_20)
FN:271,(anonymous_21)
FN:272,(anonymous_22)
FN:281,(anonymous_23)
FN:295,(anonymous_24)
FN:308,(anonymous_25)
FN:321,(anonymous_26)
FN:340,(anonymous_27)
FN:354,(anonymous_28)
FN:357,(anonymous_29)
FNF:30
FNH:24
FNDA:30,(anonymous_0)
FNDA:192,(anonymous_1)
FNDA:19,(anonymous_2)
FNDA:61,(anonymous_3)
FNDA:0,(anonymous_4)
FNDA:0,(anonymous_5)
FNDA:236,(anonymous_6)
FNDA:12,(anonymous_7)
FNDA:46,(anonymous_8)
FNDA:45,(anonymous_9)
FNDA:45,(anonymous_10)
FNDA:45,(anonymous_11)
FNDA:13,(anonymous_12)
FNDA:55,(anonymous_13)
FNDA:55,(anonymous_14)
FNDA:13,(anonymous_15)
FNDA:55,(anonymous_16)
FNDA:65,(anonymous_17)
FNDA:520,(anonymous_18)
FNDA:275,(anonymous_19)
FNDA:55,(anonymous_20)
FNDA:40,(anonymous_21)
FNDA:175,(anonymous_22)
FNDA:13,(anonymous_23)
FNDA:0,(anonymous_24)
FNDA:0,(anonymous_25)
FNDA:23,(anonymous_26)
FNDA:23,(anonymous_27)
FNDA:0,(anonymous_28)
FNDA:0,(anonymous_29)
DA:1,1
DA:13,1
DA:23,30
DA:34,192
DA:43,61
DA:52,0
DA:60,0
DA:61,0
DA:64,0
DA:74,236
DA:75,3
DA:79,233
DA:80,0
DA:84,233
DA:85,0
DA:89,233
DA:90,0
DA:94,233
DA:95,233
DA:96,0
DA:99,233
DA:109,12
DA:110,12
DA:113,12
DA:114,0
DA:117,12
DA:118,0
DA:121,12
DA:122,0
DA:126,12
DA:127,12
DA:128,46
DA:129,45
DA:131,1
DA:136,45
DA:137,12
DA:138,0
DA:142,45
DA:143,45
DA:144,12
DA:145,0
DA:149,12
DA:150,12
DA:151,12
DA:153,12
DA:154,3
DA:157,12
DA:174,13
DA:177,13
DA:180,55
DA:186,13
DA:187,13
DA:188,55
DA:193,13
DA:202,13
DA:214,13
DA:215,55
DA:219,13
DA:227,13
DA:228,13
DA:229,65
DA:230,520
DA:231,520
DA:235,13
DA:244,55
DA:255,55
DA:258,55
DA:259,55
DA:260,0
DA:263,55
DA:272,175
DA:282,13
DA:283,13
DA:285,13
DA:287,13
DA:296,0
DA:297,0
DA:308,0
DA:309,0
DA:310,0
DA:326,23
DA:341,23
DA:346,23
DA:355,0
DA:357,0
DA:370,0
LF:86
LH:64
BRDA:74,0,0,3
BRDA:74,0,1,233
BRDA:74,1,0,236
BRDA:74,1,1,236
BRDA:74,1,2,233
BRDA:79,2,0,0
BRDA:79,2,1,233
BRDA:79,3,0,233
BRDA:79,3,1,233
BRDA:79,3,2,233
BRDA:84,4,0,0
BRDA:84,4,1,233
BRDA:84,5,0,233
BRDA:84,5,1,233
BRDA:89,6,0,0
BRDA:89,6,1,233
BRDA:95,7,0,0
BRDA:95,7,1,233
BRDA:113,8,0,0
BRDA:113,8,1,12
BRDA:117,9,0,0
BRDA:117,9,1,12
BRDA:121,10,0,0
BRDA:121,10,1,12
BRDA:128,11,0,45
BRDA:128,11,1,1
BRDA:137,12,0,0
BRDA:137,12,1,12
BRDA:144,13,0,0
BRDA:144,13,1,12
BRDA:153,14,0,3
BRDA:153,14,1,9
BRDA:186,15,0,13
BRDA:186,15,1,0
BRDA:188,16,0,55
BRDA:188,16,1,0
BRDA:255,17,0,55
BRDA:255,17,1,0
BRDA:259,18,0,0
BRDA:259,18,1,55
BRDA:259,19,0,55
BRDA:259,19,1,0
BRDA:285,20,0,0
BRDA:285,20,1,13
BRDA:309,21,0,0
BRDA:309,21,1,0
BRF:46
BRH:29
end_of_record
TN:
SF:contracts\batching\structures\BatchStructure.ts
FN:5,(anonymous_0)
FN:15,(anonymous_1)
FN:23,(anonymous_2)
FNF:3
FNH:3
FNDA:1,(anonymous_0)
FNDA:1,(anonymous_1)
FNDA:1,(anonymous_2)
DA:5,1
DA:6,1
DA:7,1
DA:8,1
DA:9,1
DA:10,1
DA:11,1
DA:12,1
DA:15,1
DA:16,1
DA:17,1
DA:18,1
DA:19,1
DA:20,1
DA:23,1
DA:24,1
DA:25,1
DA:26,1
DA:27,1
DA:28,1
DA:29,1
DA:30,1
DA:31,1
LF:23
LH:23
BRDA:5,0,0,1
BRDA:5,0,1,1
BRDA:15,1,0,1
BRDA:15,1,1,1
BRDA:23,2,0,1
BRDA:23,2,1,1
BRF:6
BRH:6
end_of_record
TN:
SF:contracts\fees\DynamicFeeSwitch.ts
FN:11,(anonymous_0)
FN:16,(anonymous_1)
FN:29,(anonymous_2)
FN:33,(anonymous_3)
FN:37,(anonymous_4)
FN:41,(anonymous_5)
FN:45,(anonymous_6)
FNF:7
FNH:6
FNDA:5,(anonymous_0)
FNDA:4,(anonymous_1)
FNDA:1,(anonymous_2)
FNDA:1,(anonymous_3)
FNDA:0,(anonymous_4)
FNDA:1,(anonymous_5)
FNDA:1,(anonymous_6)
DA:2,1
DA:3,1
DA:4,1
DA:6,1
DA:9,5
DA:12,5
DA:13,5
DA:17,4
DA:18,1
DA:21,3
DA:22,3
DA:23,0
DA:26,3
DA:30,1
DA:34,1
DA:38,0
DA:42,1
DA:46,1
LF:18
LH:16
BRDA:17,0,0,1
BRDA:17,0,1,3
BRDA:22,1,0,0
BRDA:22,1,1,3
BRF:4
BRH:3
end_of_record
TN:
SF:contracts\fees\FeeManager.ts
FN:52,(anonymous_0)
FN:59,(anonymous_1)
FN:104,(anonymous_2)
FN:150,(anonymous_3)
FN:161,(anonymous_4)
FN:165,(anonymous_5)
FN:187,(anonymous_6)
FN:197,(anonymous_7)
FN:203,(anonymous_8)
FN:221,(anonymous_9)
FN:239,(anonymous_10)
FN:248,(anonymous_11)
FN:260,(anonymous_12)
FN:283,(anonymous_13)
FN:287,(anonymous_14)
FN:303,(anonymous_15)
FN:310,(anonymous_16)
FN:322,(anonymous_17)
FN:326,(anonymous_18)
FN:346,(anonymous_19)
FN:376,(anonymous_20)
FN:389,(anonymous_21)
FN:393,(anonymous_22)
FN:395,(anonymous_23)
FN:398,(anonymous_24)
FN:411,(anonymous_25)
FN:413,(anonymous_26)
FN:414,(anonymous_27)
FN:417,(anonymous_28)
FN:422,(anonymous_29)
FN:459,(anonymous_30)
FN:464,(anonymous_31)
FN:487,(anonymous_32)
FN:503,(anonymous_33)
FN:519,(anonymous_34)
FN:541,(anonymous_35)
FN:562,(anonymous_36)
FN:600,(anonymous_37)
FN:609,(anonymous_38)
FN:614,(anonymous_39)
FN:619,(anonymous_40)
FN:623,(anonymous_41)
FN:631,(anonymous_42)
FN:637,(anonymous_43)
FN:642,(anonymous_44)
FN:648,(anonymous_45)
FN:676,(anonymous_46)
FN:683,(anonymous_47)
FN:687,(anonymous_48)
FN:691,(anonymous_49)
FN:695,(anonymous_50)
FN:699,(anonymous_51)
FNF:52
FNH:37
FNDA:37,(anonymous_0)
FNDA:29,(anonymous_1)
FNDA:5,(anonymous_2)
FNDA:0,(anonymous_3)
FNDA:47,(anonymous_4)
FNDA:1,(anonymous_5)
FNDA:4,(anonymous_6)
FNDA:0,(anonymous_7)
FNDA:1,(anonymous_8)
FNDA:0,(anonymous_9)
FNDA:36,(anonymous_10)
FNDA:3,(anonymous_11)
FNDA:5,(anonymous_12)
FNDA:0,(anonymous_13)
FNDA:1,(anonymous_14)
FNDA:0,(anonymous_15)
FNDA:1,(anonymous_16)
FNDA:1,(anonymous_17)
FNDA:1,(anonymous_18)
FNDA:6,(anonymous_19)
FNDA:1,(anonymous_20)
FNDA:11,(anonymous_21)
FNDA:32,(anonymous_22)
FNDA:0,(anonymous_23)
FNDA:6,(anonymous_24)
FNDA:32,(anonymous_25)
FNDA:0,(anonymous_26)
FNDA:0,(anonymous_27)
FNDA:0,(anonymous_28)
FNDA:1008,(anonymous_29)
FNDA:2,(anonymous_30)
FNDA:1,(anonymous_31)
FNDA:0,(anonymous_32)
FNDA:4,(anonymous_33)
FNDA:37,(anonymous_34)
FNDA:0,(anonymous_35)
FNDA:2,(anonymous_36)
FNDA:5,(anonymous_37)
FNDA:1,(anonymous_38)
FNDA:1,(anonymous_39)
FNDA:2,(anonymous_40)
FNDA:1,(anonymous_41)
FNDA:1,(anonymous_42)
FNDA:26,(anonymous_43)
FNDA:46,(anonymous_44)
FNDA:37,(anonymous_45)
FNDA:30,(anonymous_46)
FNDA:2,(anonymous_47)
FNDA:0,(anonymous_48)
FNDA:0,(anonymous_49)
FNDA:0,(anonymous_50)
FNDA:0,(anonymous_51)
DA:2,1
DA:17,1
DA:23,1
DA:25,37
DA:26,37
DA:29,37
DA:30,37
DA:31,37
DA:32,37
DA:33,37
DA:34,37
DA:35,37
DA:36,37
DA:53,37
DA:54,37
DA:65,29
DA:67,28
DA:68,28
DA:69,1
DA:72,27
DA:73,27
DA:74,27
DA:75,27
DA:77,27
DA:88,27
DA:89,27
DA:90,1
DA:93,26
DA:96,26
DA:99,26
DA:101,26
DA:113,5
DA:114,5
DA:115,5
DA:116,1
DA:120,4
DA:121,4
DA:122,0
DA:125,4
DA:126,4
DA:127,4
DA:129,4
DA:140,4
DA:142,4
DA:143,4
DA:145,4
DA:151,0
DA:152,0
DA:154,0
DA:155,0
DA:157,0
DA:158,0
DA:162,47
DA:166,1
DA:167,1
DA:169,1
DA:170,1
DA:171,0
DA:174,1
DA:181,1
DA:182,1
DA:188,4
DA:189,4
DA:191,4
DA:192,4
DA:193,0
DA:196,4
DA:197,4
DA:199,4
DA:200,4
DA:204,1
DA:205,1
DA:207,1
DA:208,1
DA:209,0
DA:212,1
DA:213,0
DA:216,1
DA:217,1
DA:218,1
DA:222,0
DA:223,0
DA:225,0
DA:226,0
DA:227,0
DA:230,0
DA:231,0
DA:234,0
DA:235,0
DA:236,0
DA:240,36
DA:241,36
DA:242,34
DA:245,2
DA:249,3
DA:251,3
DA:252,3
DA:255,3
DA:261,5
DA:263,5
DA:264,1
DA:267,4
DA:270,4
DA:276,4
DA:277,0
DA:280,4
DA:284,0
DA:288,1
DA:289,1
DA:291,1
DA:292,1
DA:293,0
DA:296,1
DA:297,1
DA:299,1
DA:300,1
DA:304,0
DA:305,0
DA:311,1
DA:312,1
DA:315,1
DA:316,1
DA:319,0
DA:323,1
DA:327,1
DA:329,1
DA:330,1
DA:331,0
DA:334,1
DA:336,1
DA:337,3
DA:338,3
DA:341,1
DA:353,6
DA:354,6
DA:356,6
DA:358,6
DA:370,6
DA:371,6
DA:373,6
DA:377,1
DA:379,1
DA:380,1
DA:381,0
DA:384,1
DA:385,1
DA:386,1
DA:390,11
DA:394,32
DA:395,0
DA:399,6
DA:400,6
DA:401,1
DA:404,5
DA:405,1
DA:408,4
DA:412,32
DA:413,0
DA:414,0
DA:417,32
DA:430,1008
DA:444,1008
DA:445,4
DA:448,1008
DA:449,1008
DA:452,1008
DA:453,5
DA:456,1008
DA:460,2
DA:461,2
DA:470,1
DA:471,1
DA:472,1
DA:474,1
DA:475,2
DA:476,2
DA:477,0
DA:480,2
DA:481,0
DA:484,2
DA:485,2
DA:487,2
DA:488,0
DA:493,1
DA:504,4
DA:505,4
DA:507,4
DA:516,4
DA:520,37
DA:521,37
DA:523,37
DA:524,33
DA:528,4
DA:529,4
DA:533,4
DA:534,0
DA:535,0
DA:538,4
DA:542,0
DA:543,0
DA:544,0
DA:547,0
DA:548,0
DA:550,0
DA:551,0
DA:552,0
DA:553,0
DA:557,0
DA:570,2
DA:572,2
DA:573,2
DA:575,2
DA:576,5
DA:577,5
DA:578,0
DA:581,5
DA:583,5
DA:594,5
DA:597,2
DA:600,5
DA:601,2
DA:602,2
DA:604,2
DA:610,1
DA:611,1
DA:615,1
DA:616,1
DA:620,2
DA:624,1
DA:625,1
DA:626,0
DA:628,1
DA:632,1
DA:643,46
DA:644,1
DA:650,37
DA:651,111
DA:667,111
DA:671,37
DA:672,111
DA:677,30
DA:684,2
DA:688,0
DA:692,0
DA:696,0
DA:700,0
LF:246
LH:193
BRDA:68,0,0,1
BRDA:68,0,1,27
BRDA:72,1,0,27
BRDA:72,1,1,27
BRDA:82,2,0,27
BRDA:82,2,1,26
BRDA:83,3,0,27
BRDA:83,3,1,27
BRDA:89,4,0,1
BRDA:89,4,1,26
BRDA:113,5,0,5
BRDA:113,5,1,0
BRDA:114,6,0,5
BRDA:114,6,1,0
BRDA:115,7,0,1
BRDA:115,7,1,4
BRDA:115,8,0,5
BRDA:115,8,1,5
BRDA:121,9,0,0
BRDA:121,9,1,4
BRDA:125,10,0,4
BRDA:125,10,1,4
BRDA:134,11,0,4
BRDA:134,11,1,3
BRDA:162,12,0,47
BRDA:162,12,1,1
BRDA:170,13,0,0
BRDA:170,13,1,1
BRDA:192,14,0,0
BRDA:192,14,1,4
BRDA:208,15,0,0
BRDA:208,15,1,1
BRDA:212,16,0,0
BRDA:212,16,1,1
BRDA:212,17,0,1
BRDA:212,17,1,1
BRDA:226,18,0,0
BRDA:226,18,1,0
BRDA:230,19,0,0
BRDA:230,19,1,0
BRDA:230,20,0,0
BRDA:230,20,1,0
BRDA:241,21,0,34
BRDA:241,21,1,2
BRDA:245,22,0,2
BRDA:245,22,1,0
BRDA:251,23,0,3
BRDA:251,23,1,0
BRDA:263,24,0,1
BRDA:263,24,1,4
BRDA:263,25,0,5
BRDA:263,25,1,5
BRDA:276,26,0,0
BRDA:276,26,1,4
BRDA:292,27,0,0
BRDA:292,27,1,1
BRDA:305,28,0,0
BRDA:305,28,1,0
BRDA:315,29,0,1
BRDA:315,29,1,0
BRDA:323,30,0,1
BRDA:323,30,1,0
BRDA:330,31,0,0
BRDA:330,31,1,1
BRDA:380,32,0,0
BRDA:380,32,1,1
BRDA:390,33,0,11
BRDA:390,33,1,0
BRDA:395,34,0,0
BRDA:395,34,1,0
BRDA:400,35,0,1
BRDA:400,35,1,5
BRDA:400,36,0,6
BRDA:400,36,1,6
BRDA:404,37,0,1
BRDA:404,37,1,4
BRDA:404,38,0,5
BRDA:404,38,1,1
BRDA:413,39,0,0
BRDA:413,39,1,0
BRDA:436,40,0,1008
BRDA:436,40,1,0
BRDA:444,41,0,4
BRDA:444,41,1,1004
BRDA:452,42,0,5
BRDA:452,42,1,1003
BRDA:460,43,0,2
BRDA:460,43,1,0
BRDA:461,44,0,0
BRDA:461,44,1,2
BRDA:476,45,0,0
BRDA:476,45,1,2
BRDA:480,46,0,0
BRDA:480,46,1,2
BRDA:480,47,0,2
BRDA:480,47,1,0
BRDA:480,47,2,0
BRDA:487,48,0,0
BRDA:487,48,1,2
BRDA:495,49,0,1
BRDA:495,49,1,0
BRDA:511,50,0,4
BRDA:511,50,1,4
BRDA:519,51,0,37
BRDA:523,52,0,33
BRDA:523,52,1,4
BRDA:529,53,0,0
BRDA:529,53,1,4
BRDA:530,54,0,0
BRDA:530,54,1,4
BRDA:533,55,0,0
BRDA:533,55,1,4
BRDA:543,56,0,0
BRDA:543,56,1,0
BRDA:552,57,0,0
BRDA:552,57,1,0
BRDA:577,58,0,0
BRDA:577,58,1,5
BRDA:587,59,0,5
BRDA:587,59,1,5
BRDA:588,60,0,5
BRDA:588,60,1,5
BRDA:589,61,0,5
BRDA:589,61,1,5
BRDA:625,62,0,0
BRDA:625,62,1,1
BRDA:643,63,0,1
BRDA:643,63,1,45
BRDA:659,64,0,111
BRDA:659,64,1,111
BRDA:688,65,0,0
BRDA:688,65,1,0
BRF:132
BRH:84
end_of_record
TN:
SF:contracts\fees\distribution\FeeDistributor.ts
FN:5,(anonymous_0)
FN:14,(anonymous_1)
FN:18,(anonymous_2)
FNF:3
FNH:3
FNDA:1,(anonymous_0)
FNDA:1,(anonymous_1)
FNDA:1,(anonymous_2)
DA:1,1
DA:2,5
DA:3,5
DA:7,1
DA:8,1
DA:10,1
DA:11,1
DA:15,1
DA:19,1
LF:9
LH:9
BRF:0
BRH:0
end_of_record
TN:
SF:contracts\fees\libraries\FeeCalculation.ts
FN:31,(anonymous_0)
FN:117,(anonymous_1)
FN:142,(anonymous_2)
FN:150,(anonymous_3)
FN:151,(anonymous_4)
FN:166,(anonymous_5)
FN:189,(anonymous_6)
FN:207,(anonymous_7)
FN:228,(anonymous_8)
FN:246,(anonymous_9)
FN:271,(anonymous_10)
FN:296,(anonymous_11)
FN:309,(anonymous_12)
FN:310,(anonymous_13)
FN:318,(anonymous_14)
FN:337,(anonymous_15)
FNF:16
FNH:15
FNDA:37,(anonymous_0)
FNDA:37,(anonymous_1)
FNDA:33,(anonymous_2)
FNDA:3,(anonymous_3)
FNDA:0,(anonymous_4)
FNDA:37,(anonymous_5)
FNDA:37,(anonymous_6)
FNDA:37,(anonymous_7)
FNDA:38,(anonymous_8)
FNDA:3,(anonymous_9)
FNDA:1,(anonymous_10)
FNDA:2,(anonymous_11)
FNDA:2,(anonymous_12)
FNDA:1,(anonymous_13)
FNDA:1,(anonymous_14)
FNDA:27,(anonymous_15)
DA:1,1
DA:23,1
DA:24,1
DA:25,1
DA:26,1
DA:35,37
DA:36,37
DA:37,37
DA:38,37
DA:40,37
DA:41,37
DA:44,37
DA:45,1
DA:46,1
DA:47,1
DA:55,37
DA:56,2
DA:57,2
DA:58,2
DA:66,37
DA:68,4
DA:70,1
DA:71,1
DA:72,3
DA:73,1
DA:74,1
DA:76,2
DA:77,2
DA:81,4
DA:82,3
DA:85,4
DA:92,33
DA:95,37
DA:97,37
DA:118,37
DA:120,1
DA:123,0
DA:126,33
DA:129,3
DA:135,0
DA:144,33
DA:145,2
DA:149,31
DA:150,3
DA:151,0
DA:153,31
DA:154,2
DA:155,2
DA:156,2
DA:160,29
DA:167,37
DA:168,32
DA:171,5
DA:172,5
DA:175,5
DA:178,5
DA:179,5
DA:181,5
DA:183,5
DA:190,37
DA:191,37
DA:194,37
DA:195,37
DA:196,108
DA:197,4
DA:201,37
DA:208,37
DA:209,33
DA:213,4
DA:214,0
DA:218,4
DA:219,1
DA:222,3
DA:229,38
DA:231,1
DA:233,0
DA:235,34
DA:237,3
DA:239,0
DA:250,3
DA:251,0
DA:255,3
DA:256,3
DA:258,3
DA:259,7
DA:261,7
DA:262,7
DA:265,3
DA:275,1
DA:278,1
DA:279,1
DA:281,1
DA:283,1
DA:284,1
DA:286,0
DA:287,0
DA:290,1
DA:291,1
DA:292,1
DA:295,1
DA:296,2
DA:297,1
DA:301,1
DA:302,1
DA:304,1
DA:309,2
DA:310,1
DA:319,1
DA:321,1
DA:323,2
DA:325,2
DA:326,1
DA:328,2
DA:331,1
DA:338,27
DA:340,27
DA:341,1
DA:344,27
DA:345,0
DA:348,27
DA:349,0
DA:352,27
DA:353,0
DA:356,27
DA:357,0
DA:360,27
LF:126
LH:113
BRDA:44,0,0,1
BRDA:44,0,1,36
BRDA:55,1,0,2
BRDA:55,1,1,35
BRDA:66,2,0,4
BRDA:66,2,1,33
BRDA:68,3,0,1
BRDA:68,3,1,3
BRDA:72,4,0,1
BRDA:72,4,1,2
BRDA:81,5,0,3
BRDA:81,5,1,1
BRDA:95,6,0,36
BRDA:95,6,1,1
BRDA:118,7,0,1
BRDA:118,7,1,0
BRDA:118,7,2,33
BRDA:118,7,3,3
BRDA:118,7,4,0
BRDA:144,8,0,2
BRDA:144,8,1,31
BRDA:150,9,0,3
BRDA:150,9,1,2
BRDA:150,9,2,0
BRDA:153,10,0,2
BRDA:153,10,1,29
BRDA:167,11,0,32
BRDA:167,11,1,5
BRDA:196,12,0,4
BRDA:196,12,1,104
BRDA:208,13,0,33
BRDA:208,13,1,4
BRDA:208,14,0,37
BRDA:208,14,1,4
BRDA:213,15,0,0
BRDA:213,15,1,4
BRDA:213,16,0,4
BRDA:213,16,1,0
BRDA:218,17,0,1
BRDA:218,17,1,3
BRDA:229,18,0,1
BRDA:229,18,1,0
BRDA:229,18,2,34
BRDA:229,18,3,3
BRDA:229,18,4,0
BRDA:250,19,0,0
BRDA:250,19,1,3
BRDA:284,20,0,0
BRDA:284,20,1,1
BRDA:309,21,0,1
BRDA:309,21,1,0
BRDA:323,22,0,2
BRDA:323,22,1,2
BRDA:325,23,0,1
BRDA:325,23,1,1
BRDA:340,24,0,1
BRDA:340,24,1,26
BRDA:344,25,0,0
BRDA:344,25,1,27
BRDA:344,26,0,27
BRDA:344,26,1,27
BRDA:348,27,0,0
BRDA:348,27,1,27
BRDA:348,28,0,27
BRDA:348,28,1,27
BRDA:352,29,0,0
BRDA:352,29,1,27
BRDA:352,30,0,27
BRDA:352,30,1,27
BRDA:356,31,0,0
BRDA:356,31,1,27
BRF:71
BRH:57
end_of_record
TN:
SF:contracts\fees\libraries\FeeSwitchLib.ts
FN:2,(anonymous_0)
FN:8,(anonymous_1)
FN:13,(anonymous_2)
FNF:3
FNH:3
FNDA:3,(anonymous_0)
FNDA:3,(anonymous_1)
FNDA:3,(anonymous_2)
DA:1,1
DA:3,3
DA:4,3
DA:5,0
DA:10,3
DA:15,3
DA:16,3
LF:7
LH:6
BRDA:3,0,0,0
BRDA:3,0,1,3
BRDA:4,1,0,3
BRDA:4,1,1,0
BRF:4
BRH:2
end_of_record
TN:
SF:contracts\fees\monitoring\NetworkMonitor.ts
FN:5,(anonymous_0)
FN:10,(anonymous_1)
FN:14,(anonymous_2)
FNF:3
FNH:3
FNDA:1,(anonymous_0)
FNDA:3,(anonymous_1)
FNDA:3,(anonymous_2)
DA:1,1
DA:2,5
DA:3,5
DA:6,1
DA:7,1
DA:11,3
DA:16,3
LF:7
LH:7
BRF:0
BRH:0
end_of_record
TN:
SF:contracts\fees\optimization\FeeOptimizer.ts
FN:4,(anonymous_0)
FNF:1
FNH:1
FNDA:3,(anonymous_0)
DA:1,1
DA:3,1
DA:5,3
DA:6,3
DA:7,3
DA:9,3
LF:6
LH:6
BRF:0
BRH:0
end_of_record
TN:
SF:contracts\fees\structures\FeeStructure.ts
FN:5,(anonymous_0)
FN:12,(anonymous_1)
FNF:2
FNH:2
FNDA:1,(anonymous_0)
FNDA:1,(anonymous_1)
DA:5,1
DA:6,1
DA:7,1
DA:8,1
DA:9,1
DA:12,1
DA:13,1
DA:14,1
DA:15,1
DA:129,1
DA:191,1
LF:11
LH:11
BRDA:5,0,0,1
BRDA:5,0,1,1
BRDA:12,1,0,1
BRDA:12,1,1,1
BRF:4
BRH:4
end_of_record
TN:
SF:contracts\gas\GasOptimizer.ts
FN:60,(anonymous_0)
FN:84,(anonymous_1)
FN:113,(anonymous_2)
FN:167,(anonymous_3)
FN:187,(anonymous_4)
FN:201,(anonymous_5)
FN:202,(anonymous_6)
FN:203,(anonymous_7)
FN:204,(anonymous_8)
FN:212,(anonymous_9)
FN:244,(anonymous_10)
FN:266,(anonymous_11)
FN:270,(anonymous_12)
FN:289,(anonymous_13)
FN:296,(anonymous_14)
FN:306,(anonymous_15)
FN:312,(anonymous_16)
FN:313,(anonymous_17)
FN:314,(anonymous_18)
FN:326,(anonymous_19)
FN:340,(anonymous_20)
FN:353,(anonymous_21)
FN:383,(anonymous_22)
FN:393,(anonymous_23)
FN:397,(anonymous_24)
FN:417,(anonymous_25)
FN:437,(anonymous_26)
FN:452,(anonymous_27)
FN:484,(anonymous_28)
FN:504,(anonymous_29)
FN:522,(anonymous_30)
FN:526,(anonymous_31)
FN:555,(anonymous_32)
FN:571,(anonymous_33)
FN:580,(anonymous_34)
FN:593,(anonymous_35)
FN:607,(anonymous_36)
FN:620,(anonymous_37)
FN:629,(anonymous_38)
FN:640,(anonymous_39)
FN:646,(anonymous_40)
FN:652,(anonymous_41)
FN:657,(anonymous_42)
FN:663,(anonymous_43)
FN:687,(anonymous_44)
FN:688,(anonymous_45)
FN:689,(anonymous_46)
FN:693,(anonymous_47)
FN:694,(anonymous_48)
FN:703,(anonymous_49)
FN:712,(anonymous_50)
FN:731,(anonymous_51)
FN:752,(anonymous_52)
FN:774,(anonymous_53)
FN:780,(anonymous_54)
FN:786,(anonymous_55)
FN:794,(anonymous_56)
FN:795,(anonymous_57)
FN:802,(anonymous_58)
FN:809,(anonymous_59)
FN:818,(anonymous_60)
FN:825,(anonymous_61)
FN:835,(anonymous_62)
FN:841,(anonymous_63)
FN:847,(anonymous_64)
FN:853,(anonymous_65)
FN:859,(anonymous_66)
FN:865,(anonymous_67)
FN:871,(anonymous_68)
FN:879,(anonymous_69)
FN:884,(anonymous_70)
FN:889,(anonymous_71)
FN:893,(anonymous_72)
FN:897,(anonymous_73)
FN:901,(anonymous_74)
FNF:75
FNH:73
FNDA:41,(anonymous_0)
FNDA:15,(anonymous_1)
FNDA:7,(anonymous_2)
FNDA:2,(anonymous_3)
FNDA:3,(anonymous_4)
FNDA:5,(anonymous_5)
FNDA:5,(anonymous_6)
FNDA:5,(anonymous_7)
FNDA:5,(anonymous_8)
FNDA:22,(anonymous_9)
FNDA:2,(anonymous_10)
FNDA:10,(anonymous_11)
FNDA:10,(anonymous_12)
FNDA:15,(anonymous_13)
FNDA:0,(anonymous_14)
FNDA:3,(anonymous_15)
FNDA:7,(anonymous_16)
FNDA:7,(anonymous_17)
FNDA:7,(anonymous_18)
FNDA:1,(anonymous_19)
FNDA:6,(anonymous_20)
FNDA:1,(anonymous_21)
FNDA:1,(anonymous_22)
FNDA:1,(anonymous_23)
FNDA:2,(anonymous_24)
FNDA:1,(anonymous_25)
FNDA:1,(anonymous_26)
FNDA:3,(anonymous_27)
FNDA:1,(anonymous_28)
FNDA:1,(anonymous_29)
FNDA:2,(anonymous_30)
FNDA:1,(anonymous_31)
FNDA:1,(anonymous_32)
FNDA:1,(anonymous_33)
FNDA:4,(anonymous_34)
FNDA:4,(anonymous_35)
FNDA:3,(anonymous_36)
FNDA:1,(anonymous_37)
FNDA:1,(anonymous_38)
FNDA:52,(anonymous_39)
FNDA:36,(anonymous_40)
FNDA:16,(anonymous_41)
FNDA:14,(anonymous_42)
FNDA:13,(anonymous_43)
FNDA:5,(anonymous_44)
FNDA:5,(anonymous_45)
FNDA:5,(anonymous_46)
FNDA:22,(anonymous_47)
FNDA:78,(anonymous_48)
FNDA:5,(anonymous_49)
FNDA:13,(anonymous_50)
FNDA:5,(anonymous_51)
FNDA:1,(anonymous_52)
FNDA:1,(anonymous_53)
FNDA:1,(anonymous_54)
FNDA:1,(anonymous_55)
FNDA:10,(anonymous_56)
FNDA:10,(anonymous_57)
FNDA:1,(anonymous_58)
FNDA:6,(anonymous_59)
FNDA:41,(anonymous_60)
FNDA:3,(anonymous_61)
FNDA:13,(anonymous_62)
FNDA:5,(anonymous_63)
FNDA:2,(anonymous_64)
FNDA:1,(anonymous_65)
FNDA:6,(anonymous_66)
FNDA:0,(anonymous_67)
FNDA:4,(anonymous_68)
FNDA:3,(anonymous_69)
FNDA:1,(anonymous_70)
FNDA:1,(anonymous_71)
FNDA:3,(anonymous_72)
FNDA:4,(anonymous_73)
FNDA:1,(anonymous_74)
DA:7,1
DA:8,1
DA:9,1
DA:10,1
DA:30,1
DA:33,41
DA:34,41
DA:41,41
DA:42,41
DA:43,41
DA:46,41
DA:66,41
DA:67,41
DA:68,41
DA:69,41
DA:70,41
DA:72,41
DA:79,41
DA:90,15
DA:91,14
DA:93,13
DA:103,13
DA:106,13
DA:108,13
DA:110,13
DA:114,7
DA:115,7
DA:117,6
DA:119,6
DA:120,1
DA:124,5
DA:125,0
DA:129,5
DA:135,5
DA:136,5
DA:137,5
DA:139,5
DA:141,5
DA:143,5
DA:144,5
DA:145,5
DA:146,5
DA:147,5
DA:148,5
DA:149,5
DA:151,5
DA:152,5
DA:154,5
DA:156,0
DA:157,0
DA:158,0
DA:161,0
DA:162,0
DA:163,0
DA:168,2
DA:169,2
DA:171,2
DA:173,2
DA:174,0
DA:177,2
DA:180,2
DA:181,0
DA:184,2
DA:195,3
DA:196,3
DA:197,0
DA:200,3
DA:201,5
DA:202,5
DA:203,5
DA:204,5
DA:219,22
DA:220,22
DA:222,22
DA:231,22
DA:233,22
DA:238,22
DA:239,22
DA:241,22
DA:245,2
DA:247,2
DA:248,2
DA:251,2
DA:252,15
DA:253,15
DA:254,10
DA:256,10
DA:257,10
DA:261,2
DA:262,2
DA:263,2
DA:266,10
DA:267,2
DA:270,10
DA:274,2
DA:277,2
DA:278,10
DA:279,10
DA:280,10
DA:284,2
DA:285,2
DA:286,2
DA:289,15
DA:292,0
DA:293,0
DA:294,0
DA:296,0
DA:302,2
DA:303,2
DA:312,7
DA:313,7
DA:314,7
DA:316,3
DA:332,1
DA:341,6
DA:347,6
DA:348,6
DA:350,6
DA:358,1
DA:359,1
DA:362,1
DA:363,1
DA:365,1
DA:366,5
DA:368,5
DA:369,0
DA:370,0
DA:374,1
DA:385,1
DA:388,1
DA:390,1
DA:394,1
DA:398,2
DA:400,2
DA:401,2
DA:402,1
DA:406,1
DA:412,1
DA:422,1
DA:424,1
DA:425,1
DA:430,1
DA:442,1
DA:457,3
DA:458,3
DA:460,3
DA:462,3
DA:463,0
DA:466,3
DA:468,3
DA:477,3
DA:478,3
DA:479,3
DA:481,3
DA:485,1
DA:487,1
DA:488,1
DA:490,1
DA:491,1
DA:492,1
DA:493,1
DA:494,1
DA:496,0
DA:501,1
DA:505,1
DA:507,1
DA:508,1
DA:510,1
DA:511,1
DA:512,1
DA:514,1
DA:517,0
DA:523,2
DA:532,1
DA:533,1
DA:534,1
DA:536,1
DA:537,0
DA:538,0
DA:539,0
DA:540,0
DA:541,0
DA:546,1
DA:548,1
DA:561,1
DA:572,1
DA:574,1
DA:575,1
DA:577,1
DA:581,4
DA:583,4
DA:584,4
DA:585,4
DA:586,4
DA:588,4
DA:590,4
DA:598,4
DA:608,3
DA:610,3
DA:611,2
DA:614,1
DA:615,1
DA:617,1
DA:621,1
DA:623,1
DA:624,1
DA:626,1
DA:630,1
DA:632,1
DA:633,1
DA:635,1
DA:641,52
DA:642,1
DA:647,36
DA:648,1
DA:658,14
DA:659,1
DA:665,13
DA:666,2
DA:670,1
DA:671,1
DA:676,12
DA:683,12
DA:684,12
DA:688,5
DA:689,5
DA:690,5
DA:694,22
DA:696,78
DA:697,20
DA:699,58
DA:712,13
DA:713,5
DA:716,5
DA:717,0
DA:724,5
DA:732,5
DA:733,5
DA:734,5
DA:735,5
DA:738,5
DA:742,5
DA:747,5
DA:749,5
DA:756,1
DA:757,1
DA:758,1
DA:759,1
DA:761,1
DA:771,1
DA:777,1
DA:783,1
DA:787,1
DA:789,1
DA:790,1
DA:792,1
DA:794,10
DA:795,10
DA:797,1
DA:798,1
DA:799,1
DA:803,1
DA:804,0
DA:805,0
DA:806,0
DA:810,6
DA:813,6
DA:814,0
DA:820,41
DA:821,2050
DA:826,3
DA:827,3
DA:828,3
DA:830,3
DA:836,13
DA:837,0
DA:842,5
DA:843,0
DA:848,2
DA:849,0
DA:854,1
DA:855,0
DA:860,6
DA:861,0
DA:866,0
DA:867,0
DA:872,4
DA:873,0
DA:880,3
DA:881,3
DA:885,1
DA:886,1
DA:890,1
DA:894,3
DA:898,4
DA:902,1
LF:296
LH:259
BRDA:63,0,0,0
BRDA:64,1,0,0
BRDA:119,2,0,1
BRDA:119,2,1,5
BRDA:119,3,0,6
BRDA:119,3,1,2
BRDA:124,4,0,0
BRDA:124,4,1,5
BRDA:124,5,0,5
BRDA:124,5,1,1
BRDA:143,6,0,5
BRDA:143,6,1,0
BRDA:158,7,0,0
BRDA:158,7,1,0
BRDA:162,8,0,0
BRDA:162,8,1,0
BRDA:173,9,0,0
BRDA:173,9,1,2
BRDA:173,10,0,2
BRDA:173,10,1,2
BRDA:180,11,0,0
BRDA:180,11,1,2
BRDA:196,12,0,0
BRDA:196,12,1,3
BRDA:252,13,0,0
BRDA:252,13,1,15
BRDA:253,14,0,5
BRDA:253,14,1,10
BRDA:254,15,0,0
BRDA:254,15,1,10
BRDA:257,16,0,0
BRDA:257,16,1,10
BRDA:294,17,0,0
BRDA:294,17,1,0
BRDA:368,18,0,0
BRDA:368,18,1,5
BRDA:401,19,0,1
BRDA:401,19,1,1
BRDA:401,20,0,2
BRDA:401,20,1,2
BRDA:462,21,0,0
BRDA:462,21,1,3
BRDA:491,22,0,1
BRDA:491,22,1,0
BRDA:507,23,0,1
BRDA:507,23,1,0
BRDA:537,24,0,0
BRDA:537,24,1,0
BRDA:537,25,0,0
BRDA:537,25,1,0
BRDA:537,25,2,0
BRDA:538,26,0,0
BRDA:538,26,1,0
BRDA:538,27,0,0
BRDA:538,27,1,0
BRDA:546,28,0,0
BRDA:546,28,1,1
BRDA:610,29,0,2
BRDA:610,29,1,1
BRDA:641,30,0,1
BRDA:641,30,1,51
BRDA:647,31,0,1
BRDA:647,31,1,35
BRDA:658,32,0,1
BRDA:658,32,1,13
BRDA:666,33,0,1
BRDA:666,33,1,1
BRDA:666,34,0,2
BRDA:666,34,1,2
BRDA:666,34,2,2
BRDA:679,35,0,12
BRDA:679,35,1,0
BRDA:690,36,0,4
BRDA:690,36,1,1
BRDA:690,37,0,1
BRDA:690,37,1,0
BRDA:696,38,0,20
BRDA:696,38,1,58
BRDA:716,39,0,0
BRDA:716,39,1,5
BRDA:732,40,0,5
BRDA:732,40,1,0
BRDA:787,41,0,0
BRDA:787,41,1,1
BRDA:792,42,0,0
BRDA:792,42,1,1
BRDA:797,43,0,0
BRDA:797,43,1,1
BRDA:798,44,0,0
BRDA:798,44,1,1
BRDA:803,45,0,1
BRDA:803,45,1,0
BRDA:804,46,0,0
BRDA:804,46,1,0
BRDA:805,47,0,0
BRDA:805,47,1,0
BRDA:813,48,0,0
BRDA:813,48,1,6
BRDA:836,49,0,0
BRDA:836,49,1,13
BRDA:842,50,0,0
BRDA:842,50,1,5
BRDA:848,51,0,0
BRDA:848,51,1,2
BRDA:854,52,0,0
BRDA:854,52,1,1
BRDA:860,53,0,0
BRDA:860,53,1,6
BRDA:866,54,0,0
BRDA:866,54,1,0
BRDA:872,55,0,0
BRDA:872,55,1,4
BRF:112
BRH:60
end_of_record
TN:
SF:contracts\gas\algorithms\OptimizationAlgorithm.ts
FN:19,(anonymous_0)
FN:28,(anonymous_1)
FN:48,(anonymous_2)
FN:62,(anonymous_3)
FN:114,(anonymous_4)
FN:143,(anonymous_5)
FN:191,(anonymous_6)
FN:222,(anonymous_7)
FN:251,(anonymous_8)
FN:260,(anonymous_9)
FN:277,(anonymous_10)
FN:286,(anonymous_11)
FN:314,(anonymous_12)
FN:342,(anonymous_13)
FN:362,(anonymous_14)
FN:392,(anonymous_15)
FN:421,(anonymous_16)
FN:463,(anonymous_17)
FN:468,(anonymous_18)
FN:490,(anonymous_19)
FN:496,(anonymous_20)
FN:527,(anonymous_21)
FN:541,(anonymous_22)
FN:561,(anonymous_23)
FN:578,(anonymous_24)
FN:590,(anonymous_25)
FN:602,(anonymous_26)
FN:614,(anonymous_27)
FN:617,(anonymous_28)
FN:642,(anonymous_29)
FN:655,(anonymous_30)
FN:656,(anonymous_31)
FN:659,(anonymous_32)
FN:660,(anonymous_33)
FN:669,(anonymous_34)
FN:680,(anonymous_35)
FN:681,(anonymous_36)
FN:682,(anonymous_37)
FN:686,(anonymous_38)
FN:695,(anonymous_39)
FN:696,(anonymous_40)
FN:708,(anonymous_41)
FN:709,(anonymous_42)
FN:717,(anonymous_43)
FN:718,(anonymous_44)
FN:725,(anonymous_45)
FN:751,(anonymous_46)
FN:759,(anonymous_47)
FN:772,(anonymous_48)
FN:784,(anonymous_49)
FN:801,(anonymous_50)
FN:808,(anonymous_51)
FN:829,(anonymous_52)
FN:832,(anonymous_53)
FN:833,(anonymous_54)
FN:838,(anonymous_55)
FN:853,(anonymous_56)
FN:856,(anonymous_57)
FN:860,(anonymous_58)
FN:866,(anonymous_59)
FNF:60
FNH:34
FNDA:1,(anonymous_0)
FNDA:1,(anonymous_1)
FNDA:48,(anonymous_2)
FNDA:7,(anonymous_3)
FNDA:17,(anonymous_4)
FNDA:1,(anonymous_5)
FNDA:1,(anonymous_6)
FNDA:2,(anonymous_7)
FNDA:8,(anonymous_8)
FNDA:6,(anonymous_9)
FNDA:48,(anonymous_10)
FNDA:7,(anonymous_11)
FNDA:0,(anonymous_12)
FNDA:0,(anonymous_13)
FNDA:7,(anonymous_14)
FNDA:0,(anonymous_15)
FNDA:0,(anonymous_16)
FNDA:17,(anonymous_17)
FNDA:1,(anonymous_18)
FNDA:0,(anonymous_19)
FNDA:0,(anonymous_20)
FNDA:0,(anonymous_21)
FNDA:0,(anonymous_22)
FNDA:0,(anonymous_23)
FNDA:0,(anonymous_24)
FNDA:0,(anonymous_25)
FNDA:1,(anonymous_26)
FNDA:0,(anonymous_27)
FNDA:0,(anonymous_28)
FNDA:0,(anonymous_29)
FNDA:7,(anonymous_30)
FNDA:16,(anonymous_31)
FNDA:7,(anonymous_32)
FNDA:16,(anonymous_33)
FNDA:7,(anonymous_34)
FNDA:10,(anonymous_35)
FNDA:19,(anonymous_36)
FNDA:19,(anonymous_37)
FNDA:0,(anonymous_38)
FNDA:1,(anonymous_39)
FNDA:0,(anonymous_40)
FNDA:1,(anonymous_41)
FNDA:2,(anonymous_42)
FNDA:0,(anonymous_43)
FNDA:0,(anonymous_44)
FNDA:1,(anonymous_45)
FNDA:2,(anonymous_46)
FNDA:0,(anonymous_47)
FNDA:0,(anonymous_48)
FNDA:0,(anonymous_49)
FNDA:0,(anonymous_50)
FNDA:0,(anonymous_51)
FNDA:0,(anonymous_52)
FNDA:0,(anonymous_53)
FNDA:0,(anonymous_54)
FNDA:8,(anonymous_55)
FNDA:8,(anonymous_56)
FNDA:6,(anonymous_57)
FNDA:2,(anonymous_58)
FNDA:7,(anonymous_59)
DA:6,1
DA:7,1
DA:19,1
DA:20,1
DA:21,1
DA:22,1
DA:23,1
DA:24,1
DA:28,1
DA:29,1
DA:30,1
DA:31,1
DA:32,1
DA:33,1
DA:39,1
DA:43,48
DA:44,48
DA:45,48
DA:46,48
DA:53,48
DA:54,48
DA:55,48
DA:56,48
DA:67,7
DA:70,7
DA:71,7
DA:74,7
DA:83,7
DA:90,7
DA:93,7
DA:95,7
DA:96,7
DA:97,7
DA:99,7
DA:119,17
DA:121,17
DA:124,0
DA:127,0
DA:130,0
DA:133,0
DA:136,0
DA:148,1
DA:151,1
DA:154,1
DA:155,1
DA:157,1
DA:158,1
DA:160,1
DA:167,1
DA:173,1
DA:182,1
DA:185,1
DA:196,1
DA:198,1
DA:200,0
DA:203,0
DA:206,1
DA:209,0
DA:212,0
DA:215,0
DA:223,2
DA:224,2
DA:227,2
DA:229,1
DA:230,1
DA:232,0
DA:235,2
DA:237,0
DA:238,2
DA:240,0
DA:244,2
DA:245,2
DA:258,8
DA:259,8
DA:260,6
DA:263,8
DA:264,8
DA:266,8
DA:278,48
DA:279,48
DA:280,48
DA:281,48
DA:282,48
DA:283,48
DA:293,7
DA:295,0
DA:298,0
DA:301,7
DA:304,0
DA:307,0
DA:310,0
DA:320,0
DA:323,0
DA:324,0
DA:327,0
DA:333,0
DA:335,0
DA:349,0
DA:350,0
DA:353,0
DA:355,0
DA:369,7
DA:372,7
DA:373,7
DA:376,7
DA:377,7
DA:383,7
DA:385,7
DA:399,0
DA:400,0
DA:403,0
DA:404,0
DA:411,0
DA:412,0
DA:414,0
DA:428,0
DA:429,0
DA:432,0
DA:433,0
DA:434,0
DA:436,0
DA:437,0
DA:439,0
DA:440,0
DA:446,0
DA:448,0
DA:449,0
DA:450,0
DA:451,0
DA:456,0
DA:468,17
DA:470,17
DA:471,17
DA:474,0
DA:481,0
DA:482,0
DA:485,0
DA:487,0
DA:495,0
DA:496,0
DA:498,0
DA:499,0
DA:503,0
DA:504,0
DA:506,0
DA:507,0
DA:508,0
DA:509,0
DA:512,0
DA:515,0
DA:516,0
DA:518,0
DA:521,0
DA:522,0
DA:524,0
DA:535,0
DA:536,0
DA:538,0
DA:547,0
DA:548,0
DA:551,0
DA:552,0
DA:553,0
DA:555,0
DA:556,0
DA:558,0
DA:567,0
DA:569,0
DA:570,0
DA:571,0
DA:572,0
DA:574,0
DA:580,0
DA:581,0
DA:583,0
DA:584,0
DA:587,0
DA:592,0
DA:593,0
DA:595,0
DA:596,0
DA:599,0
DA:604,1
DA:605,1
DA:607,1
DA:608,2
DA:611,1
DA:616,0
DA:617,0
DA:619,0
DA:620,0
DA:621,0
DA:623,0
DA:624,0
DA:625,0
DA:626,0
DA:628,0
DA:629,0
DA:631,0
DA:635,0
DA:636,0
DA:639,0
DA:644,0
DA:645,0
DA:647,0
DA:648,0
DA:651,0
DA:656,16
DA:660,16
DA:661,7
DA:675,7
DA:676,7
DA:677,7
DA:681,19
DA:682,19
DA:683,10
DA:687,0
DA:688,0
DA:689,0
DA:690,0
DA:691,0
DA:696,1
DA:697,0
DA:698,0
DA:700,0
DA:701,0
DA:704,0
DA:709,1
DA:710,2
DA:711,2
DA:713,0
DA:718,0
DA:719,0
DA:720,0
DA:721,0
DA:731,1
DA:732,1
DA:735,1
DA:736,1
DA:738,1
DA:739,2
DA:740,2
DA:742,2
DA:743,0
DA:744,0
DA:748,1
DA:752,2
DA:753,2
DA:754,2
DA:756,2
DA:762,0
DA:764,0
DA:765,0
DA:769,0
DA:773,0
DA:788,0
DA:789,0
DA:791,0
DA:792,0
DA:795,0
DA:802,0
DA:804,0
DA:805,0
DA:809,0
DA:811,0
DA:812,0
DA:814,0
DA:815,0
DA:816,0
DA:817,0
DA:818,0
DA:819,0
DA:820,0
DA:823,0
DA:824,0
DA:826,0
DA:830,0
DA:832,0
DA:833,0
DA:835,0
DA:839,8
DA:841,0
DA:842,0
DA:844,0
DA:847,0
DA:850,0
DA:854,8
DA:856,6
DA:857,5
DA:861,2
DA:862,2
DA:863,2
DA:867,7
DA:876,7
DA:879,7
DA:880,0
LF:296
LH:124
BRDA:19,0,0,1
BRDA:19,0,1,1
BRDA:28,1,0,1
BRDA:28,1,1,1
BRDA:49,2,0,0
BRDA:50,3,0,0
BRDA:119,4,0,17
BRDA:119,4,1,0
BRDA:119,4,2,0
BRDA:119,4,3,0
BRDA:119,4,4,0
BRDA:119,4,5,0
BRDA:158,5,0,0
BRDA:158,5,1,1
BRDA:198,6,0,0
BRDA:198,6,1,0
BRDA:198,6,2,1
BRDA:198,6,3,0
BRDA:198,6,4,0
BRDA:198,6,5,0
BRDA:227,7,0,1
BRDA:227,7,1,1
BRDA:229,8,0,1
BRDA:229,8,1,0
BRDA:230,9,0,0
BRDA:230,9,1,1
BRDA:232,10,0,0
BRDA:232,10,1,0
BRDA:235,11,0,0
BRDA:235,11,1,2
BRDA:237,12,0,0
BRDA:237,12,1,0
BRDA:238,13,0,0
BRDA:238,13,1,2
BRDA:240,14,0,0
BRDA:240,14,1,0
BRDA:259,15,0,5
BRDA:259,15,1,3
BRDA:293,16,0,0
BRDA:293,16,1,0
BRDA:293,16,2,7
BRDA:293,16,3,0
BRDA:293,16,4,0
BRDA:293,16,5,0
BRDA:320,17,0,0
BRDA:320,17,1,0
BRDA:369,18,0,7
BRDA:369,18,1,0
BRDA:376,19,0,7
BRDA:376,19,1,7
BRDA:399,20,0,0
BRDA:399,20,1,0
BRDA:448,21,0,0
BRDA:448,21,1,0
BRDA:448,22,0,0
BRDA:448,22,1,0
BRDA:470,23,0,17
BRDA:470,23,1,0
BRDA:498,24,0,0
BRDA:498,24,1,0
BRDA:569,25,0,0
BRDA:569,25,1,0
BRDA:571,26,0,0
BRDA:571,26,1,0
BRDA:621,27,0,0
BRDA:621,27,1,0
BRDA:624,28,0,0
BRDA:624,28,1,0
BRDA:624,29,0,0
BRDA:624,29,1,0
BRDA:625,30,0,0
BRDA:625,30,1,0
BRDA:635,31,0,0
BRDA:635,31,1,0
BRDA:683,32,0,9
BRDA:683,32,1,1
BRDA:683,33,0,1
BRDA:683,33,1,0
BRDA:687,34,0,0
BRDA:687,34,1,0
BRDA:687,34,2,0
BRDA:687,34,3,0
BRDA:700,35,0,0
BRDA:700,35,1,0
BRDA:710,36,0,2
BRDA:710,36,1,0
BRDA:742,37,0,0
BRDA:742,37,1,2
BRDA:742,38,0,2
BRDA:742,38,1,0
BRDA:764,39,0,0
BRDA:764,39,1,0
BRDA:780,40,0,0
BRDA:780,40,1,0
BRDA:791,41,0,0
BRDA:791,41,1,0
BRDA:802,42,0,0
BRDA:802,42,1,0
BRDA:809,43,0,0
BRDA:809,43,1,0
BRDA:826,44,0,0
BRDA:826,44,1,0
BRDA:830,45,0,0
BRDA:830,45,1,0
BRDA:839,46,0,8
BRDA:839,46,1,0
BRDA:854,47,0,3
BRDA:854,47,1,5
BRDA:862,48,0,0
BRDA:862,48,1,2
BRDA:862,49,0,1
BRDA:862,49,1,1
BRDA:879,50,0,0
BRDA:879,50,1,7
BRF:114
BRH:33
end_of_record
TN:
SF:contracts\gas\libraries\GasLib.ts
FN:41,(anonymous_0)
FN:71,(anonymous_1)
FN:98,(anonymous_2)
FN:148,(anonymous_3)
FN:198,(anonymous_4)
FN:224,(anonymous_5)
FN:249,(anonymous_6)
FN:280,(anonymous_7)
FN:318,(anonymous_8)
FN:350,(anonymous_9)
FN:381,(anonymous_10)
FN:392,(anonymous_11)
FN:407,(anonymous_12)
FNF:13
FNH:13
FNDA:38,(anonymous_0)
FNDA:1,(anonymous_1)
FNDA:2,(anonymous_2)
FNDA:10,(anonymous_3)
FNDA:2,(anonymous_4)
FNDA:3,(anonymous_5)
FNDA:3,(anonymous_6)
FNDA:38,(anonymous_7)
FNDA:1,(anonymous_8)
FNDA:1,(anonymous_9)
FNDA:6,(anonymous_10)
FNDA:4,(anonymous_11)
FNDA:27,(anonymous_12)
DA:16,1
DA:18,1
DA:19,1
DA:20,1
DA:21,1
DA:22,1
DA:25,1
DA:26,1
DA:27,1
DA:30,1
DA:31,1
DA:32,1
DA:46,38
DA:49,38
DA:50,112
DA:51,0
DA:53,112
DA:58,38
DA:61,38
DA:63,38
DA:72,1
DA:74,1
DA:75,2
DA:83,1
DA:84,1
DA:86,1
DA:88,1
DA:103,2
DA:104,1
DA:108,1
DA:109,1
DA:111,1
DA:112,10
DA:114,1
DA:117,1
DA:120,1
DA:121,1
DA:122,0
DA:123,1
DA:124,1
DA:128,1
DA:129,1
DA:131,1
DA:132,0
DA:134,1
DA:137,1
DA:154,10
DA:157,10
DA:158,10
DA:159,6
DA:160,4
DA:161,1
DA:165,10
DA:166,10
DA:167,0
DA:168,10
DA:169,0
DA:170,10
DA:171,10
DA:175,10
DA:176,10
DA:177,1
DA:178,9
DA:179,7
DA:180,2
DA:181,0
DA:184,10
DA:185,10
DA:186,10
DA:187,10
DA:189,10
DA:202,2
DA:204,2
DA:205,6
DA:208,2
DA:209,1
DA:212,1
DA:213,1
DA:215,1
DA:228,3
DA:229,1
DA:233,2
DA:234,2
DA:235,48
DA:237,2
DA:240,2
DA:253,3
DA:254,2
DA:257,1
DA:258,1
DA:260,1
DA:261,5
DA:262,5
DA:263,5
DA:266,1
DA:268,1
DA:269,1
DA:271,1
DA:287,38
DA:288,38
DA:292,0
DA:293,0
DA:294,0
DA:299,0
DA:301,0
DA:303,0
DA:305,0
DA:307,0
DA:309,0
DA:319,1
DA:321,1
DA:322,1
DA:323,1
DA:324,1
DA:325,1
DA:327,1
DA:328,10
DA:329,10
DA:331,10
DA:332,10
DA:333,10
DA:334,10
DA:337,1
DA:338,1
DA:340,1
DA:342,1
DA:351,1
DA:353,1
DA:354,1
DA:357,1
DA:358,10
DA:360,1
DA:363,1
DA:364,1
DA:365,10
DA:366,10
DA:368,1
DA:371,1
DA:372,1
DA:382,6
DA:393,4
DA:394,1
DA:395,3
DA:396,1
DA:398,2
DA:408,27
DA:410,16
DA:412,7
DA:414,4
DA:416,0
LF:150
LH:134
BRDA:50,0,0,0
BRDA:50,0,1,112
BRDA:103,1,0,1
BRDA:103,1,1,1
BRDA:121,2,0,0
BRDA:121,2,1,1
BRDA:123,3,0,1
BRDA:123,3,1,0
BRDA:131,4,0,0
BRDA:131,4,1,1
BRDA:158,5,0,6
BRDA:158,5,1,4
BRDA:160,6,0,1
BRDA:160,6,1,3
BRDA:166,7,0,0
BRDA:166,7,1,10
BRDA:168,8,0,0
BRDA:168,8,1,10
BRDA:170,9,0,10
BRDA:170,9,1,0
BRDA:176,10,0,1
BRDA:176,10,1,9
BRDA:178,11,0,7
BRDA:178,11,1,2
BRDA:180,12,0,0
BRDA:180,12,1,2
BRDA:208,13,0,1
BRDA:208,13,1,1
BRDA:228,14,0,1
BRDA:228,14,1,2
BRDA:253,15,0,2
BRDA:253,15,1,1
BRDA:253,16,0,3
BRDA:253,16,1,2
BRDA:266,17,0,0
BRDA:266,17,1,1
BRDA:287,18,0,38
BRDA:287,18,1,0
BRDA:299,19,0,0
BRDA:299,19,1,0
BRDA:299,19,2,0
BRDA:299,19,3,0
BRDA:299,19,4,0
BRDA:319,20,0,0
BRDA:319,20,1,1
BRDA:340,21,0,0
BRDA:340,21,1,1
BRDA:351,22,0,0
BRDA:351,22,1,1
BRDA:371,23,0,0
BRDA:371,23,1,1
BRDA:382,24,0,6
BRDA:382,24,1,4
BRDA:382,24,2,4
BRDA:393,25,0,1
BRDA:393,25,1,3
BRDA:395,26,0,1
BRDA:395,26,1,2
BRDA:408,27,0,16
BRDA:408,27,1,7
BRDA:408,27,2,4
BRDA:408,27,3,0
BRF:62
BRH:42
end_of_record
TN:
SF:contracts\gas\structures\BatchStructure.ts
FN:8,(anonymous_0)
FN:15,(anonymous_1)
FN:25,(anonymous_2)
FN:33,(anonymous_3)
FN:296,(anonymous_4)
FN:320,(anonymous_5)
FN:340,(anonymous_6)
FN:358,(anonymous_7)
FN:394,(anonymous_8)
FN:400,(anonymous_9)
FN:401,(anonymous_10)
FN:402,(anonymous_11)
FN:403,(anonymous_12)
FN:416,(anonymous_13)
FN:426,(anonymous_14)
FN:433,(anonymous_15)
FN:440,(anonymous_16)
FN:447,(anonymous_17)
FN:450,(anonymous_18)
FN:460,(anonymous_19)
FN:464,(anonymous_20)
FN:474,(anonymous_21)
FN:484,(anonymous_22)
FN:485,(anonymous_23)
FN:486,(anonymous_24)
FN:487,(anonymous_25)
FN:495,(anonymous_26)
FN:496,(anonymous_27)
FN:502,(anonymous_28)
FN:503,(anonymous_29)
FN:514,(anonymous_30)
FNF:31
FNH:18
FNDA:1,(anonymous_0)
FNDA:1,(anonymous_1)
FNDA:1,(anonymous_2)
FNDA:1,(anonymous_3)
FNDA:49,(anonymous_4)
FNDA:19,(anonymous_5)
FNDA:23,(anonymous_6)
FNDA:2,(anonymous_7)
FNDA:1,(anonymous_8)
FNDA:3,(anonymous_9)
FNDA:3,(anonymous_10)
FNDA:3,(anonymous_11)
FNDA:3,(anonymous_12)
FNDA:4,(anonymous_13)
FNDA:49,(anonymous_14)
FNDA:19,(anonymous_15)
FNDA:23,(anonymous_16)
FNDA:0,(anonymous_17)
FNDA:0,(anonymous_18)
FNDA:0,(anonymous_19)
FNDA:0,(anonymous_20)
FNDA:0,(anonymous_21)
FNDA:0,(anonymous_22)
FNDA:0,(anonymous_23)
FNDA:0,(anonymous_24)
FNDA:0,(anonymous_25)
FNDA:0,(anonymous_26)
FNDA:0,(anonymous_27)
FNDA:0,(anonymous_28)
FNDA:0,(anonymous_29)
FNDA:1,(anonymous_30)
DA:8,1
DA:9,1
DA:10,1
DA:11,1
DA:15,1
DA:16,1
DA:17,1
DA:18,1
DA:19,1
DA:20,1
DA:21,1
DA:25,1
DA:26,1
DA:27,1
DA:28,1
DA:29,1
DA:33,1
DA:34,1
DA:35,1
DA:36,1
DA:37,1
DA:249,1
DA:261,1
DA:271,1
DA:282,1
DA:292,1
DA:304,49
DA:326,19
DA:344,23
DA:359,2
DA:360,2
DA:362,2
DA:363,1
DA:366,2
DA:367,0
DA:370,2
DA:371,1
DA:374,2
DA:375,0
DA:378,2
DA:379,1
DA:382,2
DA:400,3
DA:401,3
DA:402,3
DA:403,3
DA:405,1
DA:417,4
DA:418,3
DA:419,2
DA:420,1
DA:427,49
DA:434,19
DA:441,23
DA:448,0
DA:450,0
DA:461,0
DA:462,0
DA:464,0
DA:475,0
DA:485,0
DA:486,0
DA:487,0
DA:489,0
DA:496,0
DA:503,0
DA:504,0
DA:505,0
DA:507,0
DA:515,1
DA:516,1
DA:517,1
DA:519,1
LF:73
LH:56
BRDA:8,0,0,1
BRDA:8,0,1,1
BRDA:15,1,0,1
BRDA:15,1,1,1
BRDA:25,2,0,1
BRDA:25,2,1,1
BRDA:33,3,0,1
BRDA:33,3,1,1
BRDA:362,4,0,1
BRDA:362,4,1,1
BRDA:366,5,0,0
BRDA:366,5,1,2
BRDA:370,6,0,1
BRDA:370,6,1,1
BRDA:370,7,0,2
BRDA:370,7,1,2
BRDA:374,8,0,0
BRDA:374,8,1,2
BRDA:378,9,0,1
BRDA:378,9,1,1
BRDA:387,10,0,1
BRDA:387,10,1,1
BRDA:417,11,0,1
BRDA:417,11,1,3
BRDA:418,12,0,1
BRDA:418,12,1,2
BRDA:419,13,0,1
BRDA:419,13,1,1
BRDA:504,14,0,0
BRDA:504,14,1,0
BRF:30
BRH:26
end_of_record
TN:
SF:contracts\liquidity\MultiChainLiquidityPool.ts
FN:17,(anonymous_0)
FN:19,(anonymous_1)
FN:29,(anonymous_2)
FN:51,(anonymous_3)
FN:60,(anonymous_4)
FN:88,(anonymous_5)
FN:101,(anonymous_6)
FN:115,(anonymous_7)
FN:119,(anonymous_8)
FN:128,(anonymous_9)
FN:133,(anonymous_10)
FN:139,(anonymous_11)
FN:143,(anonymous_12)
FN:159,(anonymous_13)
FN:162,(anonymous_14)
FN:175,(anonymous_15)
FN:182,(anonymous_16)
FNF:17
FNH:15
FNDA:9,(anonymous_0)
FNDA:45,(anonymous_1)
FNDA:4,(anonymous_2)
FNDA:1,(anonymous_3)
FNDA:1,(anonymous_4)
FNDA:1,(anonymous_5)
FNDA:2,(anonymous_6)
FNDA:1,(anonymous_7)
FNDA:1,(anonymous_8)
FNDA:0,(anonymous_9)
FNDA:0,(anonymous_10)
FNDA:4,(anonymous_11)
FNDA:20,(anonymous_12)
FNDA:1,(anonymous_13)
FNDA:1,(anonymous_14)
FNDA:1,(anonymous_15)
FNDA:1,(anonymous_16)
DA:3,1
DA:4,1
DA:5,1
DA:7,1
DA:12,9
DA:13,9
DA:14,9
DA:15,9
DA:18,9
DA:19,45
DA:21,9
DA:22,9
DA:23,9
DA:30,4
DA:31,4
DA:32,4
DA:34,4
DA:36,4
DA:37,4
DA:45,4
DA:52,1
DA:54,1
DA:55,1
DA:57,1
DA:58,1
DA:60,1
DA:61,1
DA:63,1
DA:64,1
DA:67,1
DA:68,1
DA:71,1
DA:72,0
DA:75,1
DA:76,1
DA:78,1
DA:79,1
DA:82,1
DA:89,1
DA:91,1
DA:92,2
DA:95,1
DA:102,2
DA:105,2
DA:106,0
DA:109,2
DA:116,1
DA:117,1
DA:119,1
DA:120,1
DA:121,1
DA:129,0
DA:130,0
DA:132,0
DA:133,0
DA:140,4
DA:141,4
DA:143,4
DA:144,20
DA:145,20
DA:148,4
DA:160,1
DA:162,1
DA:163,1
DA:164,1
DA:165,1
DA:169,1
DA:176,1
DA:184,1
DA:185,1
DA:187,1
LF:71
LH:65
BRDA:30,0,0,0
BRDA:30,0,1,4
BRDA:32,1,0,0
BRDA:32,1,1,4
BRDA:32,2,0,4
BRDA:32,2,1,4
BRDA:36,3,0,4
BRDA:36,3,1,4
BRDA:52,4,0,0
BRDA:52,4,1,1
BRDA:55,5,0,0
BRDA:55,5,1,1
BRDA:58,6,0,0
BRDA:58,6,1,1
BRDA:58,7,0,1
BRDA:58,7,1,1
BRDA:60,8,0,1
BRDA:60,8,1,1
BRDA:61,9,0,0
BRDA:61,9,1,1
BRDA:71,10,0,0
BRDA:71,10,1,1
BRDA:78,11,0,1
BRDA:78,11,1,0
BRDA:102,12,0,0
BRDA:102,12,1,2
BRDA:105,13,0,0
BRDA:105,13,1,2
BRDA:116,14,0,1
BRDA:116,14,1,0
BRDA:132,15,0,0
BRDA:132,15,1,0
BRDA:145,16,0,20
BRDA:145,16,1,0
BRDA:160,17,0,1
BRDA:160,17,1,0
BRDA:164,18,0,1
BRDA:164,18,1,0
BRF:38
BRH:22
end_of_record
TN:
SF:contracts\liquidity\bridges\CrossChainBridge.ts
FN:6,(anonymous_0)
FN:13,(anonymous_1)
FN:30,(anonymous_2)
FN:31,(anonymous_3)
FN:42,(anonymous_4)
FNF:5
FNH:4
FNDA:9,(anonymous_0)
FNDA:4,(anonymous_1)
FNDA:4,(anonymous_2)
FNDA:4,(anonymous_3)
FNDA:0,(anonymous_4)
DA:3,1
DA:7,9
DA:14,4
DA:15,4
DA:17,4
DA:18,0
DA:21,4
DA:22,0
DA:25,4
DA:26,0
DA:30,4
DA:31,4
DA:32,4
DA:33,4
DA:34,4
DA:44,0
LF:16
LH:12
BRDA:17,0,0,0
BRDA:17,0,1,4
BRDA:17,1,0,4
BRDA:17,1,1,4
BRDA:18,2,0,0
BRDA:18,2,1,0
BRDA:21,3,0,0
BRDA:21,3,1,4
BRDA:21,4,0,4
BRDA:21,4,1,4
BRDA:22,5,0,0
BRDA:22,5,1,0
BRDA:25,6,0,0
BRDA:25,6,1,4
BRF:14
BRH:7
end_of_record
TN:
SF:contracts\liquidity\libraries\LiquidityLib.ts
FN:6,(anonymous_0)
FN:18,(anonymous_1)
FN:26,(anonymous_2)
FN:34,(anonymous_3)
FN:43,(anonymous_4)
FNF:5
FNH:4
FNDA:1,(anonymous_0)
FNDA:2,(anonymous_1)
FNDA:1,(anonymous_2)
FNDA:0,(anonymous_3)
FNDA:1,(anonymous_4)
DA:1,1
DA:7,1
DA:8,1
DA:9,1
DA:12,1
DA:19,2
DA:20,2
DA:28,1
DA:35,0
DA:37,0
DA:44,1
DA:45,1
LF:12
LH:10
BRDA:18,0,0,2
BRDA:43,1,0,1
BRF:2
BRH:2
end_of_record
TN:
SF:contracts\liquidity\rebalancing\RebalancingEngine.ts
FN:6,(anonymous_0)
FN:13,(anonymous_1)
FN:18,(anonymous_2)
FN:19,(anonymous_3)
FN:49,(anonymous_4)
FNF:5
FNH:4
FNDA:9,(anonymous_0)
FNDA:1,(anonymous_1)
FNDA:5,(anonymous_2)
FNDA:5,(anonymous_3)
FNDA:0,(anonymous_4)
DA:3,1
DA:7,9
DA:14,1
DA:15,1
DA:18,5
DA:19,5
DA:21,1
DA:22,2
DA:24,2
DA:25,4
DA:27,3
DA:28,3
DA:30,3
DA:31,2
DA:37,2
DA:38,2
DA:43,1
DA:50,0
DA:51,0
DA:52,0
LF:20
LH:17
BRDA:18,0,0,5
BRDA:18,0,1,5
BRDA:19,1,0,5
BRDA:19,1,1,5
BRDA:25,2,0,1
BRDA:25,2,1,3
BRDA:30,3,0,2
BRDA:30,3,1,1
BRDA:51,4,0,0
BRDA:51,4,1,0
BRF:10
BRH:8
end_of_record
TN:
SF:contracts\migration\EmergencyMigration.ts
FN:29,(anonymous_0)
FN:38,(anonymous_1)
FN:63,(anonymous_2)
FN:85,(anonymous_3)
FN:120,(anonymous_4)
FN:127,(anonymous_5)
FN:131,(anonymous_6)
FNF:7
FNH:7
FNDA:14,(anonymous_0)
FNDA:11,(anonymous_1)
FNDA:8,(anonymous_2)
FNDA:3,(anonymous_3)
FNDA:1,(anonymous_4)
FNDA:5,(anonymous_5)
FNDA:2,(anonymous_6)
DA:1,1
DA:3,1
DA:4,1
DA:5,1
DA:6,1
DA:12,1
DA:17,14
DA:19,14
DA:22,14
DA:30,14
DA:31,14
DA:32,14
DA:39,11
DA:40,1
DA:43,10
DA:44,1
DA:47,9
DA:48,9
DA:50,9
DA:57,9
DA:64,8
DA:65,1
DA:68,7
DA:69,7
DA:70,7
DA:71,6
DA:72,6
DA:73,6
DA:75,0
DA:77,1
DA:78,1
DA:86,3
DA:87,0
DA:91,3
DA:93,3
DA:94,3
DA:96,3
DA:97,3
DA:98,3
DA:100,3
DA:102,3
DA:103,3
DA:104,3
DA:105,3
DA:106,3
DA:107,3
DA:109,3
DA:110,3
DA:112,0
DA:113,0
DA:121,1
DA:123,1
DA:124,1
DA:128,5
DA:132,2
LF:55
LH:51
BRDA:39,0,0,1
BRDA:39,0,1,10
BRDA:39,1,0,11
BRDA:39,1,1,1
BRDA:43,2,0,1
BRDA:43,2,1,9
BRDA:64,3,0,1
BRDA:64,3,1,7
BRDA:71,4,0,6
BRDA:71,4,1,0
BRDA:86,5,0,0
BRDA:86,5,1,3
BRDA:86,6,0,3
BRDA:86,6,1,0
BRDA:97,7,0,3
BRDA:97,7,1,0
BRDA:102,8,0,3
BRDA:102,8,1,0
BRDA:102,9,0,3
BRDA:102,9,1,3
BRDA:102,9,2,3
BRDA:104,10,0,3
BRDA:104,10,1,0
BRF:23
BRH:17
end_of_record
TN:
SF:contracts\migration\execution\RapidMigrator.ts
FN:13,(anonymous_0)
FN:22,(anonymous_1)
FN:55,(anonymous_2)
FN:58,(anonymous_3)
FN:61,(anonymous_4)
FN:64,(anonymous_5)
FN:67,(anonymous_6)
FN:70,(anonymous_7)
FN:73,(anonymous_8)
FN:76,(anonymous_9)
FN:79,(anonymous_10)
FNF:11
FNH:10
FNDA:14,(anonymous_0)
FNDA:7,(anonymous_1)
FNDA:6,(anonymous_2)
FNDA:6,(anonymous_3)
FNDA:6,(anonymous_4)
FNDA:6,(anonymous_5)
FNDA:6,(anonymous_6)
FNDA:6,(anonymous_7)
FNDA:6,(anonymous_8)
FNDA:6,(anonymous_9)
FNDA:0,(anonymous_10)
DA:1,1
DA:8,1
DA:10,14
DA:11,14
DA:14,14
DA:23,7
DA:24,7
DA:26,7
DA:27,7
DA:31,7
DA:34,6
DA:37,6
DA:40,6
DA:43,6
DA:45,6
DA:46,6
DA:47,6
DA:49,1
DA:50,1
DA:51,1
DA:56,6
DA:58,6
DA:62,6
DA:64,6
DA:68,6
DA:70,6
DA:74,6
DA:76,6
DA:80,0
LF:29
LH:28
BRF:0
BRH:0
end_of_record
TN:
SF:contracts\migration\interfaces\IEmergencyMigration.ts
FN:4,(anonymous_0)
FNF:1
FNH:1
FNDA:1,(anonymous_0)
DA:4,1
DA:5,1
DA:6,1
DA:7,1
DA:8,1
DA:9,1
DA:10,1
LF:7
LH:7
BRDA:4,0,0,1
BRDA:4,0,1,1
BRF:2
BRH:2
end_of_record
TN:
SF:contracts\migration\libraries\MigrationLib.ts
FN:12,(anonymous_1)
FN:23,(anonymous_2)
FN:35,(anonymous_3)
FN:44,(anonymous_4)
FNF:4
FNH:4
FNDA:21,(anonymous_1)
FNDA:3,(anonymous_2)
FNDA:10,(anonymous_3)
FNDA:3,(anonymous_4)
DA:1,1
DA:6,1
DA:13,21
DA:14,21
DA:24,3
DA:25,3
DA:26,3
DA:36,10
DA:45,3
DA:46,3
DA:47,3
LF:11
LH:11
BRDA:13,0,0,0
BRDA:13,0,1,21
BRF:2
BRH:1
end_of_record
TN:
SF:contracts\migration\preservation\StatePreserver.ts
FN:16,(anonymous_0)
FN:30,(anonymous_1)
FN:49,(anonymous_2)
FN:57,(anonymous_3)
FN:64,(anonymous_4)
FNF:5
FNH:4
FNDA:11,(anonymous_0)
FNDA:10,(anonymous_1)
FNDA:3,(anonymous_2)
FNDA:0,(anonymous_3)
FNDA:2,(anonymous_4)
DA:1,1
DA:7,1
DA:8,14
DA:9,14
DA:18,11
DA:19,11
DA:21,11
DA:22,11
DA:31,10
DA:32,3
DA:35,7
DA:36,7
DA:37,1
DA:40,6
DA:41,6
DA:50,3
DA:51,3
DA:58,0
DA:65,2
DA:66,2
LF:20
LH:19
BRDA:31,0,0,3
BRDA:31,0,1,7
BRDA:36,1,0,1
BRDA:36,1,1,6
BRF:4
BRH:4
end_of_record
TN:
SF:contracts\migration\verification\MigrationVerifier.ts
FN:11,(anonymous_0)
FN:20,(anonymous_1)
FN:38,(anonymous_2)
FN:41,(anonymous_3)
FN:53,(anonymous_4)
FNF:5
FNH:5
FNDA:14,(anonymous_0)
FNDA:3,(anonymous_1)
FNDA:3,(anonymous_2)
FNDA:3,(anonymous_3)
FNDA:3,(anonymous_4)
DA:2,1
DA:8,1
DA:12,14
DA:21,3
DA:22,3
DA:24,3
DA:25,3
DA:27,0
DA:30,3
DA:39,3
DA:41,3
DA:43,3
DA:44,3
DA:54,3
DA:55,3
DA:57,3
DA:58,3
DA:60,3
DA:62,3
LF:19
LH:18
BRDA:24,0,0,3
BRDA:24,0,1,0
BRDA:62,1,0,3
BRDA:62,1,1,3
BRF:4
BRH:3
end_of_record
TN:
SF:contracts\multisig\DAOMultiSig.ts
FN:15,(anonymous_0)
FN:19,(anonymous_1)
FN:25,(anonymous_2)
FN:29,(anonymous_3)
FN:37,(anonymous_4)
FN:56,(anonymous_5)
FN:75,(anonymous_6)
FN:98,(anonymous_7)
FN:115,(anonymous_8)
FN:121,(anonymous_9)
FN:127,(anonymous_10)
FN:138,(anonymous_11)
FN:142,(anonymous_12)
FN:146,(anonymous_13)
FN:152,(anonymous_14)
FN:156,(anonymous_15)
FN:166,(anonymous_16)
FNF:17
FNH:10
FNDA:8,(anonymous_0)
FNDA:24,(anonymous_1)
FNDA:18,(anonymous_2)
FNDA:0,(anonymous_3)
FNDA:7,(anonymous_4)
FNDA:8,(anonymous_5)
FNDA:2,(anonymous_6)
FNDA:1,(anonymous_7)
FNDA:0,(anonymous_8)
FNDA:0,(anonymous_9)
FNDA:0,(anonymous_10)
FNDA:1,(anonymous_11)
FNDA:0,(anonymous_12)
FNDA:4,(anonymous_13)
FNDA:1,(anonymous_14)
FNDA:0,(anonymous_15)
FNDA:0,(anonymous_16)
DA:3,1
DA:5,1
DA:6,8
DA:7,8
DA:8,8
DA:10,8
DA:13,8
DA:16,8
DA:17,0
DA:19,24
DA:20,8
DA:26,18
DA:32,0
DA:38,7
DA:40,6
DA:41,6
DA:52,6
DA:53,6
DA:57,8
DA:59,8
DA:60,8
DA:61,8
DA:63,8
DA:64,8
DA:66,7
DA:71,7
DA:72,7
DA:76,2
DA:78,2
DA:79,2
DA:80,2
DA:82,2
DA:83,1
DA:86,1
DA:87,0
DA:91,1
DA:92,1
DA:93,1
DA:99,1
DA:101,1
DA:102,1
DA:103,1
DA:105,1
DA:106,1
DA:108,1
DA:109,1
DA:110,1
DA:116,0
DA:117,0
DA:118,0
DA:122,0
DA:123,0
DA:124,0
DA:128,0
DA:129,0
DA:130,0
DA:131,0
DA:133,0
DA:139,1
DA:143,0
DA:147,4
DA:148,4
DA:149,4
DA:153,1
DA:157,0
DA:158,0
DA:159,0
DA:168,0
DA:169,0
DA:172,0
LF:70
LH:49
BRDA:16,0,0,0
BRDA:16,0,1,8
BRDA:16,1,0,8
BRDA:16,1,1,8
BRDA:26,2,0,1
BRDA:26,2,1,17
BRDA:32,3,0,0
BRDA:32,3,1,0
BRDA:60,4,0,0
BRDA:60,4,1,8
BRDA:61,5,0,0
BRDA:61,5,1,8
BRDA:64,6,0,1
BRDA:64,6,1,7
BRDA:79,7,0,0
BRDA:79,7,1,2
BRDA:80,8,0,0
BRDA:80,8,1,2
BRDA:82,9,0,1
BRDA:82,9,1,1
BRDA:86,10,0,0
BRDA:86,10,1,1
BRDA:102,11,0,0
BRDA:102,11,1,1
BRDA:103,12,0,0
BRDA:103,12,1,1
BRDA:106,13,0,0
BRDA:106,13,1,1
BRDA:117,14,0,0
BRDA:117,14,1,0
BRDA:117,15,0,0
BRDA:117,15,1,0
BRDA:123,16,0,0
BRDA:123,16,1,0
BRDA:129,17,0,0
BRDA:129,17,1,0
BRDA:130,18,0,0
BRDA:130,18,1,0
BRDA:148,19,0,0
BRDA:148,19,1,4
BRDA:158,20,0,0
BRDA:158,20,1,0
BRF:42
BRH:18
end_of_record
TN:
SF:contracts\multisig\libraries\MultiSigLib.ts
FN:7,(anonymous_0)
FN:14,(anonymous_1)
FN:22,(anonymous_2)
FNF:3
FNH:2
FNDA:0,(anonymous_0)
FNDA:6,(anonymous_1)
FNDA:1,(anonymous_2)
DA:3,1
DA:8,0
DA:16,6
DA:23,1
LF:4
LH:3
BRDA:8,0,0,0
BRDA:8,0,1,0
BRDA:23,1,0,1
BRDA:23,1,1,1
BRF:4
BRH:2
end_of_record
TN:
SF:contracts\regulatory\RegulatoryReporting.ts
FN:25,(anonymous_0)
FN:31,(anonymous_1)
FN:38,(anonymous_2)
FN:42,(anonymous_3)
FN:49,(anonymous_4)
FN:53,(anonymous_5)
FN:70,(anonymous_6)
FN:74,(anonymous_7)
FN:79,(anonymous_8)
FN:82,(anonymous_9)
FN:103,(anonymous_10)
FN:109,(anonymous_11)
FN:112,(anonymous_12)
FN:113,(anonymous_13)
FN:119,(anonymous_14)
FN:123,(anonymous_15)
FNF:16
FNH:8
FNDA:3,(anonymous_0)
FNDA:2,(anonymous_1)
FNDA:1,(anonymous_2)
FNDA:1,(anonymous_3)
FNDA:0,(anonymous_4)
FNDA:2,(anonymous_5)
FNDA:0,(anonymous_6)
FNDA:0,(anonymous_7)
FNDA:0,(anonymous_8)
FNDA:0,(anonymous_9)
FNDA:1,(anonymous_10)
FNDA:1,(anonymous_11)
FNDA:0,(anonymous_12)
FNDA:0,(anonymous_13)
FNDA:1,(anonymous_14)
FNDA:0,(anonymous_15)
DA:11,1
DA:12,1
DA:13,1
DA:14,1
DA:16,1
DA:17,3
DA:26,3
DA:27,3
DA:28,3
DA:32,2
DA:33,2
DA:34,2
DA:35,2
DA:39,1
DA:46,1
DA:50,0
DA:55,2
DA:71,0
DA:75,0
DA:76,0
DA:78,0
DA:79,0
DA:81,0
DA:82,0
DA:84,0
DA:85,0
DA:86,0
DA:87,0
DA:89,0
DA:95,0
DA:98,0
DA:99,0
DA:100,0
DA:107,1
DA:108,1
DA:109,1
DA:111,1
DA:112,0
DA:113,0
DA:117,1
DA:118,1
DA:119,1
DA:120,1
DA:124,0
DA:125,0
DA:127,0
LF:46
LH:24
BRDA:76,0,0,0
BRDA:76,0,1,0
BRDA:95,1,0,0
BRDA:95,1,1,0
BRDA:108,2,0,1
BRDA:108,2,1,0
BRDA:111,3,0,0
BRDA:111,3,1,1
BRDA:125,4,0,0
BRDA:125,4,1,0
BRF:10
BRH:2
end_of_record
TN:
SF:contracts\regulatory\generation\ReportGenerator.ts
FN:13,(anonymous_0)
FN:17,(anonymous_1)
FNF:2
FNH:2
FNDA:3,(anonymous_0)
FNDA:2,(anonymous_1)
DA:10,1
DA:14,3
DA:19,2
DA:20,2
DA:29,2
LF:5
LH:5
BRF:0
BRH:0
end_of_record
TN:
SF:contracts\regulatory\libraries\ReportingLib.ts
FN:9,(anonymous_0)
FN:17,(anonymous_1)
FN:18,(anonymous_2)
FNF:3
FNH:0
FNDA:0,(anonymous_0)
FNDA:0,(anonymous_1)
FNDA:0,(anonymous_2)
DA:4,1
DA:10,0
DA:12,0
DA:15,0
DA:16,0
DA:17,0
DA:18,0
DA:20,0
DA:22,0
DA:25,0
DA:28,0
LF:11
LH:1
BRDA:10,0,0,0
BRDA:10,0,1,0
BRDA:10,0,2,0
BRDA:10,0,3,0
BRDA:15,1,0,0
BRDA:15,1,1,0
BRDA:16,2,0,0
BRDA:16,2,1,0
BRF:8
BRH:0
end_of_record
TN:
SF:contracts\regulatory\requirements\RequirementTracker.ts
FN:13,(anonymous_0)
FN:17,(anonymous_1)
FN:24,(anonymous_2)
FN:28,(anonymous_3)
FN:33,(anonymous_4)
FN:37,(anonymous_5)
FNF:6
FNH:3
FNDA:1,(anonymous_0)
FNDA:1,(anonymous_1)
FNDA:0,(anonymous_2)
FNDA:0,(anonymous_3)
FNDA:0,(anonymous_4)
FNDA:2,(anonymous_5)
DA:10,1
DA:11,3
DA:14,1
DA:18,1
DA:19,1
DA:20,1
DA:25,0
DA:32,0
DA:33,0
DA:38,2
LF:10
LH:7
BRDA:19,0,0,1
BRDA:19,0,1,0
BRDA:33,1,0,0
BRDA:33,1,1,0
BRF:4
BRH:1
end_of_record
TN:
SF:contracts\regulatory\submission\ReportSubmitter.ts
FN:16,(anonymous_0)
FN:34,(anonymous_1)
FN:36,(anonymous_2)
FNF:3
FNH:0
FNDA:0,(anonymous_0)
FNDA:0,(anonymous_1)
FNDA:0,(anonymous_2)
DA:12,1
DA:14,3
DA:23,0
DA:30,0
DA:31,0
DA:35,0
DA:36,0
DA:38,0
LF:8
LH:2
BRDA:35,0,0,0
BRDA:35,0,1,0
BRF:2
BRH:0
end_of_record
TN:
SF:contracts\security\ReentrancyGuard.ts
FN:13,(anonymous_0)
FN:29,(anonymous_1)
FN:37,(anonymous_2)
FN:64,(anonymous_3)
FN:73,(anonymous_4)
FN:82,(anonymous_5)
FN:90,(anonymous_6)
FN:94,(anonymous_7)
FN:101,(anonymous_8)
FNF:9
FNH:4
FNDA:6,(anonymous_0)
FNDA:3,(anonymous_1)
FNDA:13,(anonymous_2)
FNDA:0,(anonymous_3)
FNDA:0,(anonymous_4)
FNDA:0,(anonymous_5)
FNDA:1,(anonymous_6)
FNDA:0,(anonymous_7)
FNDA:0,(anonymous_8)
DA:2,1
DA:3,1
DA:4,1
DA:6,1
DA:11,6
DA:14,6
DA:21,6
DA:22,6
DA:23,6
DA:30,3
DA:43,13
DA:44,1
DA:47,12
DA:48,12
DA:49,9
DA:51,9
DA:52,9
DA:53,2
DA:55,9
DA:56,9
DA:57,9
DA:65,0
DA:66,0
DA:74,0
DA:75,0
DA:76,0
DA:83,0
DA:84,0
DA:91,1
DA:95,0
DA:102,0
LF:31
LH:22
BRDA:15,0,0,6
BRDA:15,0,1,0
BRDA:16,1,0,6
BRDA:16,1,1,6
BRDA:17,2,0,6
BRDA:17,2,1,0
BRDA:18,3,0,6
BRDA:18,3,1,0
BRDA:43,4,0,1
BRDA:43,4,1,12
BRDA:65,5,0,0
BRDA:65,5,1,0
BRF:12
BRH:7
end_of_record
TN:
SF:contracts\security\detection\ReentrancyDetector.ts
FN:9,(anonymous_0)
FN:16,(anonymous_1)
FN:36,(anonymous_2)
FN:43,(anonymous_3)
FN:63,(anonymous_4)
FN:67,(anonymous_5)
FNF:6
FNH:4
FNDA:6,(anonymous_0)
FNDA:12,(anonymous_1)
FNDA:9,(anonymous_2)
FNDA:2,(anonymous_3)
FNDA:0,(anonymous_4)
FNDA:0,(anonymous_5)
DA:1,1
DA:2,1
DA:4,1
DA:6,6
DA:7,6
DA:10,6
DA:17,12
DA:18,12
DA:20,12
DA:22,12
DA:23,2
DA:26,10
DA:27,1
DA:30,9
DA:37,9
DA:44,2
DA:53,2
DA:54,0
DA:55,0
DA:58,2
DA:59,2
DA:64,0
DA:68,0
LF:23
LH:19
BRDA:22,0,0,2
BRDA:22,0,1,10
BRDA:26,1,0,1
BRDA:26,1,1,9
BRDA:53,2,0,0
BRDA:53,2,1,2
BRDA:58,3,0,2
BRDA:58,3,1,0
BRF:8
BRH:6
end_of_record
TN:
SF:contracts\security\interfaces\IReentrancyGuard.ts
FN:40,(anonymous_0)
FNF:1
FNH:1
FNDA:1,(anonymous_0)
DA:40,1
DA:41,1
DA:42,1
DA:43,1
DA:44,1
LF:5
LH:5
BRDA:40,0,0,1
BRDA:40,0,1,1
BRF:2
BRH:2
end_of_record
TN:
SF:contracts\security\libraries\ReentrancyLib.ts
FN:10,(anonymous_0)
FN:19,(anonymous_1)
FN:26,(anonymous_2)
FN:38,(anonymous_3)
FN:49,(anonymous_4)
FNF:5
FNH:3
FNDA:0,(anonymous_0)
FNDA:12,(anonymous_1)
FNDA:0,(anonymous_2)
FNDA:12,(anonymous_3)
FNDA:16,(anonymous_4)
DA:1,1
DA:3,1
DA:4,1
DA:5,1
DA:11,0
DA:12,0
DA:20,12
DA:27,0
DA:39,12
DA:41,12
DA:42,12
DA:44,12
DA:45,1
DA:48,11
DA:49,16
DA:51,11
DA:52,1
DA:55,10
LF:18
LH:15
BRDA:11,0,0,0
BRDA:11,0,1,0
BRDA:39,1,0,0
BRDA:39,1,1,12
BRDA:44,2,0,1
BRDA:44,2,1,11
BRDA:51,3,0,1
BRDA:51,3,1,10
BRF:8
BRH:5
end_of_record
TN:
SF:contracts\security\monitoring\CallStackMonitor.ts
FN:8,(anonymous_0)
FN:16,(anonymous_1)
FN:26,(anonymous_2)
FN:33,(anonymous_3)
FN:40,(anonymous_4)
FNF:5
FNH:2
FNDA:12,(anonymous_0)
FNDA:9,(anonymous_1)
FNDA:0,(anonymous_2)
FNDA:0,(anonymous_3)
FNDA:0,(anonymous_4)
DA:1,1
DA:2,6
DA:3,6
DA:9,12
DA:10,12
DA:17,9
DA:18,9
DA:19,9
DA:27,0
DA:34,0
DA:41,0
DA:42,0
LF:12
LH:8
BRDA:17,0,0,9
BRDA:17,0,1,0
BRF:2
BRH:1
end_of_record
TN:
SF:contracts\security\protection\StateProtection.ts
FN:10,(anonymous_0)
FN:19,(anonymous_1)
FN:28,(anonymous_2)
FN:35,(anonymous_3)
FN:42,(anonymous_4)
FNF:5
FNH:3
FNDA:9,(anonymous_0)
FNDA:9,(anonymous_1)
FNDA:0,(anonymous_2)
FNDA:0,(anonymous_3)
FNDA:3,(anonymous_4)
DA:3,1
DA:4,6
DA:5,6
DA:13,9
DA:20,9
DA:21,9
DA:29,0
DA:36,0
DA:43,3
LF:9
LH:7
BRDA:20,0,0,9
BRDA:20,0,1,0
BRF:2
BRH:1
end_of_record
TN:
SF:contracts\staking\YieldFarming.ts
FN:28,(anonymous_0)
FN:30,(anonymous_1)
FN:33,(anonymous_2)
FN:39,(anonymous_3)
FN:46,(anonymous_4)
FN:50,(anonymous_5)
FN:54,(anonymous_6)
FN:58,(anonymous_7)
FN:59,(anonymous_8)
FN:64,(anonymous_9)
FN:69,(anonymous_10)
FN:74,(anonymous_11)
FN:80,(anonymous_12)
FN:85,(anonymous_13)
FN:90,(anonymous_14)
FN:98,(anonymous_15)
FN:101,(anonymous_16)
FN:108,(anonymous_17)
FN:120,(anonymous_18)
FN:124,(anonymous_19)
FN:128,(anonymous_20)
FN:134,(anonymous_21)
FN:138,(anonymous_22)
FN:144,(anonymous_23)
FN:150,(anonymous_24)
FN:154,(anonymous_25)
FNF:26
FNH:23
FNDA:33,(anonymous_0)
FNDA:0,(anonymous_1)
FNDA:1,(anonymous_2)
FNDA:44,(anonymous_3)
FNDA:1,(anonymous_4)
FNDA:3,(anonymous_5)
FNDA:2,(anonymous_6)
FNDA:1,(anonymous_7)
FNDA:12,(anonymous_8)
FNDA:19,(anonymous_9)
FNDA:6,(anonymous_10)
FNDA:1,(anonymous_11)
FNDA:1,(anonymous_12)
FNDA:2,(anonymous_13)
FNDA:3,(anonymous_14)
FNDA:0,(anonymous_15)
FNDA:0,(anonymous_16)
FNDA:5,(anonymous_17)
FNDA:5,(anonymous_18)
FNDA:3,(anonymous_19)
FNDA:1,(anonymous_20)
FNDA:3,(anonymous_21)
FNDA:1,(anonymous_22)
FNDA:36,(anonymous_23)
FNDA:28,(anonymous_24)
FNDA:1,(anonymous_25)
DA:8,1
DA:9,1
DA:10,1
DA:21,1
DA:22,33
DA:25,33
DA:29,33
DA:30,33
DA:31,33
DA:33,1
DA:40,44
DA:41,1
DA:43,43
DA:47,1
DA:51,3
DA:55,2
DA:59,12
DA:65,19
DA:66,18
DA:70,6
DA:71,5
DA:75,1
DA:81,1
DA:82,1
DA:86,2
DA:87,2
DA:91,3
DA:99,0
DA:100,0
DA:101,0
DA:103,0
DA:111,5
DA:121,5
DA:125,3
DA:129,1
DA:135,3
DA:139,1
DA:145,36
DA:146,36
DA:147,35
DA:151,28
DA:155,1
DA:156,1
DA:157,1
LF:44
LH:40
BRDA:28,0,0,0
BRDA:30,1,0,33
BRDA:30,1,1,0
BRDA:40,2,0,1
BRDA:40,2,1,43
BRDA:146,3,0,1
BRDA:146,3,1,35
BRDA:151,4,0,2
BRDA:151,4,1,26
BRDA:156,5,0,0
BRDA:156,5,1,1
BRF:11
BRH:8
end_of_record
TN:
SF:contracts\staking\governance\PoolGovernance.ts
FN:13,(anonymous_0)
FN:21,(anonymous_1)
FN:43,(anonymous_2)
FN:57,(anonymous_3)
FN:74,(anonymous_4)
FN:78,(anonymous_5)
FN:80,(anonymous_6)
FN:84,(anonymous_7)
FNF:8
FNH:5
FNDA:33,(anonymous_0)
FNDA:5,(anonymous_1)
FNDA:5,(anonymous_2)
FNDA:3,(anonymous_3)
FNDA:1,(anonymous_4)
FNDA:0,(anonymous_5)
FNDA:0,(anonymous_6)
FNDA:0,(anonymous_7)
DA:3,1
DA:4,1
DA:5,1
DA:7,1
DA:8,33
DA:9,33
DA:17,33
DA:18,33
DA:28,5
DA:29,5
DA:40,5
DA:44,5
DA:45,5
DA:46,5
DA:47,4
DA:48,4
DA:50,4
DA:51,3
DA:53,1
DA:58,3
DA:59,3
DA:60,3
DA:61,2
DA:63,2
DA:64,2
DA:65,2
DA:67,1
DA:68,1
DA:70,1
DA:71,1
DA:75,1
DA:79,0
DA:80,0
DA:85,0
LF:34
LH:31
BRDA:45,0,0,0
BRDA:45,0,1,5
BRDA:46,1,0,1
BRDA:46,1,1,4
BRDA:47,2,0,0
BRDA:47,2,1,4
BRDA:48,3,0,0
BRDA:48,3,1,4
BRDA:50,4,0,3
BRDA:50,4,1,1
BRDA:59,5,0,0
BRDA:59,5,1,3
BRDA:60,6,0,1
BRDA:60,6,1,2
BRDA:61,7,0,0
BRDA:61,7,1,2
BRDA:65,8,0,1
BRDA:65,8,1,1
BRDA:68,9,0,0
BRDA:68,9,1,1
BRDA:75,10,0,1
BRDA:75,10,1,0
BRDA:80,11,0,0
BRDA:80,11,1,0
BRF:24
BRH:15
end_of_record
TN:
SF:contracts\staking\libraries\StakingLib.ts
FN:12,(anonymous_0)
FN:22,(anonymous_1)
FN:39,(anonymous_2)
FN:49,(anonymous_3)
FN:64,(anonymous_4)
FN:73,(anonymous_5)
FN:82,(anonymous_6)
FNF:7
FNH:7
FNDA:12,(anonymous_0)
FNDA:5,(anonymous_1)
FNDA:7,(anonymous_2)
FNDA:3,(anonymous_3)
FNDA:47,(anonymous_4)
FNDA:9,(anonymous_5)
FNDA:1,(anonymous_6)
DA:3,1
DA:4,1
DA:5,1
DA:7,1
DA:13,12
DA:15,12
DA:16,12
DA:27,5
DA:28,5
DA:31,4
DA:32,4
DA:40,7
DA:41,7
DA:42,7
DA:55,3
DA:56,2
DA:57,2
DA:58,2
DA:65,47
DA:66,47
DA:67,47
DA:74,9
DA:75,9
DA:83,1
DA:89,1
DA:90,1
DA:91,0
DA:92,0
LF:28
LH:26
BRDA:28,0,0,1
BRDA:28,0,1,4
BRDA:28,1,0,5
BRDA:28,1,1,4
BRDA:40,2,0,0
BRDA:40,2,1,7
BRDA:55,3,0,1
BRDA:55,3,1,2
BRDA:67,4,0,47
BRDA:67,4,1,45
BRDA:74,5,0,0
BRDA:74,5,1,9
BRDA:89,6,0,1
BRDA:89,6,1,0
BRDA:90,7,0,1
BRDA:90,7,1,0
BRDA:91,8,0,0
BRDA:91,8,1,0
BRF:18
BRH:12
end_of_record
TN:
SF:contracts\staking\pools\StakingPool.ts
FN:11,(anonymous_0)
FN:18,(anonymous_1)
FN:22,(anonymous_2)
FN:29,(anonymous_3)
FN:49,(anonymous_4)
FN:85,(anonymous_5)
FN:104,(anonymous_6)
FN:119,(anonymous_7)
FN:147,(anonymous_8)
FN:155,(anonymous_9)
FNF:10
FNH:10
FNDA:43,(anonymous_0)
FNDA:14,(anonymous_1)
FNDA:2,(anonymous_2)
FNDA:7,(anonymous_3)
FNDA:18,(anonymous_4)
FNDA:5,(anonymous_5)
FNDA:1,(anonymous_6)
FNDA:2,(anonymous_7)
FNDA:3,(anonymous_8)
FNDA:1,(anonymous_9)
DA:2,1
DA:4,1
DA:6,43
DA:7,43
DA:8,43
DA:9,43
DA:12,43
DA:13,2
DA:15,41
DA:19,14
DA:23,2
DA:24,0
DA:26,2
DA:30,7
DA:31,7
DA:39,7
DA:50,18
DA:51,17
DA:52,16
DA:53,1
DA:56,15
DA:57,15
DA:59,1
DA:60,1
DA:61,1
DA:62,1
DA:63,1
DA:64,1
DA:65,1
DA:66,1
DA:69,14
DA:79,14
DA:80,14
DA:81,14
DA:82,14
DA:86,5
DA:87,5
DA:88,4
DA:90,3
DA:91,3
DA:93,3
DA:94,3
DA:96,3
DA:97,3
DA:98,3
DA:101,3
DA:105,1
DA:106,1
DA:108,1
DA:109,1
DA:110,1
DA:112,1
DA:113,1
DA:114,1
DA:116,1
DA:120,2
DA:122,1
DA:123,1
DA:125,1
DA:126,1
DA:127,1
DA:130,1
DA:131,1
DA:134,1
DA:135,1
DA:136,1
DA:139,1
DA:140,1
DA:141,1
DA:142,1
DA:144,1
DA:148,3
DA:149,3
DA:150,2
DA:151,2
DA:152,2
DA:156,1
DA:157,1
LF:78
LH:77
BRDA:12,0,0,2
BRDA:12,0,1,41
BRDA:23,1,0,0
BRDA:23,1,1,2
BRDA:23,2,0,2
BRDA:23,2,1,0
BRDA:50,3,0,1
BRDA:50,3,1,17
BRDA:51,4,0,1
BRDA:51,4,1,16
BRDA:52,5,0,1
BRDA:52,5,1,15
BRDA:57,6,0,1
BRDA:57,6,1,14
BRDA:87,7,0,1
BRDA:87,7,1,4
BRDA:88,8,0,1
BRDA:88,8,1,3
BRDA:96,9,0,3
BRDA:96,9,1,0
BRDA:106,10,0,0
BRDA:106,10,1,1
BRDA:120,11,0,1
BRDA:120,11,1,1
BRDA:123,12,0,0
BRDA:123,12,1,1
BRDA:134,13,0,1
BRDA:134,13,1,0
BRDA:149,14,0,1
BRDA:149,14,1,2
BRDA:157,15,0,1
BRDA:157,15,1,0
BRF:32
BRH:25
end_of_record
TN:
SF:contracts\staking\rewards\RewardCalculator.ts
FN:17,(anonymous_0)
FN:47,(anonymous_1)
FN:53,(anonymous_2)
FN:54,(anonymous_3)
FN:65,(anonymous_4)
FN:72,(anonymous_5)
FN:85,(anonymous_6)
FN:90,(anonymous_7)
FNF:8
FNH:8
FNDA:4,(anonymous_0)
FNDA:1,(anonymous_1)
FNDA:3,(anonymous_2)
FNDA:3,(anonymous_3)
FNDA:4,(anonymous_4)
FNDA:1,(anonymous_5)
FNDA:1,(anonymous_6)
FNDA:2,(anonymous_7)
DA:1,1
DA:13,1
DA:23,4
DA:24,4
DA:25,4
DA:26,4
DA:29,4
DA:30,4
DA:34,4
DA:52,1
DA:53,3
DA:55,3
DA:63,3
DA:65,4
DA:73,1
DA:74,1
DA:75,1
DA:76,1
DA:78,1
DA:90,1
DA:91,2
DA:92,2
DA:95,2
LF:23
LH:23
BRDA:30,0,0,4
BRDA:30,0,1,0
BRDA:55,1,0,3
BRDA:55,1,1,0
BRDA:76,2,0,0
BRDA:76,2,1,1
BRDA:92,3,0,2
BRDA:92,3,1,0
BRF:8
BRH:4
end_of_record
TN:
SF:contracts\timelock\TimelockController.ts
FN:13,(anonymous_0)
FN:16,(anonymous_1)
FN:17,(anonymous_2)
FN:24,(anonymous_3)
FN:28,(anonymous_4)
FN:32,(anonymous_5)
FN:36,(anonymous_6)
FN:42,(anonymous_7)
FN:46,(anonymous_8)
FN:74,(anonymous_9)
FN:95,(anonymous_10)
FN:106,(anonymous_11)
FN:110,(anonymous_12)
FN:114,(anonymous_13)
FN:119,(anonymous_14)
FN:123,(anonymous_15)
FN:128,(anonymous_16)
FNF:17
FNH:13
FNDA:6,(anonymous_0)
FNDA:6,(anonymous_1)
FNDA:6,(anonymous_2)
FNDA:6,(anonymous_3)
FNDA:2,(anonymous_4)
FNDA:1,(anonymous_5)
FNDA:1,(anonymous_6)
FNDA:0,(anonymous_7)
FNDA:6,(anonymous_8)
FNDA:2,(anonymous_9)
FNDA:1,(anonymous_10)
FNDA:6,(anonymous_11)
FNDA:3,(anonymous_12)
FNDA:0,(anonymous_13)
FNDA:0,(anonymous_14)
FNDA:0,(anonymous_15)
FNDA:1,(anonymous_16)
DA:2,1
DA:3,1
DA:5,1
DA:6,6
DA:8,6
DA:9,6
DA:10,6
DA:14,6
DA:15,6
DA:16,6
DA:17,6
DA:19,6
DA:25,6
DA:29,2
DA:33,1
DA:37,1
DA:43,0
DA:47,6
DA:49,6
DA:51,5
DA:52,5
DA:54,5
DA:55,5
DA:57,5
DA:70,5
DA:71,5
DA:75,2
DA:77,1
DA:78,1
DA:79,1
DA:81,0
DA:82,0
DA:85,0
DA:86,0
DA:90,0
DA:91,0
DA:92,0
DA:96,1
DA:98,1
DA:99,1
DA:100,1
DA:102,1
DA:103,1
DA:107,6
DA:111,3
DA:115,0
DA:116,0
DA:120,0
DA:124,0
DA:125,0
DA:129,1
DA:130,1
DA:131,0
DA:132,0
LF:54
LH:39
BRDA:25,0,0,0
BRDA:25,0,1,6
BRDA:25,1,0,6
BRDA:25,1,1,0
BRDA:29,2,0,1
BRDA:29,2,1,1
BRDA:29,3,0,2
BRDA:29,3,1,1
BRDA:33,4,0,0
BRDA:33,4,1,1
BRDA:33,5,0,1
BRDA:33,5,1,0
BRDA:37,6,0,0
BRDA:37,6,1,1
BRDA:49,7,0,1
BRDA:49,7,1,5
BRDA:52,8,0,0
BRDA:52,8,1,5
BRDA:79,9,0,1
BRDA:79,9,1,0
BRDA:81,10,0,0
BRDA:81,10,1,0
BRDA:82,11,0,0
BRDA:82,11,1,0
BRDA:85,12,0,0
BRDA:85,12,1,0
BRDA:85,13,0,0
BRDA:85,13,1,0
BRDA:85,13,2,0
BRDA:99,14,0,0
BRDA:99,14,1,1
BRDA:100,15,0,0
BRDA:100,15,1,1
BRDA:116,16,0,0
BRDA:116,16,1,0
BRDA:130,17,0,1
BRDA:130,17,1,0
BRDA:131,18,0,0
BRDA:131,18,1,0
BRDA:132,19,0,0
BRDA:132,19,1,0
BRF:41
BRH:16
end_of_record
TN:
SF:contracts\timelock\libraries\TimelockLib.ts
FN:7,(anonymous_0)
FN:15,(anonymous_1)
FN:23,(anonymous_2)
FNF:3
FNH:1
FNDA:0,(anonymous_0)
FNDA:6,(anonymous_1)
FNDA:0,(anonymous_2)
DA:1,1
DA:3,1
DA:8,0
DA:17,6
DA:24,0
LF:5
LH:3
BRDA:8,0,0,0
BRDA:8,0,1,0
BRF:2
BRH:0
end_of_record
TN:
SF:contracts\timelock\structures\QueueStructure.ts
FN:1,(anonymous_0)
FNF:1
FNH:1
FNDA:1,(anonymous_0)
DA:1,1
DA:2,1
DA:3,1
DA:4,1
DA:5,1
LF:5
LH:5
BRDA:1,0,0,1
BRDA:1,0,1,1
BRF:2
BRH:2
end_of_record
TN:
SF:contracts\zkp\ZeroKnowledgeProof.ts
FN:17,(anonymous_0)
FN:23,(anonymous_1)
FN:33,(anonymous_2)
FN:37,(anonymous_3)
FN:41,(anonymous_4)
FN:49,(anonymous_5)
FNF:6
FNH:6
FNDA:3,(anonymous_0)
FNDA:2,(anonymous_1)
FNDA:1,(anonymous_2)
FNDA:1,(anonymous_3)
FNDA:150,(anonymous_4)
FNDA:1,(anonymous_5)
DA:2,1
DA:3,1
DA:4,1
DA:12,1
DA:18,3
DA:19,3
DA:20,3
DA:24,2
DA:27,2
DA:28,2
DA:30,2
DA:34,1
DA:38,1
DA:41,1
DA:42,150
DA:43,150
DA:46,1
DA:50,1
LF:18
LH:18
BRF:0
BRH:0
end_of_record
TN:
SF:contracts\zkp\libraries\ZKPLib.ts
FN:14,(anonymous_1)
FN:24,(anonymous_2)
FN:27,(anonymous_3)
FN:41,(anonymous_4)
FN:43,(anonymous_5)
FNF:5
FNH:5
FNDA:152,(anonymous_1)
FNDA:152,(anonymous_2)
FNDA:152,(anonymous_3)
FNDA:151,(anonymous_4)
FNDA:151,(anonymous_5)
DA:1,1
DA:9,1
DA:15,152
DA:16,152
DA:17,152
DA:26,152
DA:27,152
DA:29,152
DA:43,151
DA:46,151
DA:47,0
DA:50,151
LF:12
LH:11
BRDA:46,0,0,0
BRDA:46,0,1,151
BRDA:46,1,0,151
BRDA:46,1,1,151
BRF:4
BRH:3
end_of_record
TN:
SF:contracts\zkp\privacy\PrivacyControls.ts
FN:9,(anonymous_0)
FN:14,(anonymous_1)
FN:18,(anonymous_2)
FN:22,(anonymous_3)
FN:30,(anonymous_4)
FN:38,(anonymous_5)
FNF:6
FNH:6
FNDA:3,(anonymous_0)
FNDA:1,(anonymous_1)
FNDA:1,(anonymous_2)
FNDA:2,(anonymous_3)
FNDA:152,(anonymous_4)
FNDA:2,(anonymous_5)
DA:4,1
DA:10,3
DA:11,3
DA:15,1
DA:19,1
DA:23,2
DA:31,152
DA:39,2
DA:40,1
DA:43,1
DA:44,1
LF:11
LH:11
BRDA:39,0,0,1
BRDA:39,0,1,1
BRDA:44,1,0,1
BRDA:44,1,1,0
BRF:4
BRH:3
end_of_record
TN:
SF:contracts\zkp\proofs\ProofGenerator.ts
FN:10,(anonymous_1)
FN:40,(anonymous_2)
FN:42,(anonymous_3)
FNF:3
FNH:3
FNDA:152,(anonymous_1)
FNDA:1,(anonymous_2)
FNDA:150,(anonymous_3)
DA:2,1
DA:3,1
DA:5,1
DA:12,152
DA:21,152
DA:22,152
DA:25,152
DA:27,152
DA:33,152
DA:42,150
DA:43,1
LF:11
LH:11
BRF:0
BRH:0
end_of_record
TN:
SF:contracts\zkp\verification\ProofVerifier.ts
FN:9,(anonymous_0)
FN:22,(anonymous_1)
FN:27,(anonymous_2)
FNF:3
FNH:3
FNDA:151,(anonymous_0)
FNDA:1,(anonymous_1)
FNDA:150,(anonymous_2)
DA:2,1
DA:4,1
DA:10,151
DA:11,151
DA:13,0
DA:14,0
DA:23,1
DA:24,0
DA:27,1
DA:28,150
DA:31,1
LF:11
LH:8
BRDA:23,0,0,0
BRDA:23,0,1,1
BRF:2
BRH:1
end_of_record
